Using pre-set license
Built from '2021.3/staging' branch; Version is '2021.3.33f1 (ee5a2aa03ab2) revision 15620650'; Using compiler version '192829333'; Build Type 'Release'
OS: 'Windows 10  (10.0.19045) 64bit Core' Language: 'ko' Physical Memory: 16233 MB
BatchMode: 1, IsHumanControllingUs: 0, StartBugReporterOnCrash: 0, Is64bit: 1, IsPro: 1

COMMAND LINE ARGUMENTS:
C:\Program Files\Unity\Hub\Editor\2021.3.33f1\Editor\Unity.exe
-adb2
-batchMode
-noUpm
-name
AssetImportWorker7
-projectPath
C:/Users/peace/Documents/indv_work/Level
-logFile
Logs/AssetImportWorker7.log
-srvPort
55921
Successfully changed project path to: C:/Users/peace/Documents/indv_work/Level
C:/Users/peace/Documents/indv_work/Level
[UnityMemory] Configuration Parameters - Can be set up in boot.config
    "memorysetup-bucket-allocator-granularity=16"
    "memorysetup-bucket-allocator-bucket-count=8"
    "memorysetup-bucket-allocator-block-size=33554432"
    "memorysetup-bucket-allocator-block-count=8"
    "memorysetup-main-allocator-block-size=16777216"
    "memorysetup-thread-allocator-block-size=16777216"
    "memorysetup-gfx-main-allocator-block-size=16777216"
    "memorysetup-gfx-thread-allocator-block-size=16777216"
    "memorysetup-cache-allocator-block-size=4194304"
    "memorysetup-typetree-allocator-block-size=2097152"
    "memorysetup-profiler-bucket-allocator-granularity=16"
    "memorysetup-profiler-bucket-allocator-bucket-count=8"
    "memorysetup-profiler-bucket-allocator-block-size=33554432"
    "memorysetup-profiler-bucket-allocator-block-count=8"
    "memorysetup-profiler-allocator-block-size=16777216"
    "memorysetup-profiler-editor-allocator-block-size=1048576"
    "memorysetup-temp-allocator-size-main=16777216"
    "memorysetup-job-temp-allocator-block-size=2097152"
    "memorysetup-job-temp-allocator-block-size-background=1048576"
    "memorysetup-job-temp-allocator-reduction-small-platforms=262144"
    "memorysetup-temp-allocator-size-background-worker=32768"
    "memorysetup-temp-allocator-size-job-worker=262144"
    "memorysetup-temp-allocator-size-preload-manager=33554432"
    "memorysetup-temp-allocator-size-nav-mesh-worker=65536"
    "memorysetup-temp-allocator-size-audio-worker=65536"
    "memorysetup-temp-allocator-size-cloud-worker=32768"
    "memorysetup-temp-allocator-size-gi-baking-worker=262144"
    "memorysetup-temp-allocator-size-gfx=262144"
Player connection [9808] Host "[IP] 192.168.180.225 [Port] 0 [Flags] 2 [Guid] 438319522 [EditorId] 438319522 [Version] 1048832 [Id] WindowsEditor(7,DESKTOP-2BF80HA) [Debug] 1 [PackageName] WindowsEditor [ProjectName] Editor" joined multi-casting on [225.0.0.222:54997]...

Player connection [9808] Host "[IP] 192.168.180.225 [Port] 0 [Flags] 2 [Guid] 438319522 [EditorId] 438319522 [Version] 1048832 [Id] WindowsEditor(7,DESKTOP-2BF80HA) [Debug] 1 [PackageName] WindowsEditor [ProjectName] Editor" joined alternative multi-casting on [225.0.0.222:34997]...

[Physics::Module] Initialized MultithreadedJobDispatcher with {0} workers.
Refreshing native plugins compatible for Editor in 177.83 ms, found 5 plugins.
Preloading 0 native plugins for Editor in 0.00 ms.
Initialize engine version: 2021.3.33f1 (ee5a2aa03ab2)
[Subsystems] Discovering subsystems at path C:/Program Files/Unity/Hub/Editor/2021.3.33f1/Editor/Data/Resources/UnitySubsystems
[Subsystems] Discovering subsystems at path C:/Users/peace/Documents/indv_work/Level/Assets
GfxDevice: creating device client; threaded=0; jobified=0
Direct3D:
    Version:  Direct3D 11.0 [level 11.1]
    Renderer: NVIDIA GeForce GTX 1660 Ti (ID=0x2191)
    Vendor:   NVIDIA
    VRAM:     5991 MB
    Driver:   30.0.15.1278
Initialize mono
Mono path[0] = 'C:/Program Files/Unity/Hub/Editor/2021.3.33f1/Editor/Data/Managed'
Mono path[1] = 'C:/Program Files/Unity/Hub/Editor/2021.3.33f1/Editor/Data/MonoBleedingEdge/lib/mono/unityjit-win32'
Mono config path = 'C:/Program Files/Unity/Hub/Editor/2021.3.33f1/Editor/Data/MonoBleedingEdge/etc'
Using monoOptions --debugger-agent=transport=dt_socket,embedding=1,server=y,suspend=n,address=127.0.0.1:56584
Begin MonoManager ReloadAssembly
Registering precompiled unity dll's ...
Register platform support module: C:/Program Files/Unity/Hub/Editor/2021.3.33f1/Editor/Data/PlaybackEngines/AndroidPlayer/UnityEditor.Android.Extensions.dll
Register platform support module: C:/Program Files/Unity/Hub/Editor/2021.3.33f1/Editor/Data/PlaybackEngines/WindowsStandaloneSupport/UnityEditor.WindowsStandalone.Extensions.dll
Registered in 0.008281 seconds.
Native extension for WindowsStandalone target not found
Native extension for Android target not found
Android Extension - Scanning For ADB Devices 287 ms
Refreshing native plugins compatible for Editor in 189.01 ms, found 5 plugins.
Preloading 0 native plugins for Editor in 0.00 ms.
Mono: successfully reloaded assembly
- Completed reload, in  1.109 seconds
Domain Reload Profiling:
	ReloadAssembly (1109ms)
		BeginReloadAssembly (99ms)
			ExecutionOrderSort (0ms)
			DisableScriptedObjects (0ms)
			BackupInstance (0ms)
			ReleaseScriptingObjects (0ms)
			CreateAndSetChildDomain (1ms)
		EndReloadAssembly (911ms)
			LoadAssemblies (97ms)
			RebuildTransferFunctionScriptingTraits (0ms)
			SetupTypeCache (114ms)
			ReleaseScriptCaches (0ms)
			RebuildScriptCaches (28ms)
			SetupLoadedEditorAssemblies (725ms)
				LogAssemblyErrors (0ms)
				InitializePlatformSupportModulesInManaged (387ms)
				SetLoadedEditorAssemblies (0ms)
				RefreshPlugins (189ms)
				BeforeProcessingInitializeOnLoad (1ms)
				ProcessInitializeOnLoadAttributes (101ms)
				ProcessInitializeOnLoadMethodAttributes (46ms)
				AfterProcessingInitializeOnLoad (0ms)
				EditorAssembliesLoaded (0ms)
			ExecutionOrderSort2 (0ms)
			AwakeInstancesAfterBackupRestoration (0ms)
Platform modules already initialized, skipping
Registering precompiled user dll's ...
Registered in 0.007395 seconds.
Begin MonoManager ReloadAssembly
Native extension for WindowsStandalone target not found
Native extension for Android target not found
Refreshing native plugins compatible for Editor in 171.31 ms, found 5 plugins.
Preloading 0 native plugins for Editor in 0.00 ms.
Package Manager log level set to [2]
[Package Manager] Server::EnsureServerProcessIsRunning -- launch failed, reason: Unity was launched with the -noUpm command-line argument
[Package Manager] Cannot connect to Unity Package Manager local server
Mono: successfully reloaded assembly
- Completed reload, in  1.736 seconds
Domain Reload Profiling:
	ReloadAssembly (1736ms)
		BeginReloadAssembly (129ms)
			ExecutionOrderSort (0ms)
			DisableScriptedObjects (6ms)
			BackupInstance (0ms)
			ReleaseScriptingObjects (0ms)
			CreateAndSetChildDomain (19ms)
		EndReloadAssembly (1497ms)
			LoadAssemblies (107ms)
			RebuildTransferFunctionScriptingTraits (0ms)
			SetupTypeCache (312ms)
			ReleaseScriptCaches (1ms)
			RebuildScriptCaches (58ms)
			SetupLoadedEditorAssemblies (999ms)
				LogAssemblyErrors (0ms)
				InitializePlatformSupportModulesInManaged (19ms)
				SetLoadedEditorAssemblies (0ms)
				RefreshPlugins (171ms)
				BeforeProcessingInitializeOnLoad (111ms)
				ProcessInitializeOnLoadAttributes (617ms)
				ProcessInitializeOnLoadMethodAttributes (73ms)
				AfterProcessingInitializeOnLoad (7ms)
				EditorAssembliesLoaded (0ms)
			ExecutionOrderSort2 (0ms)
			AwakeInstancesAfterBackupRestoration (6ms)
Platform modules already initialized, skipping
========================================================================
Worker process is ready to serve import requests
Launched and connected shader compiler UnityShaderCompiler.exe after 0.04 seconds
Refreshing native plugins compatible for Editor in 1.97 ms, found 5 plugins.
Preloading 0 native plugins for Editor in 0.00 ms.
Unloading 5012 Unused Serialized files (Serialized files now loaded: 0)
Unloading 36 unused Assets / (0.7 MB). Loaded Objects now: 5464.
Memory consumption went from 213.8 MB to 213.0 MB.
Total: 3.721900 ms (FindLiveObjects: 0.387400 ms CreateObjectMapping: 0.300800 ms MarkObjects: 2.707600 ms  DeleteObjects: 0.325200 ms)

AssetImportParameters requested are different than current active one (requested -> active):
  custom:video-decoder-ogg-theora: a1e56fd34408186e4bbccfd4996cb3dc -> 
  custom:container-muxer-webm: aa71ff27fc2769a1b78a27578f13a17b -> 
  custom:container-demuxer-webm: 4f35f7cbe854078d1ac9338744f61a02 -> 
  custom:video-encoder-webm-vp8: eb34c28f22e8b96e1ab97ce403110664 -> 
  custom:CustomObjectIndexerAttribute: 6b0e35c9178b02a6363f3721b7b8e397 -> 
  custom:audio-encoder-webm-vorbis: bf7c407c2cedff20999df2af8eb42d56 -> 
  custom:framework-win-MediaFoundation: 216162199b28c13a410421893ffa2e32 -> 
  custom:SearchIndexIgnoredProperties: e643bd26f0fe6173181afceb89e7c659 -> 
  custom:container-demuxer-ogg: 62fdf1f143b41e24485cea50d1cbac27 -> 
  custom:video-decoder-webm-vp8: 9c59270c3fd7afecdb556c50c9e8de78 -> 
  custom:audio-decoder-ogg-vorbis: bf7c407c2cedff20999df2af8eb42d56 -> 
========================================================================
Received Import Request.
  Time since last request: 91543.718587 seconds.
  path: Assets/polyperfect/Low Poly Ultimate Pack/T/- Prefabs_T/Tiles_T/Bridges_T/bridge-mainroad-ramp.prefab
  artifactKey: Guid(33cec8008ac666e428193cf9fd628b1b) Importer(815301076,1909f56bfc062723c751e8b465ee728b)
Number of updated assets reloaded before import = 0
Start importing Assets/polyperfect/Low Poly Ultimate Pack/T/- Prefabs_T/Tiles_T/Bridges_T/bridge-mainroad-ramp.prefab using Guid(33cec8008ac666e428193cf9fd628b1b) Importer(815301076,1909f56bfc062723c751e8b465ee728b)  -> (artifact id: 'be13a3917e516c67ea3df1be22760c69') in 0.486188 seconds 
Number of asset objects unloaded after import = 23
========================================================================
Received Import Request.
  Time since last request: 2.658484 seconds.
  path: Assets/polyperfect/Low Poly Ultimate Pack/T/- Prefabs_T/Tiles_T/Race_T/tile-race-track-cliff-entrance.prefab
  artifactKey: Guid(bd3e159606a5742409582d2da51e1444) Importer(815301076,1909f56bfc062723c751e8b465ee728b)
Number of updated assets reloaded before import = 0
Start importing Assets/polyperfect/Low Poly Ultimate Pack/T/- Prefabs_T/Tiles_T/Race_T/tile-race-track-cliff-entrance.prefab using Guid(bd3e159606a5742409582d2da51e1444) Importer(815301076,1909f56bfc062723c751e8b465ee728b)  -> (artifact id: 'e6e756fef27043b86321950128e88981') in 0.027136 seconds 
Number of asset objects unloaded after import = 13
========================================================================
Received Import Request.
  Time since last request: 0.000049 seconds.
  path: Assets/polyperfect/Low Poly Ultimate Pack/T/- Prefabs_T/Tiles_T/Race_T/tile-race-track-hill.prefab
  artifactKey: Guid(3869d6cce57f0ec44a8d2bf85dca6cc7) Importer(815301076,1909f56bfc062723c751e8b465ee728b)
Number of updated assets reloaded before import = 0
Start importing Assets/polyperfect/Low Poly Ultimate Pack/T/- Prefabs_T/Tiles_T/Race_T/tile-race-track-hill.prefab using Guid(3869d6cce57f0ec44a8d2bf85dca6cc7) Importer(815301076,1909f56bfc062723c751e8b465ee728b)  -> (artifact id: '2ec41aa858a057edfbe0f0daab3c8896') in 0.035248 seconds 
Number of asset objects unloaded after import = 13
========================================================================
Received Import Request.
  Time since last request: 0.000040 seconds.
  path: Assets/polyperfect/Low Poly Ultimate Pack/T/- Prefabs_T/Tiles_T/Race_T/tile-race-track-straight-curbs.prefab
  artifactKey: Guid(e9b8fae8bc4b30c488eeb2ab5e176572) Importer(815301076,1909f56bfc062723c751e8b465ee728b)
Number of updated assets reloaded before import = 0
Start importing Assets/polyperfect/Low Poly Ultimate Pack/T/- Prefabs_T/Tiles_T/Race_T/tile-race-track-straight-curbs.prefab using Guid(e9b8fae8bc4b30c488eeb2ab5e176572) Importer(815301076,1909f56bfc062723c751e8b465ee728b)  -> (artifact id: 'bb7bd96a2c9d25cb60ef867497952437') in 0.041069 seconds 
Number of asset objects unloaded after import = 12
========================================================================
Received Import Request.
  Time since last request: 0.000074 seconds.
  path: Assets/polyperfect/Low Poly Ultimate Pack/T/- Prefabs_T/Tiles_T/Race_T/tile-race-track-start-line.prefab
  artifactKey: Guid(aa8ba515005cf16458711af27fcd2154) Importer(815301076,1909f56bfc062723c751e8b465ee728b)
Number of updated assets reloaded before import = 0
Start importing Assets/polyperfect/Low Poly Ultimate Pack/T/- Prefabs_T/Tiles_T/Race_T/tile-race-track-start-line.prefab using Guid(aa8ba515005cf16458711af27fcd2154) Importer(815301076,1909f56bfc062723c751e8b465ee728b)  -> (artifact id: 'b1444fd1656a243fa7549aa782bba16b') in 0.037081 seconds 
Number of asset objects unloaded after import = 12
========================================================================
Received Import Request.
  Time since last request: 0.000071 seconds.
  path: Assets/polyperfect/Low Poly Ultimate Pack/T/- Prefabs_T/Tiles_T/Race_T/tile-race-track-straight-curbs-sand.prefab
  artifactKey: Guid(13816da7e88882a4d85e4fbb762f759b) Importer(815301076,1909f56bfc062723c751e8b465ee728b)
Number of updated assets reloaded before import = 0
Start importing Assets/polyperfect/Low Poly Ultimate Pack/T/- Prefabs_T/Tiles_T/Race_T/tile-race-track-straight-curbs-sand.prefab using Guid(13816da7e88882a4d85e4fbb762f759b) Importer(815301076,1909f56bfc062723c751e8b465ee728b)  -> (artifact id: '0fa679c687e6bbedb6b4afffe58b79cf') in 0.038418 seconds 
Number of asset objects unloaded after import = 12
========================================================================
Received Import Request.
  Time since last request: 0.851073 seconds.
  path: Assets/polyperfect/Low Poly Ultimate Pack/T/- Prefabs_T/Tiles_T/Rails_T/tile-rail-curve.prefab
  artifactKey: Guid(4616ba84e821a4e23b67b53fc0dcd0ae) Importer(815301076,1909f56bfc062723c751e8b465ee728b)
Number of updated assets reloaded before import = 0
Start importing Assets/polyperfect/Low Poly Ultimate Pack/T/- Prefabs_T/Tiles_T/Rails_T/tile-rail-curve.prefab using Guid(4616ba84e821a4e23b67b53fc0dcd0ae) Importer(815301076,1909f56bfc062723c751e8b465ee728b)  -> (artifact id: '2e5161b14256834c17197c37e112edc3') in 0.027175 seconds 
Number of asset objects unloaded after import = 13
========================================================================
Received Import Request.
  Time since last request: 0.000072 seconds.
  path: Assets/polyperfect/Low Poly Ultimate Pack/T/- Prefabs_T/Tiles_T/Rails_T/tile-rail-intersection.prefab
  artifactKey: Guid(9703a051c19d548f980e1aeaad85361a) Importer(815301076,1909f56bfc062723c751e8b465ee728b)
Number of updated assets reloaded before import = 0
Start importing Assets/polyperfect/Low Poly Ultimate Pack/T/- Prefabs_T/Tiles_T/Rails_T/tile-rail-intersection.prefab using Guid(9703a051c19d548f980e1aeaad85361a) Importer(815301076,1909f56bfc062723c751e8b465ee728b)  -> (artifact id: '64f35e050799bf40af87b0ea1e2a946b') in 0.039543 seconds 
Number of asset objects unloaded after import = 13
========================================================================
Received Import Request.
  Time since last request: 0.000071 seconds.
  path: Assets/polyperfect/Low Poly Ultimate Pack/T/- Prefabs_T/Tiles_T/Rails_T/tile-rail-y.prefab
  artifactKey: Guid(78631a1700d530240a3dd0084b4bd5cd) Importer(815301076,1909f56bfc062723c751e8b465ee728b)
Number of updated assets reloaded before import = 0
Start importing Assets/polyperfect/Low Poly Ultimate Pack/T/- Prefabs_T/Tiles_T/Rails_T/tile-rail-y.prefab using Guid(78631a1700d530240a3dd0084b4bd5cd) Importer(815301076,1909f56bfc062723c751e8b465ee728b)  -> (artifact id: '9d4904db0f4c55eee764e221d8b8ea61') in 0.045389 seconds 
Number of asset objects unloaded after import = 13
========================================================================
Received Import Request.
  Time since last request: 0.000035 seconds.
  path: Assets/polyperfect/Low Poly Ultimate Pack/T/- Prefabs_T/Tiles_T/Rails_T/tile-rail-straight.prefab
  artifactKey: Guid(bc104868401de4486a279e20c6b863ac) Importer(815301076,1909f56bfc062723c751e8b465ee728b)
Number of updated assets reloaded before import = 0
Start importing Assets/polyperfect/Low Poly Ultimate Pack/T/- Prefabs_T/Tiles_T/Rails_T/tile-rail-straight.prefab using Guid(bc104868401de4486a279e20c6b863ac) Importer(815301076,1909f56bfc062723c751e8b465ee728b)  -> (artifact id: '3015aace072c087a708e335820e399a5') in 0.032824 seconds 
Number of asset objects unloaded after import = 13
========================================================================
Received Import Request.
  Time since last request: 0.604209 seconds.
  path: Assets/polyperfect/Low Poly Ultimate Pack/T/- Prefabs_T/Tiles_T/Roads_T/tile-mainroad-intersection-t.prefab
  artifactKey: Guid(79083873821eea9468fa981568eee21b) Importer(815301076,1909f56bfc062723c751e8b465ee728b)
Number of updated assets reloaded before import = 0
Start importing Assets/polyperfect/Low Poly Ultimate Pack/T/- Prefabs_T/Tiles_T/Roads_T/tile-mainroad-intersection-t.prefab using Guid(79083873821eea9468fa981568eee21b) Importer(815301076,1909f56bfc062723c751e8b465ee728b)  -> (artifact id: '7ffca45d2d0b1de2752189b80bc7fa6e') in 0.028001 seconds 
Number of asset objects unloaded after import = 13
========================================================================
Received Import Request.
  Time since last request: 0.000043 seconds.
  path: Assets/polyperfect/Low Poly Ultimate Pack/T/- Prefabs_T/Tiles_T/Roads_T/tile-road-intersection.prefab
  artifactKey: Guid(7d8fcddf8b3844234a263398acff6de8) Importer(815301076,1909f56bfc062723c751e8b465ee728b)
Number of updated assets reloaded before import = 0
Start importing Assets/polyperfect/Low Poly Ultimate Pack/T/- Prefabs_T/Tiles_T/Roads_T/tile-road-intersection.prefab using Guid(7d8fcddf8b3844234a263398acff6de8) Importer(815301076,1909f56bfc062723c751e8b465ee728b)  -> (artifact id: 'd06e73b4a77ea898513b2458e95e4cef') in 0.034195 seconds 
Number of asset objects unloaded after import = 13
========================================================================
Received Import Request.
  Time since last request: 0.000035 seconds.
  path: Assets/polyperfect/Low Poly Ultimate Pack/T/- Prefabs_T/Tiles_T/Roads_T/tile-road-mainroad-intersection.prefab
  artifactKey: Guid(175bcd8413dc44d0292008b9d8c431a3) Importer(815301076,1909f56bfc062723c751e8b465ee728b)
Number of updated assets reloaded before import = 0
Start importing Assets/polyperfect/Low Poly Ultimate Pack/T/- Prefabs_T/Tiles_T/Roads_T/tile-road-mainroad-intersection.prefab using Guid(175bcd8413dc44d0292008b9d8c431a3) Importer(815301076,1909f56bfc062723c751e8b465ee728b)  -> (artifact id: '4ccce0b370b08eb3f3f261ff8fbb52d1') in 0.032115 seconds 
Number of asset objects unloaded after import = 13
========================================================================
Received Import Request.
  Time since last request: 0.000026 seconds.
  path: Assets/polyperfect/Low Poly Ultimate Pack/T/- Prefabs_T/Tiles_T/Roads_T/tile-roads-mainroad-intersection.prefab
  artifactKey: Guid(be440c1aa227d1648bad55bcc2bb149d) Importer(815301076,1909f56bfc062723c751e8b465ee728b)
Number of updated assets reloaded before import = 0
Start importing Assets/polyperfect/Low Poly Ultimate Pack/T/- Prefabs_T/Tiles_T/Roads_T/tile-roads-mainroad-intersection.prefab using Guid(be440c1aa227d1648bad55bcc2bb149d) Importer(815301076,1909f56bfc062723c751e8b465ee728b)  -> (artifact id: 'b854317e8c32ca24e83edaf6e08bfdac') in 0.037004 seconds 
Number of asset objects unloaded after import = 13
========================================================================
Received Import Request.
  Time since last request: 0.000107 seconds.
  path: Assets/polyperfect/Low Poly Ultimate Pack/T/- Prefabs_T/Tiles_T/Roads_T/tile-mainroad-straight-crosswalk.prefab
  artifactKey: Guid(5fdccc78e3d92e34588ccd5cab804915) Importer(815301076,1909f56bfc062723c751e8b465ee728b)
Number of updated assets reloaded before import = 0
Start importing Assets/polyperfect/Low Poly Ultimate Pack/T/- Prefabs_T/Tiles_T/Roads_T/tile-mainroad-straight-crosswalk.prefab using Guid(5fdccc78e3d92e34588ccd5cab804915) Importer(815301076,1909f56bfc062723c751e8b465ee728b)  -> (artifact id: 'f8bffd4157e2ab7eb677bce8109a34c0') in 0.037782 seconds 
Number of asset objects unloaded after import = 13
========================================================================
Received Import Request.
  Time since last request: 0.000048 seconds.
  path: Assets/polyperfect/Low Poly Ultimate Pack/T/- Prefabs_T/Tiles_T/Roads_T/tile-road-hill.prefab
  artifactKey: Guid(42286f2a9e1c04ff3894928ccc9edd90) Importer(815301076,1909f56bfc062723c751e8b465ee728b)
Number of updated assets reloaded before import = 0
Start importing Assets/polyperfect/Low Poly Ultimate Pack/T/- Prefabs_T/Tiles_T/Roads_T/tile-road-hill.prefab using Guid(42286f2a9e1c04ff3894928ccc9edd90) Importer(815301076,1909f56bfc062723c751e8b465ee728b)  -> (artifact id: '2c1c7814a9523c4c3091b8d0bb62ad39') in 0.037139 seconds 
Number of asset objects unloaded after import = 13
========================================================================
Received Import Request.
  Time since last request: 0.000136 seconds.
  path: Assets/polyperfect/Low Poly Ultimate Pack/T/- Prefabs_T/Tiles_T/Roads_T/tile-mainroad-intersection.prefab
  artifactKey: Guid(cb83295557e044daab2ba7069b78f880) Importer(815301076,1909f56bfc062723c751e8b465ee728b)
Number of updated assets reloaded before import = 0
Start importing Assets/polyperfect/Low Poly Ultimate Pack/T/- Prefabs_T/Tiles_T/Roads_T/tile-mainroad-intersection.prefab using Guid(cb83295557e044daab2ba7069b78f880) Importer(815301076,1909f56bfc062723c751e8b465ee728b)  -> (artifact id: 'b3c8961668830bc8329a66b30f75b6cd') in 0.030477 seconds 
Number of asset objects unloaded after import = 13
========================================================================
Received Import Request.
  Time since last request: 3.112548 seconds.
  path: Assets/polyperfect/Low Poly Ultimate Pack/T/- Prefabs_T/Tiles_T/Runway_T/tile-runway-main-straight.prefab
  artifactKey: Guid(d7f0c25656df3104e9d19ff1b78f2e64) Importer(815301076,1909f56bfc062723c751e8b465ee728b)
Number of updated assets reloaded before import = 0
Start importing Assets/polyperfect/Low Poly Ultimate Pack/T/- Prefabs_T/Tiles_T/Runway_T/tile-runway-main-straight.prefab using Guid(d7f0c25656df3104e9d19ff1b78f2e64) Importer(815301076,1909f56bfc062723c751e8b465ee728b)  -> (artifact id: '7d4246cfb628c06ab5322bd2f96c2155') in 0.021929 seconds 
Number of asset objects unloaded after import = 13
========================================================================
Received Import Request.
  Time since last request: 0.000027 seconds.
  path: Assets/polyperfect/Low Poly Ultimate Pack/T/- Prefabs_T/Tiles_T/Runway_T/tile-runway-main-threshold.prefab
  artifactKey: Guid(99eb866c75efd8240878bf0f668b202c) Importer(815301076,1909f56bfc062723c751e8b465ee728b)
Number of updated assets reloaded before import = 0
Start importing Assets/polyperfect/Low Poly Ultimate Pack/T/- Prefabs_T/Tiles_T/Runway_T/tile-runway-main-threshold.prefab using Guid(99eb866c75efd8240878bf0f668b202c) Importer(815301076,1909f56bfc062723c751e8b465ee728b)  -> (artifact id: 'd68cae9fea3e637214c51e4a5029a9ce') in 0.041263 seconds 
Number of asset objects unloaded after import = 13
========================================================================
Received Import Request.
  Time since last request: 5.523436 seconds.
  path: Assets/polyperfect/Low Poly Ultimate Pack/T/- Prefabs_T/Tiles_T/Tunnels_T/tile-mainroad-tunnel.prefab
  artifactKey: Guid(efc78c305f18e4fb09b75f4588112af6) Importer(815301076,1909f56bfc062723c751e8b465ee728b)
Number of updated assets reloaded before import = 0
Start importing Assets/polyperfect/Low Poly Ultimate Pack/T/- Prefabs_T/Tiles_T/Tunnels_T/tile-mainroad-tunnel.prefab using Guid(efc78c305f18e4fb09b75f4588112af6) Importer(815301076,1909f56bfc062723c751e8b465ee728b)  -> (artifact id: '654a1fb2022a1de3b2922587a2496c3c') in 0.027141 seconds 
Number of asset objects unloaded after import = 13
========================================================================
Received Import Request.
  Time since last request: 0.000027 seconds.
  path: Assets/polyperfect/Low Poly Ultimate Pack/T/- Prefabs_T/Tiles_T/Tunnels_T/tile-rail-tunnel-curve-double.prefab
  artifactKey: Guid(de7be488ba625b94ca03ee87c7de7c81) Importer(815301076,1909f56bfc062723c751e8b465ee728b)
Number of updated assets reloaded before import = 0
Start importing Assets/polyperfect/Low Poly Ultimate Pack/T/- Prefabs_T/Tiles_T/Tunnels_T/tile-rail-tunnel-curve-double.prefab using Guid(de7be488ba625b94ca03ee87c7de7c81) Importer(815301076,1909f56bfc062723c751e8b465ee728b)  -> (artifact id: '5265a4992bc0d72cc83dc84e6b1d8171') in 0.044800 seconds 
Number of asset objects unloaded after import = 13
========================================================================
Received Import Request.
  Time since last request: 0.000039 seconds.
  path: Assets/polyperfect/Low Poly Ultimate Pack/T/- Prefabs_T/Tiles_T/Tunnels_T/tile-rail-tunnel-curve.prefab
  artifactKey: Guid(346ff382a5d875a4cb1fcf3248094f6a) Importer(815301076,1909f56bfc062723c751e8b465ee728b)
Number of updated assets reloaded before import = 0
Start importing Assets/polyperfect/Low Poly Ultimate Pack/T/- Prefabs_T/Tiles_T/Tunnels_T/tile-rail-tunnel-curve.prefab using Guid(346ff382a5d875a4cb1fcf3248094f6a) Importer(815301076,1909f56bfc062723c751e8b465ee728b)  -> (artifact id: 'e5084a67ea320ee5ce8af39a961c2935') in 0.038763 seconds 
Number of asset objects unloaded after import = 13
Editor requested this worker to shutdown with reason: Scaling down because of idle timeout
AssetImportWorker is now disconnected from the server
Process exiting
Exiting without the bug reporter. Application will terminate with return code 0