Using pre-set license
Built from '2021.3/staging' branch; Version is '2021.3.33f1 (ee5a2aa03ab2) revision 15620650'; Using compiler version '192829333'; Build Type 'Release'
OS: 'Windows 10  (10.0.19045) 64bit Core' Language: 'ko' Physical Memory: 16233 MB
BatchMode: 1, IsHumanControllingUs: 0, StartBugReporterOnCrash: 0, Is64bit: 1, IsPro: 1

COMMAND LINE ARGUMENTS:
C:\Program Files\Unity\Hub\Editor\2021.3.33f1\Editor\Unity.exe
-adb2
-batchMode
-noUpm
-name
AssetImportWorker10
-projectPath
C:/Users/peace/Documents/indv_work/Level
-logFile
Logs/AssetImportWorker10.log
-srvPort
55921
Successfully changed project path to: C:/Users/peace/Documents/indv_work/Level
C:/Users/peace/Documents/indv_work/Level
[UnityMemory] Configuration Parameters - Can be set up in boot.config
    "memorysetup-bucket-allocator-granularity=16"
    "memorysetup-bucket-allocator-bucket-count=8"
    "memorysetup-bucket-allocator-block-size=33554432"
    "memorysetup-bucket-allocator-block-count=8"
    "memorysetup-main-allocator-block-size=16777216"
    "memorysetup-thread-allocator-block-size=16777216"
    "memorysetup-gfx-main-allocator-block-size=16777216"
    "memorysetup-gfx-thread-allocator-block-size=16777216"
    "memorysetup-cache-allocator-block-size=4194304"
    "memorysetup-typetree-allocator-block-size=2097152"
    "memorysetup-profiler-bucket-allocator-granularity=16"
    "memorysetup-profiler-bucket-allocator-bucket-count=8"
    "memorysetup-profiler-bucket-allocator-block-size=33554432"
    "memorysetup-profiler-bucket-allocator-block-count=8"
    "memorysetup-profiler-allocator-block-size=16777216"
    "memorysetup-profiler-editor-allocator-block-size=1048576"
    "memorysetup-temp-allocator-size-main=16777216"
    "memorysetup-job-temp-allocator-block-size=2097152"
    "memorysetup-job-temp-allocator-block-size-background=1048576"
    "memorysetup-job-temp-allocator-reduction-small-platforms=262144"
    "memorysetup-temp-allocator-size-background-worker=32768"
    "memorysetup-temp-allocator-size-job-worker=262144"
    "memorysetup-temp-allocator-size-preload-manager=33554432"
    "memorysetup-temp-allocator-size-nav-mesh-worker=65536"
    "memorysetup-temp-allocator-size-audio-worker=65536"
    "memorysetup-temp-allocator-size-cloud-worker=32768"
    "memorysetup-temp-allocator-size-gi-baking-worker=262144"
    "memorysetup-temp-allocator-size-gfx=262144"
Player connection [8448] Host "[IP] 192.168.180.225 [Port] 0 [Flags] 2 [Guid] 1153497044 [EditorId] 1153497044 [Version] 1048832 [Id] WindowsEditor(7,DESKTOP-2BF80HA) [Debug] 1 [PackageName] WindowsEditor [ProjectName] Editor" joined multi-casting on [225.0.0.222:54997]...

Player connection [8448] Host "[IP] 192.168.180.225 [Port] 0 [Flags] 2 [Guid] 1153497044 [EditorId] 1153497044 [Version] 1048832 [Id] WindowsEditor(7,DESKTOP-2BF80HA) [Debug] 1 [PackageName] WindowsEditor [ProjectName] Editor" joined alternative multi-casting on [225.0.0.222:34997]...

[Physics::Module] Initialized MultithreadedJobDispatcher with {0} workers.
Refreshing native plugins compatible for Editor in 175.11 ms, found 5 plugins.
Preloading 0 native plugins for Editor in 0.00 ms.
Initialize engine version: 2021.3.33f1 (ee5a2aa03ab2)
[Subsystems] Discovering subsystems at path C:/Program Files/Unity/Hub/Editor/2021.3.33f1/Editor/Data/Resources/UnitySubsystems
[Subsystems] Discovering subsystems at path C:/Users/peace/Documents/indv_work/Level/Assets
GfxDevice: creating device client; threaded=0; jobified=0
Direct3D:
    Version:  Direct3D 11.0 [level 11.1]
    Renderer: NVIDIA GeForce GTX 1660 Ti (ID=0x2191)
    Vendor:   NVIDIA
    VRAM:     5991 MB
    Driver:   30.0.15.1278
Initialize mono
Mono path[0] = 'C:/Program Files/Unity/Hub/Editor/2021.3.33f1/Editor/Data/Managed'
Mono path[1] = 'C:/Program Files/Unity/Hub/Editor/2021.3.33f1/Editor/Data/MonoBleedingEdge/lib/mono/unityjit-win32'
Mono config path = 'C:/Program Files/Unity/Hub/Editor/2021.3.33f1/Editor/Data/MonoBleedingEdge/etc'
Using monoOptions --debugger-agent=transport=dt_socket,embedding=1,server=y,suspend=n,address=127.0.0.1:56528
Begin MonoManager ReloadAssembly
Registering precompiled unity dll's ...
Register platform support module: C:/Program Files/Unity/Hub/Editor/2021.3.33f1/Editor/Data/PlaybackEngines/AndroidPlayer/UnityEditor.Android.Extensions.dll
Register platform support module: C:/Program Files/Unity/Hub/Editor/2021.3.33f1/Editor/Data/PlaybackEngines/WindowsStandaloneSupport/UnityEditor.WindowsStandalone.Extensions.dll
Registered in 0.007403 seconds.
Native extension for WindowsStandalone target not found
Native extension for Android target not found
Android Extension - Scanning For ADB Devices 243 ms
Refreshing native plugins compatible for Editor in 175.70 ms, found 5 plugins.
Preloading 0 native plugins for Editor in 0.00 ms.
Mono: successfully reloaded assembly
- Completed reload, in  1.037 seconds
Domain Reload Profiling:
	ReloadAssembly (1038ms)
		BeginReloadAssembly (99ms)
			ExecutionOrderSort (0ms)
			DisableScriptedObjects (0ms)
			BackupInstance (0ms)
			ReleaseScriptingObjects (0ms)
			CreateAndSetChildDomain (1ms)
		EndReloadAssembly (831ms)
			LoadAssemblies (97ms)
			RebuildTransferFunctionScriptingTraits (0ms)
			SetupTypeCache (108ms)
			ReleaseScriptCaches (0ms)
			RebuildScriptCaches (28ms)
			SetupLoadedEditorAssemblies (653ms)
				LogAssemblyErrors (0ms)
				InitializePlatformSupportModulesInManaged (332ms)
				SetLoadedEditorAssemblies (0ms)
				RefreshPlugins (176ms)
				BeforeProcessingInitializeOnLoad (1ms)
				ProcessInitializeOnLoadAttributes (100ms)
				ProcessInitializeOnLoadMethodAttributes (43ms)
				AfterProcessingInitializeOnLoad (0ms)
				EditorAssembliesLoaded (0ms)
			ExecutionOrderSort2 (0ms)
			AwakeInstancesAfterBackupRestoration (0ms)
Platform modules already initialized, skipping
Registering precompiled user dll's ...
Registered in 0.007586 seconds.
Begin MonoManager ReloadAssembly
Native extension for WindowsStandalone target not found
Native extension for Android target not found
Refreshing native plugins compatible for Editor in 170.43 ms, found 5 plugins.
Preloading 0 native plugins for Editor in 0.00 ms.
Package Manager log level set to [2]
[Package Manager] Server::EnsureServerProcessIsRunning -- launch failed, reason: Unity was launched with the -noUpm command-line argument
[Package Manager] Cannot connect to Unity Package Manager local server
Mono: successfully reloaded assembly
- Completed reload, in  1.761 seconds
Domain Reload Profiling:
	ReloadAssembly (1761ms)
		BeginReloadAssembly (130ms)
			ExecutionOrderSort (0ms)
			DisableScriptedObjects (6ms)
			BackupInstance (0ms)
			ReleaseScriptingObjects (0ms)
			CreateAndSetChildDomain (20ms)
		EndReloadAssembly (1502ms)
			LoadAssemblies (119ms)
			RebuildTransferFunctionScriptingTraits (0ms)
			SetupTypeCache (312ms)
			ReleaseScriptCaches (1ms)
			RebuildScriptCaches (63ms)
			SetupLoadedEditorAssemblies (991ms)
				LogAssemblyErrors (0ms)
				InitializePlatformSupportModulesInManaged (20ms)
				SetLoadedEditorAssemblies (0ms)
				RefreshPlugins (170ms)
				BeforeProcessingInitializeOnLoad (111ms)
				ProcessInitializeOnLoadAttributes (606ms)
				ProcessInitializeOnLoadMethodAttributes (76ms)
				AfterProcessingInitializeOnLoad (7ms)
				EditorAssembliesLoaded (0ms)
			ExecutionOrderSort2 (0ms)
			AwakeInstancesAfterBackupRestoration (6ms)
Platform modules already initialized, skipping
========================================================================
Worker process is ready to serve import requests
Launched and connected shader compiler UnityShaderCompiler.exe after 0.05 seconds
Refreshing native plugins compatible for Editor in 1.72 ms, found 5 plugins.
Preloading 0 native plugins for Editor in 0.00 ms.
Unloading 5012 Unused Serialized files (Serialized files now loaded: 0)
Unloading 36 unused Assets / (0.7 MB). Loaded Objects now: 5464.
Memory consumption went from 213.8 MB to 213.1 MB.
Total: 3.663300 ms (FindLiveObjects: 0.392100 ms CreateObjectMapping: 0.332700 ms MarkObjects: 2.613600 ms  DeleteObjects: 0.324100 ms)

AssetImportParameters requested are different than current active one (requested -> active):
  custom:video-decoder-ogg-theora: a1e56fd34408186e4bbccfd4996cb3dc -> 
  custom:container-muxer-webm: aa71ff27fc2769a1b78a27578f13a17b -> 
  custom:container-demuxer-webm: 4f35f7cbe854078d1ac9338744f61a02 -> 
  custom:video-encoder-webm-vp8: eb34c28f22e8b96e1ab97ce403110664 -> 
  custom:CustomObjectIndexerAttribute: 6b0e35c9178b02a6363f3721b7b8e397 -> 
  custom:audio-encoder-webm-vorbis: bf7c407c2cedff20999df2af8eb42d56 -> 
  custom:framework-win-MediaFoundation: 216162199b28c13a410421893ffa2e32 -> 
  custom:SearchIndexIgnoredProperties: e643bd26f0fe6173181afceb89e7c659 -> 
  custom:container-demuxer-ogg: 62fdf1f143b41e24485cea50d1cbac27 -> 
  custom:video-decoder-webm-vp8: 9c59270c3fd7afecdb556c50c9e8de78 -> 
  custom:audio-decoder-ogg-vorbis: bf7c407c2cedff20999df2af8eb42d56 -> 
========================================================================
Received Import Request.
  Time since last request: 92944.434997 seconds.
  path: Assets/polyperfect/Low Poly Ultimate Pack/T/- Prefabs_T/Nature_T/Trees_T/stump.prefab
  artifactKey: Guid(9d7f29b770d624f689e53cccd7e83eb6) Importer(815301076,1909f56bfc062723c751e8b465ee728b)
Number of updated assets reloaded before import = 0
Start importing Assets/polyperfect/Low Poly Ultimate Pack/T/- Prefabs_T/Nature_T/Trees_T/stump.prefab using Guid(9d7f29b770d624f689e53cccd7e83eb6) Importer(815301076,1909f56bfc062723c751e8b465ee728b)  -> (artifact id: '3bbcb2c2bb5229946ccc807764ef08c8') in 0.467166 seconds 
Number of asset objects unloaded after import = 23
========================================================================
Received Import Request.
  Time since last request: 0.212433 seconds.
  path: Assets/polyperfect/Low Poly Ultimate Pack/T/- Prefabs_T/Nature_T/Trees_T/tree-birch-tall.prefab
  artifactKey: Guid(140836445facb496ea496a3d5dff7037) Importer(815301076,1909f56bfc062723c751e8b465ee728b)
Number of updated assets reloaded before import = 0
Start importing Assets/polyperfect/Low Poly Ultimate Pack/T/- Prefabs_T/Nature_T/Trees_T/tree-birch-tall.prefab using Guid(140836445facb496ea496a3d5dff7037) Importer(815301076,1909f56bfc062723c751e8b465ee728b)  -> (artifact id: '8e775ec76c82e5f0fb7399604cfb8501') in 0.027037 seconds 
Number of asset objects unloaded after import = 13
========================================================================
Received Import Request.
  Time since last request: 0.000049 seconds.
  path: Assets/polyperfect/Low Poly Ultimate Pack/T/- Prefabs_T/Nature_T/Trees_T/tree-birch_white.prefab
  artifactKey: Guid(e04ddf1c689edf34d99ea2d7e60538ce) Importer(815301076,1909f56bfc062723c751e8b465ee728b)
Number of updated assets reloaded before import = 0
Start importing Assets/polyperfect/Low Poly Ultimate Pack/T/- Prefabs_T/Nature_T/Trees_T/tree-birch_white.prefab using Guid(e04ddf1c689edf34d99ea2d7e60538ce) Importer(815301076,1909f56bfc062723c751e8b465ee728b)  -> (artifact id: '1693a551b1e5271416e1f6ebd19a1198') in 0.028708 seconds 
Number of asset objects unloaded after import = 13
========================================================================
Received Import Request.
  Time since last request: 0.000060 seconds.
  path: Assets/polyperfect/Low Poly Ultimate Pack/T/- Prefabs_T/Nature_T/Trees_T/tree-birch.prefab
  artifactKey: Guid(3678017521dcb4e1bacbd3270c78a089) Importer(815301076,1909f56bfc062723c751e8b465ee728b)
Number of updated assets reloaded before import = 0
Start importing Assets/polyperfect/Low Poly Ultimate Pack/T/- Prefabs_T/Nature_T/Trees_T/tree-birch.prefab using Guid(3678017521dcb4e1bacbd3270c78a089) Importer(815301076,1909f56bfc062723c751e8b465ee728b)  -> (artifact id: 'a8b1bbb9f962987396b9bee62c4aefad') in 0.035124 seconds 
Number of asset objects unloaded after import = 13
========================================================================
Received Import Request.
  Time since last request: 0.000061 seconds.
  path: Assets/polyperfect/Low Poly Ultimate Pack/T/- Prefabs_T/Nature_T/Trees_T/tree-christmas.prefab
  artifactKey: Guid(e91d5bfc80553904d9f3c73f17cfca10) Importer(815301076,1909f56bfc062723c751e8b465ee728b)
Number of updated assets reloaded before import = 0
Start importing Assets/polyperfect/Low Poly Ultimate Pack/T/- Prefabs_T/Nature_T/Trees_T/tree-christmas.prefab using Guid(e91d5bfc80553904d9f3c73f17cfca10) Importer(815301076,1909f56bfc062723c751e8b465ee728b)  -> (artifact id: '8076f6ad0fa2372d0380366fcfccd2fc') in 0.030626 seconds 
Number of asset objects unloaded after import = 13
========================================================================
Received Import Request.
  Time since last request: 0.000029 seconds.
  path: Assets/polyperfect/Low Poly Ultimate Pack/T/- Prefabs_T/Nature_T/Trees_T/tree-elipse.prefab
  artifactKey: Guid(818821d8635b7754b97b69789a4a2d0f) Importer(815301076,1909f56bfc062723c751e8b465ee728b)
Number of updated assets reloaded before import = 0
Start importing Assets/polyperfect/Low Poly Ultimate Pack/T/- Prefabs_T/Nature_T/Trees_T/tree-elipse.prefab using Guid(818821d8635b7754b97b69789a4a2d0f) Importer(815301076,1909f56bfc062723c751e8b465ee728b)  -> (artifact id: '933e2e325e7cb9d2c3f7db22dff93983') in 0.029589 seconds 
Number of asset objects unloaded after import = 13
========================================================================
Received Import Request.
  Time since last request: 0.000055 seconds.
  path: Assets/polyperfect/Low Poly Ultimate Pack/T/- Prefabs_T/Nature_T/Trees_T/tree-conifer_orange.prefab
  artifactKey: Guid(e9b660f676d86b642820c9a85b1ba57d) Importer(815301076,1909f56bfc062723c751e8b465ee728b)
Number of updated assets reloaded before import = 0
Start importing Assets/polyperfect/Low Poly Ultimate Pack/T/- Prefabs_T/Nature_T/Trees_T/tree-conifer_orange.prefab using Guid(e9b660f676d86b642820c9a85b1ba57d) Importer(815301076,1909f56bfc062723c751e8b465ee728b)  -> (artifact id: '5df80836b473b0d0b108e134150ec43b') in 0.032945 seconds 
Number of asset objects unloaded after import = 13
========================================================================
Received Import Request.
  Time since last request: 0.000046 seconds.
  path: Assets/polyperfect/Low Poly Ultimate Pack/T/- Prefabs_T/Nature_T/Trees_T/tree-elipse_orange.prefab
  artifactKey: Guid(8049f64979334004cb3d981e952d340e) Importer(815301076,1909f56bfc062723c751e8b465ee728b)
Number of updated assets reloaded before import = 0
Start importing Assets/polyperfect/Low Poly Ultimate Pack/T/- Prefabs_T/Nature_T/Trees_T/tree-elipse_orange.prefab using Guid(8049f64979334004cb3d981e952d340e) Importer(815301076,1909f56bfc062723c751e8b465ee728b)  -> (artifact id: '1ece83bc857314df98a0fec6395941bf') in 0.033248 seconds 
Number of asset objects unloaded after import = 13
========================================================================
Received Import Request.
  Time since last request: 0.227894 seconds.
  path: Assets/polyperfect/Low Poly Ultimate Pack/T/- Prefabs_T/Nature_T/Trees_T/tree-fir-snow.prefab
  artifactKey: Guid(c7a5a1eb4c47f03419956f8c76de78a9) Importer(815301076,1909f56bfc062723c751e8b465ee728b)
Number of updated assets reloaded before import = 0
Start importing Assets/polyperfect/Low Poly Ultimate Pack/T/- Prefabs_T/Nature_T/Trees_T/tree-fir-snow.prefab using Guid(c7a5a1eb4c47f03419956f8c76de78a9) Importer(815301076,1909f56bfc062723c751e8b465ee728b)  -> (artifact id: 'b0b0e2912a8124676e750e1756f090e1') in 0.022983 seconds 
Number of asset objects unloaded after import = 13
========================================================================
Received Import Request.
  Time since last request: 0.000025 seconds.
  path: Assets/polyperfect/Low Poly Ultimate Pack/T/- Prefabs_T/Nature_T/Trees_T/tree-forest_orange.prefab
  artifactKey: Guid(53973fa484c6ade4891afd59f3e33e3a) Importer(815301076,1909f56bfc062723c751e8b465ee728b)
Number of updated assets reloaded before import = 0
Start importing Assets/polyperfect/Low Poly Ultimate Pack/T/- Prefabs_T/Nature_T/Trees_T/tree-forest_orange.prefab using Guid(53973fa484c6ade4891afd59f3e33e3a) Importer(815301076,1909f56bfc062723c751e8b465ee728b)  -> (artifact id: '8bda10aac4f6b552eed3f4578d0fd9d0') in 0.029407 seconds 
Number of asset objects unloaded after import = 13
========================================================================
Received Import Request.
  Time since last request: 0.000074 seconds.
  path: Assets/polyperfect/Low Poly Ultimate Pack/T/- Prefabs_T/Nature_T/Trees_T/tree-fir_orange.prefab
  artifactKey: Guid(8417287c20ef77b49919b16e9af30cf0) Importer(815301076,1909f56bfc062723c751e8b465ee728b)
Number of updated assets reloaded before import = 0
Start importing Assets/polyperfect/Low Poly Ultimate Pack/T/- Prefabs_T/Nature_T/Trees_T/tree-fir_orange.prefab using Guid(8417287c20ef77b49919b16e9af30cf0) Importer(815301076,1909f56bfc062723c751e8b465ee728b)  -> (artifact id: 'fd321bf4481fb8988d0b158a839081e4') in 0.031693 seconds 
Number of asset objects unloaded after import = 13
========================================================================
Received Import Request.
  Time since last request: 0.040017 seconds.
  path: Assets/polyperfect/Low Poly Ultimate Pack/T/- Prefabs_T/Nature_T/Trees_T/tree-lime.prefab
  artifactKey: Guid(2559aa2d368562248aea8c62e35ac2fd) Importer(815301076,1909f56bfc062723c751e8b465ee728b)
Number of updated assets reloaded before import = 0
Start importing Assets/polyperfect/Low Poly Ultimate Pack/T/- Prefabs_T/Nature_T/Trees_T/tree-lime.prefab using Guid(2559aa2d368562248aea8c62e35ac2fd) Importer(815301076,1909f56bfc062723c751e8b465ee728b)  -> (artifact id: 'ed4348e18d17c4b6fd2b88e2d2c0728b') in 0.034070 seconds 
Number of asset objects unloaded after import = 13
========================================================================
Received Import Request.
  Time since last request: 0.000052 seconds.
  path: Assets/polyperfect/Low Poly Ultimate Pack/T/- Prefabs_T/Nature_T/Trees_T/tree-lime_red.prefab
  artifactKey: Guid(1bfc1111e635a476eaf643757c67d570) Importer(815301076,1909f56bfc062723c751e8b465ee728b)
Number of updated assets reloaded before import = 0
Start importing Assets/polyperfect/Low Poly Ultimate Pack/T/- Prefabs_T/Nature_T/Trees_T/tree-lime_red.prefab using Guid(1bfc1111e635a476eaf643757c67d570) Importer(815301076,1909f56bfc062723c751e8b465ee728b)  -> (artifact id: 'dd6cf594347c975a89dd9fe23149539d') in 0.032130 seconds 
Number of asset objects unloaded after import = 13
========================================================================
Received Import Request.
  Time since last request: 0.000058 seconds.
  path: Assets/polyperfect/Low Poly Ultimate Pack/T/- Prefabs_T/Nature_T/Trees_T/tree-lime_white.prefab
  artifactKey: Guid(adf8215ae9f6fe542a756cdb936f638c) Importer(815301076,1909f56bfc062723c751e8b465ee728b)
Number of updated assets reloaded before import = 0
Start importing Assets/polyperfect/Low Poly Ultimate Pack/T/- Prefabs_T/Nature_T/Trees_T/tree-lime_white.prefab using Guid(adf8215ae9f6fe542a756cdb936f638c) Importer(815301076,1909f56bfc062723c751e8b465ee728b)  -> (artifact id: 'eb6970ffc55f3fa9c699d8dc530348f1') in 0.030557 seconds 
Number of asset objects unloaded after import = 13
========================================================================
Received Import Request.
  Time since last request: 0.238335 seconds.
  path: Assets/polyperfect/Low Poly Ultimate Pack/T/- Prefabs_T/Nature_T/Trees_T/tree-oak_orange.prefab
  artifactKey: Guid(bbd4935edf6ebc14b83761a9ae92dd02) Importer(815301076,1909f56bfc062723c751e8b465ee728b)
Number of updated assets reloaded before import = 0
Start importing Assets/polyperfect/Low Poly Ultimate Pack/T/- Prefabs_T/Nature_T/Trees_T/tree-oak_orange.prefab using Guid(bbd4935edf6ebc14b83761a9ae92dd02) Importer(815301076,1909f56bfc062723c751e8b465ee728b)  -> (artifact id: 'fe2072638bd77c21127e3e1f98ec4cb0') in 0.026601 seconds 
Number of asset objects unloaded after import = 13
========================================================================
Received Import Request.
  Time since last request: 0.000061 seconds.
  path: Assets/polyperfect/Low Poly Ultimate Pack/T/- Prefabs_T/Nature_T/Trees_T/tree-round_white.prefab
  artifactKey: Guid(c7f9ebd36765d974fb9c9934584caad1) Importer(815301076,1909f56bfc062723c751e8b465ee728b)
Number of updated assets reloaded before import = 0
Start importing Assets/polyperfect/Low Poly Ultimate Pack/T/- Prefabs_T/Nature_T/Trees_T/tree-round_white.prefab using Guid(c7f9ebd36765d974fb9c9934584caad1) Importer(815301076,1909f56bfc062723c751e8b465ee728b)  -> (artifact id: '174204bf0195b56d3be9372d8e85adb9') in 0.031634 seconds 
Number of asset objects unloaded after import = 13
========================================================================
Received Import Request.
  Time since last request: 0.000082 seconds.
  path: Assets/polyperfect/Low Poly Ultimate Pack/T/- Prefabs_T/Nature_T/Trees_T/tree-poplar_orange.prefab
  artifactKey: Guid(9fa33713eac26bc4db3fc384f6e2f4c7) Importer(815301076,1909f56bfc062723c751e8b465ee728b)
Number of updated assets reloaded before import = 0
Start importing Assets/polyperfect/Low Poly Ultimate Pack/T/- Prefabs_T/Nature_T/Trees_T/tree-poplar_orange.prefab using Guid(9fa33713eac26bc4db3fc384f6e2f4c7) Importer(815301076,1909f56bfc062723c751e8b465ee728b)  -> (artifact id: 'db7078d1d1a454ebbb2ed8533839c24f') in 0.033541 seconds 
Number of asset objects unloaded after import = 13
========================================================================
Received Import Request.
  Time since last request: 0.000050 seconds.
  path: Assets/polyperfect/Low Poly Ultimate Pack/T/- Prefabs_T/Nature_T/Trees_T/tree-pyramid_white.prefab
  artifactKey: Guid(61ac14a369d205e40abffe02b0d1480e) Importer(815301076,1909f56bfc062723c751e8b465ee728b)
Number of updated assets reloaded before import = 0
Start importing Assets/polyperfect/Low Poly Ultimate Pack/T/- Prefabs_T/Nature_T/Trees_T/tree-pyramid_white.prefab using Guid(61ac14a369d205e40abffe02b0d1480e) Importer(815301076,1909f56bfc062723c751e8b465ee728b)  -> (artifact id: '04f9958d5026bf022421ca338d913f98') in 0.031049 seconds 
Number of asset objects unloaded after import = 13
========================================================================
Received Import Request.
  Time since last request: 0.000044 seconds.
  path: Assets/polyperfect/Low Poly Ultimate Pack/T/- Prefabs_T/Nature_T/Trees_T/tree-poplar.prefab
  artifactKey: Guid(15cf8c13b0c302746a6e3eb78510226d) Importer(815301076,1909f56bfc062723c751e8b465ee728b)
Number of updated assets reloaded before import = 0
Start importing Assets/polyperfect/Low Poly Ultimate Pack/T/- Prefabs_T/Nature_T/Trees_T/tree-poplar.prefab using Guid(15cf8c13b0c302746a6e3eb78510226d) Importer(815301076,1909f56bfc062723c751e8b465ee728b)  -> (artifact id: 'c73ef5fdb0d81db166cb500e123ed627') in 0.035691 seconds 
Number of asset objects unloaded after import = 13
========================================================================
Received Import Request.
  Time since last request: 0.000039 seconds.
  path: Assets/polyperfect/Low Poly Ultimate Pack/T/- Prefabs_T/Nature_T/Trees_T/tree-pyramid.prefab
  artifactKey: Guid(0c6f9643e5cf22446b0b326dad2d3a0b) Importer(815301076,1909f56bfc062723c751e8b465ee728b)
Number of updated assets reloaded before import = 0
Start importing Assets/polyperfect/Low Poly Ultimate Pack/T/- Prefabs_T/Nature_T/Trees_T/tree-pyramid.prefab using Guid(0c6f9643e5cf22446b0b326dad2d3a0b) Importer(815301076,1909f56bfc062723c751e8b465ee728b)  -> (artifact id: 'e31dd427cd4a9c0e9404cfab1cb48d54') in 0.036317 seconds 
Number of asset objects unloaded after import = 13
========================================================================
Received Import Request.
  Time since last request: 0.000028 seconds.
  path: Assets/polyperfect/Low Poly Ultimate Pack/T/- Prefabs_T/Nature_T/Trees_T/tree-pot.prefab
  artifactKey: Guid(c4b42a5a8e53dfd41ae5778ca4019a62) Importer(815301076,1909f56bfc062723c751e8b465ee728b)
Number of updated assets reloaded before import = 0
Start importing Assets/polyperfect/Low Poly Ultimate Pack/T/- Prefabs_T/Nature_T/Trees_T/tree-pot.prefab using Guid(c4b42a5a8e53dfd41ae5778ca4019a62) Importer(815301076,1909f56bfc062723c751e8b465ee728b)  -> (artifact id: 'f44ead4248ced3501ef2aabbbbe14b51') in 0.030575 seconds 
Number of asset objects unloaded after import = 13
========================================================================
Received Import Request.
  Time since last request: 0.206378 seconds.
  path: Assets/polyperfect/Low Poly Ultimate Pack/T/- Prefabs_T/Nature_T/Trees_T/tree-simple_orange.prefab
  artifactKey: Guid(d59e82c884b986744bab64694ce10038) Importer(815301076,1909f56bfc062723c751e8b465ee728b)
Number of updated assets reloaded before import = 0
Start importing Assets/polyperfect/Low Poly Ultimate Pack/T/- Prefabs_T/Nature_T/Trees_T/tree-simple_orange.prefab using Guid(d59e82c884b986744bab64694ce10038) Importer(815301076,1909f56bfc062723c751e8b465ee728b)  -> (artifact id: 'eaecb4107bcdcf8c27c6fa6d0423b32f') in 0.023581 seconds 
Number of asset objects unloaded after import = 13
========================================================================
Received Import Request.
  Time since last request: 0.000019 seconds.
  path: Assets/polyperfect/Low Poly Ultimate Pack/T/- Prefabs_T/Nature_T/Trees_T/tree-spruce.prefab
  artifactKey: Guid(6b664b526df62ee41be7b9d307dedd81) Importer(815301076,1909f56bfc062723c751e8b465ee728b)
Number of updated assets reloaded before import = 0
Start importing Assets/polyperfect/Low Poly Ultimate Pack/T/- Prefabs_T/Nature_T/Trees_T/tree-spruce.prefab using Guid(6b664b526df62ee41be7b9d307dedd81) Importer(815301076,1909f56bfc062723c751e8b465ee728b)  -> (artifact id: 'cff5ab30129fa0f4dac185a1b9795a17') in 0.031273 seconds 
Number of asset objects unloaded after import = 13
========================================================================
Received Import Request.
  Time since last request: 0.000050 seconds.
  path: Assets/polyperfect/Low Poly Ultimate Pack/T/- Prefabs_T/Nature_T/Trees_T/tree-spruce-snow.prefab
  artifactKey: Guid(56681d29da0f05746a2d58fa773dea31) Importer(815301076,1909f56bfc062723c751e8b465ee728b)
Number of updated assets reloaded before import = 0
Start importing Assets/polyperfect/Low Poly Ultimate Pack/T/- Prefabs_T/Nature_T/Trees_T/tree-spruce-snow.prefab using Guid(56681d29da0f05746a2d58fa773dea31) Importer(815301076,1909f56bfc062723c751e8b465ee728b)  -> (artifact id: '206fcb549e9110ffe3b7000cce7193a1') in 0.032618 seconds 
Number of asset objects unloaded after import = 13
========================================================================
Received Import Request.
  Time since last request: 0.193531 seconds.
  path: Assets/polyperfect/Low Poly Ultimate Pack/T/- Prefabs_T/Nature_T/Trees_T/tree-square_orange.prefab
  artifactKey: Guid(58d165935faedb044b422f1a944c4592) Importer(815301076,1909f56bfc062723c751e8b465ee728b)
Number of updated assets reloaded before import = 0
Start importing Assets/polyperfect/Low Poly Ultimate Pack/T/- Prefabs_T/Nature_T/Trees_T/tree-square_orange.prefab using Guid(58d165935faedb044b422f1a944c4592) Importer(815301076,1909f56bfc062723c751e8b465ee728b)  -> (artifact id: '062aa256bee3fc223c17f9bcaed0acd0') in 0.025843 seconds 
Number of asset objects unloaded after import = 13
========================================================================
Received Import Request.
  Time since last request: 0.000020 seconds.
  path: Assets/polyperfect/Low Poly Ultimate Pack/T/- Prefabs_T/Nature_T/Trees_T/tree-square_white.prefab
  artifactKey: Guid(a1e5638f9ebc86f47bfd1eb9517d6ce9) Importer(815301076,1909f56bfc062723c751e8b465ee728b)
Number of updated assets reloaded before import = 0
Start importing Assets/polyperfect/Low Poly Ultimate Pack/T/- Prefabs_T/Nature_T/Trees_T/tree-square_white.prefab using Guid(a1e5638f9ebc86f47bfd1eb9517d6ce9) Importer(815301076,1909f56bfc062723c751e8b465ee728b)  -> (artifact id: '6afff9bb1abdb6df75b133921185cd74') in 0.029188 seconds 
Number of asset objects unloaded after import = 13
========================================================================
Received Import Request.
  Time since last request: 0.000095 seconds.
  path: Assets/polyperfect/Low Poly Ultimate Pack/T/- Prefabs_T/Nature_T/Trees_T/tree-triangle.prefab
  artifactKey: Guid(2734acf15de9df94185a3c0e6dabe9d3) Importer(815301076,1909f56bfc062723c751e8b465ee728b)
Number of updated assets reloaded before import = 0
Start importing Assets/polyperfect/Low Poly Ultimate Pack/T/- Prefabs_T/Nature_T/Trees_T/tree-triangle.prefab using Guid(2734acf15de9df94185a3c0e6dabe9d3) Importer(815301076,1909f56bfc062723c751e8b465ee728b)  -> (artifact id: '046f152ed32bcbcf6c31502cf7d4297b') in 0.029450 seconds 
Number of asset objects unloaded after import = 13
========================================================================
Received Import Request.
  Time since last request: 0.000035 seconds.
  path: Assets/polyperfect/Low Poly Ultimate Pack/T/- Prefabs_T/Nature_T/Trees_T/tree.prefab
  artifactKey: Guid(ddf7f5e45e33643f29f98935b0a24dd3) Importer(815301076,1909f56bfc062723c751e8b465ee728b)
Number of updated assets reloaded before import = 0
Start importing Assets/polyperfect/Low Poly Ultimate Pack/T/- Prefabs_T/Nature_T/Trees_T/tree.prefab using Guid(ddf7f5e45e33643f29f98935b0a24dd3) Importer(815301076,1909f56bfc062723c751e8b465ee728b)  -> (artifact id: '0febc264d795c9861127bdbaac3da8c1') in 0.029142 seconds 
Number of asset objects unloaded after import = 13
========================================================================
Received Import Request.
  Time since last request: 0.000037 seconds.
  path: Assets/polyperfect/Low Poly Ultimate Pack/T/- Prefabs_T/Nature_T/Trees_T/tree-triangle_orange.prefab
  artifactKey: Guid(dc9e4250c6297b748af2887bd1678dea) Importer(815301076,1909f56bfc062723c751e8b465ee728b)
Number of updated assets reloaded before import = 0
Start importing Assets/polyperfect/Low Poly Ultimate Pack/T/- Prefabs_T/Nature_T/Trees_T/tree-triangle_orange.prefab using Guid(dc9e4250c6297b748af2887bd1678dea) Importer(815301076,1909f56bfc062723c751e8b465ee728b)  -> (artifact id: '4062ec4b6942dfba06763a99a349d113') in 0.027196 seconds 
Number of asset objects unloaded after import = 14
========================================================================
Received Import Request.
  Time since last request: 0.000049 seconds.
  path: Assets/polyperfect/Low Poly Ultimate Pack/T/- Prefabs_T/Nature_T/Trees_T/tree_white.prefab
  artifactKey: Guid(be57f7e42b162aa41969fdc0086a5f4e) Importer(815301076,1909f56bfc062723c751e8b465ee728b)
Number of updated assets reloaded before import = 0
Start importing Assets/polyperfect/Low Poly Ultimate Pack/T/- Prefabs_T/Nature_T/Trees_T/tree_white.prefab using Guid(be57f7e42b162aa41969fdc0086a5f4e) Importer(815301076,1909f56bfc062723c751e8b465ee728b)  -> (artifact id: 'e545dcabafb2fdcdba25bade10469d08') in 0.030022 seconds 
Number of asset objects unloaded after import = 13
Editor requested this worker to shutdown with reason: Scaling down because of idle timeout
AssetImportWorker is now disconnected from the server
Process exiting
Exiting without the bug reporter. Application will terminate with return code 0