Using pre-set license
Built from '2021.3/staging' branch; Version is '2021.3.33f1 (ee5a2aa03ab2) revision 15620650'; Using compiler version '192829333'; Build Type 'Release'
OS: 'Windows 10  (10.0.19045) 64bit Core' Language: 'ko' Physical Memory: 16233 MB
BatchMode: 1, IsHumanControllingUs: 0, StartBugReporterOnCrash: 0, Is64bit: 1, IsPro: 1

COMMAND LINE ARGUMENTS:
C:\Program Files\Unity\Hub\Editor\2021.3.33f1\Editor\Unity.exe
-adb2
-batchMode
-noUpm
-name
AssetImportWorker6
-projectPath
C:/Users/peace/Documents/indv_work/Level
-logFile
Logs/AssetImportWorker6.log
-srvPort
55921
Successfully changed project path to: C:/Users/peace/Documents/indv_work/Level
C:/Users/peace/Documents/indv_work/Level
[UnityMemory] Configuration Parameters - Can be set up in boot.config
    "memorysetup-bucket-allocator-granularity=16"
    "memorysetup-bucket-allocator-bucket-count=8"
    "memorysetup-bucket-allocator-block-size=33554432"
    "memorysetup-bucket-allocator-block-count=8"
    "memorysetup-main-allocator-block-size=16777216"
    "memorysetup-thread-allocator-block-size=16777216"
    "memorysetup-gfx-main-allocator-block-size=16777216"
    "memorysetup-gfx-thread-allocator-block-size=16777216"
    "memorysetup-cache-allocator-block-size=4194304"
    "memorysetup-typetree-allocator-block-size=2097152"
    "memorysetup-profiler-bucket-allocator-granularity=16"
    "memorysetup-profiler-bucket-allocator-bucket-count=8"
    "memorysetup-profiler-bucket-allocator-block-size=33554432"
    "memorysetup-profiler-bucket-allocator-block-count=8"
    "memorysetup-profiler-allocator-block-size=16777216"
    "memorysetup-profiler-editor-allocator-block-size=1048576"
    "memorysetup-temp-allocator-size-main=16777216"
    "memorysetup-job-temp-allocator-block-size=2097152"
    "memorysetup-job-temp-allocator-block-size-background=1048576"
    "memorysetup-job-temp-allocator-reduction-small-platforms=262144"
    "memorysetup-temp-allocator-size-background-worker=32768"
    "memorysetup-temp-allocator-size-job-worker=262144"
    "memorysetup-temp-allocator-size-preload-manager=33554432"
    "memorysetup-temp-allocator-size-nav-mesh-worker=65536"
    "memorysetup-temp-allocator-size-audio-worker=65536"
    "memorysetup-temp-allocator-size-cloud-worker=32768"
    "memorysetup-temp-allocator-size-gi-baking-worker=262144"
    "memorysetup-temp-allocator-size-gfx=262144"
Player connection [21896] Host "[IP] 192.168.180.225 [Port] 0 [Flags] 2 [Guid] 2104507515 [EditorId] 2104507515 [Version] 1048832 [Id] WindowsEditor(7,DESKTOP-2BF80HA) [Debug] 1 [PackageName] WindowsEditor [ProjectName] Editor" joined multi-casting on [225.0.0.222:54997]...

Player connection [21896] Host "[IP] 192.168.180.225 [Port] 0 [Flags] 2 [Guid] 2104507515 [EditorId] 2104507515 [Version] 1048832 [Id] WindowsEditor(7,DESKTOP-2BF80HA) [Debug] 1 [PackageName] WindowsEditor [ProjectName] Editor" joined alternative multi-casting on [225.0.0.222:34997]...

[Physics::Module] Initialized MultithreadedJobDispatcher with {0} workers.
Refreshing native plugins compatible for Editor in 180.78 ms, found 5 plugins.
Preloading 0 native plugins for Editor in 0.00 ms.
Initialize engine version: 2021.3.33f1 (ee5a2aa03ab2)
[Subsystems] Discovering subsystems at path C:/Program Files/Unity/Hub/Editor/2021.3.33f1/Editor/Data/Resources/UnitySubsystems
[Subsystems] Discovering subsystems at path C:/Users/peace/Documents/indv_work/Level/Assets
GfxDevice: creating device client; threaded=0; jobified=0
Direct3D:
    Version:  Direct3D 11.0 [level 11.1]
    Renderer: NVIDIA GeForce GTX 1660 Ti (ID=0x2191)
    Vendor:   NVIDIA
    VRAM:     5991 MB
    Driver:   30.0.15.1278
Initialize mono
Mono path[0] = 'C:/Program Files/Unity/Hub/Editor/2021.3.33f1/Editor/Data/Managed'
Mono path[1] = 'C:/Program Files/Unity/Hub/Editor/2021.3.33f1/Editor/Data/MonoBleedingEdge/lib/mono/unityjit-win32'
Mono config path = 'C:/Program Files/Unity/Hub/Editor/2021.3.33f1/Editor/Data/MonoBleedingEdge/etc'
Using monoOptions --debugger-agent=transport=dt_socket,embedding=1,server=y,suspend=n,address=127.0.0.1:56972
Begin MonoManager ReloadAssembly
Registering precompiled unity dll's ...
Register platform support module: C:/Program Files/Unity/Hub/Editor/2021.3.33f1/Editor/Data/PlaybackEngines/AndroidPlayer/UnityEditor.Android.Extensions.dll
Register platform support module: C:/Program Files/Unity/Hub/Editor/2021.3.33f1/Editor/Data/PlaybackEngines/WindowsStandaloneSupport/UnityEditor.WindowsStandalone.Extensions.dll
Registered in 0.007916 seconds.
Native extension for WindowsStandalone target not found
Native extension for Android target not found
Android Extension - Scanning For ADB Devices 245 ms
Refreshing native plugins compatible for Editor in 176.58 ms, found 5 plugins.
Preloading 0 native plugins for Editor in 0.00 ms.
Mono: successfully reloaded assembly
- Completed reload, in  1.039 seconds
Domain Reload Profiling:
	ReloadAssembly (1039ms)
		BeginReloadAssembly (99ms)
			ExecutionOrderSort (0ms)
			DisableScriptedObjects (0ms)
			BackupInstance (0ms)
			ReleaseScriptingObjects (0ms)
			CreateAndSetChildDomain (1ms)
		EndReloadAssembly (842ms)
			LoadAssemblies (97ms)
			RebuildTransferFunctionScriptingTraits (0ms)
			SetupTypeCache (110ms)
			ReleaseScriptCaches (0ms)
			RebuildScriptCaches (28ms)
			SetupLoadedEditorAssemblies (660ms)
				LogAssemblyErrors (0ms)
				InitializePlatformSupportModulesInManaged (336ms)
				SetLoadedEditorAssemblies (0ms)
				RefreshPlugins (177ms)
				BeforeProcessingInitializeOnLoad (1ms)
				ProcessInitializeOnLoadAttributes (104ms)
				ProcessInitializeOnLoadMethodAttributes (42ms)
				AfterProcessingInitializeOnLoad (0ms)
				EditorAssembliesLoaded (0ms)
			ExecutionOrderSort2 (0ms)
			AwakeInstancesAfterBackupRestoration (0ms)
Platform modules already initialized, skipping
Registering precompiled user dll's ...
Registered in 0.007952 seconds.
Begin MonoManager ReloadAssembly
Native extension for WindowsStandalone target not found
Native extension for Android target not found
Refreshing native plugins compatible for Editor in 168.48 ms, found 5 plugins.
Preloading 0 native plugins for Editor in 0.00 ms.
Package Manager log level set to [2]
[Package Manager] Server::EnsureServerProcessIsRunning -- launch failed, reason: Unity was launched with the -noUpm command-line argument
[Package Manager] Cannot connect to Unity Package Manager local server
Mono: successfully reloaded assembly
- Completed reload, in  1.822 seconds
Domain Reload Profiling:
	ReloadAssembly (1823ms)
		BeginReloadAssembly (139ms)
			ExecutionOrderSort (0ms)
			DisableScriptedObjects (8ms)
			BackupInstance (0ms)
			ReleaseScriptingObjects (0ms)
			CreateAndSetChildDomain (21ms)
		EndReloadAssembly (1522ms)
			LoadAssemblies (144ms)
			RebuildTransferFunctionScriptingTraits (0ms)
			SetupTypeCache (310ms)
			ReleaseScriptCaches (1ms)
			RebuildScriptCaches (56ms)
			SetupLoadedEditorAssemblies (990ms)
				LogAssemblyErrors (0ms)
				InitializePlatformSupportModulesInManaged (19ms)
				SetLoadedEditorAssemblies (0ms)
				RefreshPlugins (169ms)
				BeforeProcessingInitializeOnLoad (111ms)
				ProcessInitializeOnLoadAttributes (608ms)
				ProcessInitializeOnLoadMethodAttributes (75ms)
				AfterProcessingInitializeOnLoad (8ms)
				EditorAssembliesLoaded (0ms)
			ExecutionOrderSort2 (0ms)
			AwakeInstancesAfterBackupRestoration (7ms)
Platform modules already initialized, skipping
========================================================================
Worker process is ready to serve import requests
Launched and connected shader compiler UnityShaderCompiler.exe after 0.07 seconds
Refreshing native plugins compatible for Editor in 2.68 ms, found 5 plugins.
Preloading 0 native plugins for Editor in 0.00 ms.
Unloading 5012 Unused Serialized files (Serialized files now loaded: 0)
Unloading 36 unused Assets / (0.7 MB). Loaded Objects now: 5464.
Memory consumption went from 213.8 MB to 213.1 MB.
Total: 5.329100 ms (FindLiveObjects: 0.509800 ms CreateObjectMapping: 0.625300 ms MarkObjects: 3.581500 ms  DeleteObjects: 0.611600 ms)

AssetImportParameters requested are different than current active one (requested -> active):
  custom:video-decoder-ogg-theora: a1e56fd34408186e4bbccfd4996cb3dc -> 
  custom:container-muxer-webm: aa71ff27fc2769a1b78a27578f13a17b -> 
  custom:container-demuxer-webm: 4f35f7cbe854078d1ac9338744f61a02 -> 
  custom:video-encoder-webm-vp8: eb34c28f22e8b96e1ab97ce403110664 -> 
  custom:CustomObjectIndexerAttribute: 6b0e35c9178b02a6363f3721b7b8e397 -> 
  custom:audio-encoder-webm-vorbis: bf7c407c2cedff20999df2af8eb42d56 -> 
  custom:framework-win-MediaFoundation: 216162199b28c13a410421893ffa2e32 -> 
  custom:SearchIndexIgnoredProperties: e643bd26f0fe6173181afceb89e7c659 -> 
  custom:container-demuxer-ogg: 62fdf1f143b41e24485cea50d1cbac27 -> 
  custom:video-decoder-webm-vp8: 9c59270c3fd7afecdb556c50c9e8de78 -> 
  custom:audio-decoder-ogg-vorbis: bf7c407c2cedff20999df2af8eb42d56 -> 
========================================================================
Received Import Request.
  Time since last request: 91110.591090 seconds.
  path: Assets/polyperfect/Low Poly Ultimate Pack/T/- Prefabs_T/Egypt_T/sword-khopesh.prefab
  artifactKey: Guid(2042a5683f5183e4a80365692676637e) Importer(815301076,1909f56bfc062723c751e8b465ee728b)
Number of updated assets reloaded before import = 0
Start importing Assets/polyperfect/Low Poly Ultimate Pack/T/- Prefabs_T/Egypt_T/sword-khopesh.prefab using Guid(2042a5683f5183e4a80365692676637e) Importer(815301076,1909f56bfc062723c751e8b465ee728b)  -> (artifact id: '776a36ce43cde1b286a1e7b76549a6c0') in 0.303517 seconds 
Number of asset objects unloaded after import = 23
========================================================================
Received Import Request.
  Time since last request: 422.130292 seconds.
  path: Assets/polyperfect/Low Poly Ultimate Pack/T/- Prefabs_T/Nature_T/Clouds_T/cloud-fluffy.prefab
  artifactKey: Guid(268a4c6663b8b434f9c9477d880c3534) Importer(815301076,1909f56bfc062723c751e8b465ee728b)
Number of updated assets reloaded before import = 0
Start importing Assets/polyperfect/Low Poly Ultimate Pack/T/- Prefabs_T/Nature_T/Clouds_T/cloud-fluffy.prefab using Guid(268a4c6663b8b434f9c9477d880c3534) Importer(815301076,1909f56bfc062723c751e8b465ee728b)  -> (artifact id: '88d7504b6dffd41432765bab66e4afb6') in 0.035050 seconds 
Number of asset objects unloaded after import = 12
========================================================================
Received Import Request.
  Time since last request: 0.000146 seconds.
  path: Assets/polyperfect/Low Poly Ultimate Pack/T/- Prefabs_T/Nature_T/Clouds_T/cloud-small.prefab
  artifactKey: Guid(7f5f31212bb634de2b6e85115adb8ce0) Importer(815301076,1909f56bfc062723c751e8b465ee728b)
Number of updated assets reloaded before import = 0
Start importing Assets/polyperfect/Low Poly Ultimate Pack/T/- Prefabs_T/Nature_T/Clouds_T/cloud-small.prefab using Guid(7f5f31212bb634de2b6e85115adb8ce0) Importer(815301076,1909f56bfc062723c751e8b465ee728b)  -> (artifact id: 'e9642a572fa51e1581c6e935082308f4') in 0.035983 seconds 
Number of asset objects unloaded after import = 12
========================================================================
Received Import Request.
  Time since last request: 0.000083 seconds.
  path: Assets/polyperfect/Low Poly Ultimate Pack/T/- Prefabs_T/Nature_T/Clouds_T/cloud-simple.prefab
  artifactKey: Guid(ae87697315833463bb6a7f98852d51ee) Importer(815301076,1909f56bfc062723c751e8b465ee728b)
Number of updated assets reloaded before import = 0
Start importing Assets/polyperfect/Low Poly Ultimate Pack/T/- Prefabs_T/Nature_T/Clouds_T/cloud-simple.prefab using Guid(ae87697315833463bb6a7f98852d51ee) Importer(815301076,1909f56bfc062723c751e8b465ee728b)  -> (artifact id: '3ba7a6e2382cdaf81f28a01c75e60af2') in 0.035271 seconds 
Number of asset objects unloaded after import = 12
========================================================================
Received Import Request.
  Time since last request: 10.533590 seconds.
  path: Assets/polyperfect/Low Poly Ultimate Pack/T/- Prefabs_T/Tiles_T/Bridges_T/bridge-mainroad-hill.prefab
  artifactKey: Guid(5c0de273163f8422a87b354a978ee0f3) Importer(815301076,1909f56bfc062723c751e8b465ee728b)
Number of updated assets reloaded before import = 0
Start importing Assets/polyperfect/Low Poly Ultimate Pack/T/- Prefabs_T/Tiles_T/Bridges_T/bridge-mainroad-hill.prefab using Guid(5c0de273163f8422a87b354a978ee0f3) Importer(815301076,1909f56bfc062723c751e8b465ee728b)  -> (artifact id: '6b3e0d5e6d7cc1bb4e05cc0f59a2ede5') in 0.023274 seconds 
Number of asset objects unloaded after import = 13
========================================================================
Received Import Request.
  Time since last request: 0.000031 seconds.
  path: Assets/polyperfect/Low Poly Ultimate Pack/T/- Prefabs_T/Tiles_T/Bridges_T/tile-bridge-road-hill.prefab
  artifactKey: Guid(f2e5c946f500bbb4dbf521e22ff86d67) Importer(815301076,1909f56bfc062723c751e8b465ee728b)
Number of updated assets reloaded before import = 0
Start importing Assets/polyperfect/Low Poly Ultimate Pack/T/- Prefabs_T/Tiles_T/Bridges_T/tile-bridge-road-hill.prefab using Guid(f2e5c946f500bbb4dbf521e22ff86d67) Importer(815301076,1909f56bfc062723c751e8b465ee728b)  -> (artifact id: 'cdc729f4dfa7c81cf3eac430baa0aa39') in 0.032292 seconds 
Number of asset objects unloaded after import = 13
========================================================================
Received Import Request.
  Time since last request: 0.000153 seconds.
  path: Assets/polyperfect/Low Poly Ultimate Pack/T/- Prefabs_T/Tiles_T/Bridges_T/bridge-road-hill-curve.prefab
  artifactKey: Guid(66d2ed719ad221e44afd4d41609a2096) Importer(815301076,1909f56bfc062723c751e8b465ee728b)
Number of updated assets reloaded before import = 0
Start importing Assets/polyperfect/Low Poly Ultimate Pack/T/- Prefabs_T/Tiles_T/Bridges_T/bridge-road-hill-curve.prefab using Guid(66d2ed719ad221e44afd4d41609a2096) Importer(815301076,1909f56bfc062723c751e8b465ee728b)  -> (artifact id: '46a482dcd021896bba00892509ea11a0') in 0.034217 seconds 
Number of asset objects unloaded after import = 13
========================================================================
Received Import Request.
  Time since last request: 0.000039 seconds.
  path: Assets/polyperfect/Low Poly Ultimate Pack/T/- Prefabs_T/Tiles_T/Bridges_T/bridge-pillars-large-curve.prefab
  artifactKey: Guid(8c0d2aeec2c26f047a4d0a70d87cb19a) Importer(815301076,1909f56bfc062723c751e8b465ee728b)
Number of updated assets reloaded before import = 0
Start importing Assets/polyperfect/Low Poly Ultimate Pack/T/- Prefabs_T/Tiles_T/Bridges_T/bridge-pillars-large-curve.prefab using Guid(8c0d2aeec2c26f047a4d0a70d87cb19a) Importer(815301076,1909f56bfc062723c751e8b465ee728b)  -> (artifact id: '7a4cb41f3e8ade40d63da83531384e7a') in 0.035670 seconds 
Number of asset objects unloaded after import = 13
========================================================================
Received Import Request.
  Time since last request: 0.000041 seconds.
  path: Assets/polyperfect/Low Poly Ultimate Pack/T/- Prefabs_T/Tiles_T/Bridges_T/bridge-road-curve.prefab
  artifactKey: Guid(8009d244de3fe3643b1bc7e7650479cf) Importer(815301076,1909f56bfc062723c751e8b465ee728b)
Number of updated assets reloaded before import = 0
Start importing Assets/polyperfect/Low Poly Ultimate Pack/T/- Prefabs_T/Tiles_T/Bridges_T/bridge-road-curve.prefab using Guid(8009d244de3fe3643b1bc7e7650479cf) Importer(815301076,1909f56bfc062723c751e8b465ee728b)  -> (artifact id: '989480c6b7654c4ec8eb7819b97d2e86') in 0.033828 seconds 
Number of asset objects unloaded after import = 13
========================================================================
Received Import Request.
  Time since last request: 0.000121 seconds.
  path: Assets/polyperfect/Low Poly Ultimate Pack/T/- Prefabs_T/Tiles_T/Bridges_T/bridge-rail-hill.prefab
  artifactKey: Guid(64c93f8d23aa047c3a48a7f70ea6b7a8) Importer(815301076,1909f56bfc062723c751e8b465ee728b)
Number of updated assets reloaded before import = 0
Start importing Assets/polyperfect/Low Poly Ultimate Pack/T/- Prefabs_T/Tiles_T/Bridges_T/bridge-rail-hill.prefab using Guid(64c93f8d23aa047c3a48a7f70ea6b7a8) Importer(815301076,1909f56bfc062723c751e8b465ee728b)  -> (artifact id: '1f93c769cdcd9f07777bb39ce0c23f7d') in 0.037057 seconds 
Number of asset objects unloaded after import = 13
========================================================================
Received Import Request.
  Time since last request: 0.000030 seconds.
  path: Assets/polyperfect/Low Poly Ultimate Pack/T/- Prefabs_T/Tiles_T/Bridges_T/bridge-pillars-large-straight.prefab
  artifactKey: Guid(50eb844dec1c7ee47be81f9f08b76271) Importer(815301076,1909f56bfc062723c751e8b465ee728b)
Number of updated assets reloaded before import = 0
Start importing Assets/polyperfect/Low Poly Ultimate Pack/T/- Prefabs_T/Tiles_T/Bridges_T/bridge-pillars-large-straight.prefab using Guid(50eb844dec1c7ee47be81f9f08b76271) Importer(815301076,1909f56bfc062723c751e8b465ee728b)  -> (artifact id: '7126ce8366060e3b10421dc11c3aee62') in 0.036515 seconds 
Number of asset objects unloaded after import = 13
========================================================================
Received Import Request.
  Time since last request: 0.000064 seconds.
  path: Assets/polyperfect/Low Poly Ultimate Pack/T/- Prefabs_T/Tiles_T/Bridges_T/bridge-road-hill.prefab
  artifactKey: Guid(b978232d70b9c498b81d47912faeddc4) Importer(815301076,1909f56bfc062723c751e8b465ee728b)
Number of updated assets reloaded before import = 0
Start importing Assets/polyperfect/Low Poly Ultimate Pack/T/- Prefabs_T/Tiles_T/Bridges_T/bridge-road-hill.prefab using Guid(b978232d70b9c498b81d47912faeddc4) Importer(815301076,1909f56bfc062723c751e8b465ee728b)  -> (artifact id: '05edb99f6bb474001eb9564463c3d035') in 0.035398 seconds 
Number of asset objects unloaded after import = 13
========================================================================
Received Import Request.
  Time since last request: 2.765049 seconds.
  path: Assets/polyperfect/Low Poly Ultimate Pack/T/- Prefabs_T/Tiles_T/Race_T/tile-race-track-cliff-curve.prefab
  artifactKey: Guid(d9f3d495be61eef40a4d0172e0cf4ebd) Importer(815301076,1909f56bfc062723c751e8b465ee728b)
Number of updated assets reloaded before import = 0
Start importing Assets/polyperfect/Low Poly Ultimate Pack/T/- Prefabs_T/Tiles_T/Race_T/tile-race-track-cliff-curve.prefab using Guid(d9f3d495be61eef40a4d0172e0cf4ebd) Importer(815301076,1909f56bfc062723c751e8b465ee728b)  -> (artifact id: 'df69ab32b3069eb80d62d4a18adeed52') in 0.025676 seconds 
Number of asset objects unloaded after import = 13
========================================================================
Received Import Request.
  Time since last request: 0.000037 seconds.
  path: Assets/polyperfect/Low Poly Ultimate Pack/T/- Prefabs_T/Tiles_T/Race_T/tile-race-track-curve.prefab
  artifactKey: Guid(a5454c5b1a480204a91d44ad79ef3789) Importer(815301076,1909f56bfc062723c751e8b465ee728b)
Number of updated assets reloaded before import = 0
Start importing Assets/polyperfect/Low Poly Ultimate Pack/T/- Prefabs_T/Tiles_T/Race_T/tile-race-track-curve.prefab using Guid(a5454c5b1a480204a91d44ad79ef3789) Importer(815301076,1909f56bfc062723c751e8b465ee728b)  -> (artifact id: 'f2234e636662a0b63db9b814bcd28ca0') in 0.037569 seconds 
Number of asset objects unloaded after import = 12
========================================================================
Received Import Request.
  Time since last request: 0.000120 seconds.
  path: Assets/polyperfect/Low Poly Ultimate Pack/T/- Prefabs_T/Tiles_T/Race_T/tile-race-track-cliff.prefab
  artifactKey: Guid(fe24c6153c8fd91489a575a620fbb39e) Importer(815301076,1909f56bfc062723c751e8b465ee728b)
Number of updated assets reloaded before import = 0
Start importing Assets/polyperfect/Low Poly Ultimate Pack/T/- Prefabs_T/Tiles_T/Race_T/tile-race-track-cliff.prefab using Guid(fe24c6153c8fd91489a575a620fbb39e) Importer(815301076,1909f56bfc062723c751e8b465ee728b)  -> (artifact id: '36bff3a2109a2599de9799b08549744c') in 0.039769 seconds 
Number of asset objects unloaded after import = 13
========================================================================
Received Import Request.
  Time since last request: 0.000244 seconds.
  path: Assets/polyperfect/Low Poly Ultimate Pack/T/- Prefabs_T/Tiles_T/Race_T/tile-race-track-cliff-overpass.prefab
  artifactKey: Guid(520c938eb768ace41b87ebe56d1c1c76) Importer(815301076,1909f56bfc062723c751e8b465ee728b)
Number of updated assets reloaded before import = 0
Start importing Assets/polyperfect/Low Poly Ultimate Pack/T/- Prefabs_T/Tiles_T/Race_T/tile-race-track-cliff-overpass.prefab using Guid(520c938eb768ace41b87ebe56d1c1c76) Importer(815301076,1909f56bfc062723c751e8b465ee728b)  -> (artifact id: '8cffb47ee61433916208a1d209e0271a') in 0.037116 seconds 
Number of asset objects unloaded after import = 13
========================================================================
Received Import Request.
  Time since last request: 0.902779 seconds.
  path: Assets/polyperfect/Low Poly Ultimate Pack/T/- Prefabs_T/Tiles_T/Rails_T/tile-rail-curve-double.prefab
  artifactKey: Guid(8583d770ba56bdd499cb7190f2d5a2b5) Importer(815301076,1909f56bfc062723c751e8b465ee728b)
Number of updated assets reloaded before import = 0
Start importing Assets/polyperfect/Low Poly Ultimate Pack/T/- Prefabs_T/Tiles_T/Rails_T/tile-rail-curve-double.prefab using Guid(8583d770ba56bdd499cb7190f2d5a2b5) Importer(815301076,1909f56bfc062723c751e8b465ee728b)  -> (artifact id: '2abb771f7f6d0bcd1ab3b376ab6e03d7') in 0.029178 seconds 
Number of asset objects unloaded after import = 13
========================================================================
Received Import Request.
  Time since last request: 0.000028 seconds.
  path: Assets/polyperfect/Low Poly Ultimate Pack/T/- Prefabs_T/Tiles_T/Rails_T/tile-rail-road-crossing.prefab
  artifactKey: Guid(23e9167d12e7340919631f7bcf5f5b96) Importer(815301076,1909f56bfc062723c751e8b465ee728b)
Number of updated assets reloaded before import = 0
Start importing Assets/polyperfect/Low Poly Ultimate Pack/T/- Prefabs_T/Tiles_T/Rails_T/tile-rail-road-crossing.prefab using Guid(23e9167d12e7340919631f7bcf5f5b96) Importer(815301076,1909f56bfc062723c751e8b465ee728b)  -> (artifact id: '25db4233f8939f4dfe2243db8b34d3de') in 0.040489 seconds 
Number of asset objects unloaded after import = 13
========================================================================
Received Import Request.
  Time since last request: 0.000050 seconds.
  path: Assets/polyperfect/Low Poly Ultimate Pack/T/- Prefabs_T/Tiles_T/Rails_T/tile-rail-straight-double.prefab
  artifactKey: Guid(f08217b7eb43b3d45ae6e80020518826) Importer(815301076,1909f56bfc062723c751e8b465ee728b)
Number of updated assets reloaded before import = 0
Start importing Assets/polyperfect/Low Poly Ultimate Pack/T/- Prefabs_T/Tiles_T/Rails_T/tile-rail-straight-double.prefab using Guid(f08217b7eb43b3d45ae6e80020518826) Importer(815301076,1909f56bfc062723c751e8b465ee728b)  -> (artifact id: 'bb48311ddcf7b5fa9af002884ddd256e') in 0.042613 seconds 
Number of asset objects unloaded after import = 13
========================================================================
Received Import Request.
  Time since last request: 0.646048 seconds.
  path: Assets/polyperfect/Low Poly Ultimate Pack/T/- Prefabs_T/Tiles_T/Roads_T/tile-mainroad-hill.prefab
  artifactKey: Guid(b1662f7596fbf49d2836030674b41ef5) Importer(815301076,1909f56bfc062723c751e8b465ee728b)
Number of updated assets reloaded before import = 0
Start importing Assets/polyperfect/Low Poly Ultimate Pack/T/- Prefabs_T/Tiles_T/Roads_T/tile-mainroad-hill.prefab using Guid(b1662f7596fbf49d2836030674b41ef5) Importer(815301076,1909f56bfc062723c751e8b465ee728b)  -> (artifact id: 'afb84a6498497304894de766d8a2af7a') in 0.028078 seconds 
Number of asset objects unloaded after import = 13
========================================================================
Received Import Request.
  Time since last request: 0.000090 seconds.
  path: Assets/polyperfect/Low Poly Ultimate Pack/T/- Prefabs_T/Tiles_T/Roads_T/tile-mainroad-straight.prefab
  artifactKey: Guid(10559c3c45c9e4714b032dc317910152) Importer(815301076,1909f56bfc062723c751e8b465ee728b)
Number of updated assets reloaded before import = 0
Start importing Assets/polyperfect/Low Poly Ultimate Pack/T/- Prefabs_T/Tiles_T/Roads_T/tile-mainroad-straight.prefab using Guid(10559c3c45c9e4714b032dc317910152) Importer(815301076,1909f56bfc062723c751e8b465ee728b)  -> (artifact id: '18124e803d8cf5ac10199882f9ce965b') in 0.036425 seconds 
Number of asset objects unloaded after import = 13
========================================================================
Received Import Request.
  Time since last request: 0.000029 seconds.
  path: Assets/polyperfect/Low Poly Ultimate Pack/T/- Prefabs_T/Tiles_T/Roads_T/tile-road-straight.prefab
  artifactKey: Guid(31a50c261baa14610a7261cd092a1a98) Importer(815301076,1909f56bfc062723c751e8b465ee728b)
Number of updated assets reloaded before import = 0
Start importing Assets/polyperfect/Low Poly Ultimate Pack/T/- Prefabs_T/Tiles_T/Roads_T/tile-road-straight.prefab using Guid(31a50c261baa14610a7261cd092a1a98) Importer(815301076,1909f56bfc062723c751e8b465ee728b)  -> (artifact id: '44fd959ccdd3e6db264d6e6d08127608') in 0.032385 seconds 
Number of asset objects unloaded after import = 13
========================================================================
Received Import Request.
  Time since last request: 0.000027 seconds.
  path: Assets/polyperfect/Low Poly Ultimate Pack/T/- Prefabs_T/Tiles_T/Roads_T/tile-road-to-mainroad.prefab
  artifactKey: Guid(455b71411efbec445975502120f68078) Importer(815301076,1909f56bfc062723c751e8b465ee728b)
Number of updated assets reloaded before import = 0
Start importing Assets/polyperfect/Low Poly Ultimate Pack/T/- Prefabs_T/Tiles_T/Roads_T/tile-road-to-mainroad.prefab using Guid(455b71411efbec445975502120f68078) Importer(815301076,1909f56bfc062723c751e8b465ee728b)  -> (artifact id: 'a65351e5358b13cd00a645d33133a2f6') in 0.037278 seconds 
Number of asset objects unloaded after import = 13
========================================================================
Received Import Request.
  Time since last request: 0.000041 seconds.
  path: Assets/polyperfect/Low Poly Ultimate Pack/T/- Prefabs_T/Tiles_T/Roads_T/tile-mainroad-road-intersection.prefab
  artifactKey: Guid(ef9a0689da265d148b2823816dabf53c) Importer(815301076,1909f56bfc062723c751e8b465ee728b)
Number of updated assets reloaded before import = 0
Start importing Assets/polyperfect/Low Poly Ultimate Pack/T/- Prefabs_T/Tiles_T/Roads_T/tile-mainroad-road-intersection.prefab using Guid(ef9a0689da265d148b2823816dabf53c) Importer(815301076,1909f56bfc062723c751e8b465ee728b)  -> (artifact id: 'd24ebf8acf8f73840127df5ca51a176c') in 0.037748 seconds 
Number of asset objects unloaded after import = 13
========================================================================
Received Import Request.
  Time since last request: 0.000062 seconds.
  path: Assets/polyperfect/Low Poly Ultimate Pack/T/- Prefabs_T/Tiles_T/Roads_T/tile-road-curve.prefab
  artifactKey: Guid(d3b06ba093e514cff9a2cf0356aa127f) Importer(815301076,1909f56bfc062723c751e8b465ee728b)
Number of updated assets reloaded before import = 0
Start importing Assets/polyperfect/Low Poly Ultimate Pack/T/- Prefabs_T/Tiles_T/Roads_T/tile-road-curve.prefab using Guid(d3b06ba093e514cff9a2cf0356aa127f) Importer(815301076,1909f56bfc062723c751e8b465ee728b)  -> (artifact id: 'f83e6a7e127508d17ba1a628e9ac0103') in 0.037651 seconds 
Number of asset objects unloaded after import = 13
========================================================================
Received Import Request.
  Time since last request: 0.000048 seconds.
  path: Assets/polyperfect/Low Poly Ultimate Pack/T/- Prefabs_T/Tiles_T/Roads_T/tile-road-end.prefab
  artifactKey: Guid(132bab4eddbf7424d92a5a193c641969) Importer(815301076,1909f56bfc062723c751e8b465ee728b)
Number of updated assets reloaded before import = 0
Start importing Assets/polyperfect/Low Poly Ultimate Pack/T/- Prefabs_T/Tiles_T/Roads_T/tile-road-end.prefab using Guid(132bab4eddbf7424d92a5a193c641969) Importer(815301076,1909f56bfc062723c751e8b465ee728b)  -> (artifact id: '66c600dfd5d0fc1904d89cc8c15af223') in 0.030968 seconds 
Number of asset objects unloaded after import = 13
========================================================================
Received Import Request.
  Time since last request: 3.112861 seconds.
  path: Assets/polyperfect/Low Poly Ultimate Pack/T/- Prefabs_T/Tiles_T/Runway_T/tile-runway-intersection.prefab
  artifactKey: Guid(6c9f9a02f4cc87e49b2fdfd6e591a794) Importer(815301076,1909f56bfc062723c751e8b465ee728b)
Number of updated assets reloaded before import = 0
Start importing Assets/polyperfect/Low Poly Ultimate Pack/T/- Prefabs_T/Tiles_T/Runway_T/tile-runway-intersection.prefab using Guid(6c9f9a02f4cc87e49b2fdfd6e591a794) Importer(815301076,1909f56bfc062723c751e8b465ee728b)  -> (artifact id: 'ed9f51c7cca73cca7ff3cf4792bce113') in 0.022841 seconds 
Number of asset objects unloaded after import = 13
========================================================================
Received Import Request.
  Time since last request: 0.000034 seconds.
  path: Assets/polyperfect/Low Poly Ultimate Pack/T/- Prefabs_T/Tiles_T/Runway_T/tile-runway-straight.prefab
  artifactKey: Guid(9a5b41d5c3697d540a07aa011ac017dc) Importer(815301076,1909f56bfc062723c751e8b465ee728b)
Number of updated assets reloaded before import = 0
Start importing Assets/polyperfect/Low Poly Ultimate Pack/T/- Prefabs_T/Tiles_T/Runway_T/tile-runway-straight.prefab using Guid(9a5b41d5c3697d540a07aa011ac017dc) Importer(815301076,1909f56bfc062723c751e8b465ee728b)  -> (artifact id: '6898726d03609688d364463e2bf8d7c5') in 0.041424 seconds 
Number of asset objects unloaded after import = 13
========================================================================
Received Import Request.
  Time since last request: 5.522826 seconds.
  path: Assets/polyperfect/Low Poly Ultimate Pack/T/- Prefabs_T/Tiles_T/Tunnels_T/tile-mainroad-tunnel-entrance.prefab
  artifactKey: Guid(18f1a8774d9dd4b9dad961d8b35cbaab) Importer(815301076,1909f56bfc062723c751e8b465ee728b)
Number of updated assets reloaded before import = 0
Start importing Assets/polyperfect/Low Poly Ultimate Pack/T/- Prefabs_T/Tiles_T/Tunnels_T/tile-mainroad-tunnel-entrance.prefab using Guid(18f1a8774d9dd4b9dad961d8b35cbaab) Importer(815301076,1909f56bfc062723c751e8b465ee728b)  -> (artifact id: '2dc019facd68a2a1a9dffc70a5881607') in 0.026039 seconds 
Number of asset objects unloaded after import = 13
========================================================================
Received Import Request.
  Time since last request: 0.000034 seconds.
  path: Assets/polyperfect/Low Poly Ultimate Pack/T/- Prefabs_T/Tiles_T/Tunnels_T/tile-road-tunnel-curve.prefab
  artifactKey: Guid(7cbfcb245620d1647803bf01ba67fde2) Importer(815301076,1909f56bfc062723c751e8b465ee728b)
Number of updated assets reloaded before import = 0
Start importing Assets/polyperfect/Low Poly Ultimate Pack/T/- Prefabs_T/Tiles_T/Tunnels_T/tile-road-tunnel-curve.prefab using Guid(7cbfcb245620d1647803bf01ba67fde2) Importer(815301076,1909f56bfc062723c751e8b465ee728b)  -> (artifact id: 'a48062d2398d6000e83a45dd20d6fd25') in 0.041605 seconds 
Number of asset objects unloaded after import = 13
========================================================================
Received Import Request.
  Time since last request: 0.000052 seconds.
  path: Assets/polyperfect/Low Poly Ultimate Pack/T/- Prefabs_T/Tiles_T/Tunnels_T/tile-rail-tunnel-entrance.prefab
  artifactKey: Guid(4d77f3d04dad449e2b8360ddd18fbcab) Importer(815301076,1909f56bfc062723c751e8b465ee728b)
Number of updated assets reloaded before import = 0
Start importing Assets/polyperfect/Low Poly Ultimate Pack/T/- Prefabs_T/Tiles_T/Tunnels_T/tile-rail-tunnel-entrance.prefab using Guid(4d77f3d04dad449e2b8360ddd18fbcab) Importer(815301076,1909f56bfc062723c751e8b465ee728b)  -> (artifact id: '012bd0e3c245c5642826db44b3de1dea') in 0.040760 seconds 
Number of asset objects unloaded after import = 13
========================================================================
Received Import Request.
  Time since last request: 0.000118 seconds.
  path: Assets/polyperfect/Low Poly Ultimate Pack/T/- Prefabs_T/Tiles_T/Tunnels_T/tile-road-tunnel.prefab
  artifactKey: Guid(2806eb363e24b4da79b0e56f618737f3) Importer(815301076,1909f56bfc062723c751e8b465ee728b)
Number of updated assets reloaded before import = 0
Start importing Assets/polyperfect/Low Poly Ultimate Pack/T/- Prefabs_T/Tiles_T/Tunnels_T/tile-road-tunnel.prefab using Guid(2806eb363e24b4da79b0e56f618737f3) Importer(815301076,1909f56bfc062723c751e8b465ee728b)  -> (artifact id: '525075c9becc434b6bf11c5815cf43dc') in 0.036417 seconds 
Number of asset objects unloaded after import = 13
========================================================================
Received Import Request.
  Time since last request: 422.058273 seconds.
  path: Assets/polyperfect/Low Poly Ultimate Pack/T/- Prefabs_T/Resources_T/superalloy.prefab
  artifactKey: Guid(85d812584b876a94584fb8584c1965e3) Importer(815301076,1909f56bfc062723c751e8b465ee728b)
Number of updated assets reloaded before import = 0
Start importing Assets/polyperfect/Low Poly Ultimate Pack/T/- Prefabs_T/Resources_T/superalloy.prefab using Guid(85d812584b876a94584fb8584c1965e3) Importer(815301076,1909f56bfc062723c751e8b465ee728b)  -> (artifact id: 'ccd3401a8a0234b80d6d7633d0810ac7') in 0.024611 seconds 
Number of asset objects unloaded after import = 13
========================================================================
Received Import Request.
  Time since last request: 9.045415 seconds.
  path: Assets/polyperfect/Low Poly Ultimate Pack/T/- Prefabs_T/Nature_T/Trees_T/log.prefab
  artifactKey: Guid(0f5f1c7c842e94b6390d5af21130f476) Importer(815301076,1909f56bfc062723c751e8b465ee728b)
Number of updated assets reloaded before import = 0
Start importing Assets/polyperfect/Low Poly Ultimate Pack/T/- Prefabs_T/Nature_T/Trees_T/log.prefab using Guid(0f5f1c7c842e94b6390d5af21130f476) Importer(815301076,1909f56bfc062723c751e8b465ee728b)  -> (artifact id: '627c9fdc501b2639b19131a295907683') in 0.029399 seconds 
Number of asset objects unloaded after import = 13
========================================================================
Received Import Request.
  Time since last request: 0.000027 seconds.
  path: Assets/polyperfect/Low Poly Ultimate Pack/T/- Prefabs_T/Nature_T/Trees_T/logs-snow.prefab
  artifactKey: Guid(de422cfbe601dfa4096a382a60cb827f) Importer(815301076,1909f56bfc062723c751e8b465ee728b)
Number of updated assets reloaded before import = 0
Start importing Assets/polyperfect/Low Poly Ultimate Pack/T/- Prefabs_T/Nature_T/Trees_T/logs-snow.prefab using Guid(de422cfbe601dfa4096a382a60cb827f) Importer(815301076,1909f56bfc062723c751e8b465ee728b)  -> (artifact id: '2a25f5bc7b14356f6919ceda23699e6b') in 0.036931 seconds 
Number of asset objects unloaded after import = 13
========================================================================
Received Import Request.
  Time since last request: 0.000027 seconds.
  path: Assets/polyperfect/Low Poly Ultimate Pack/T/- Prefabs_T/Nature_T/Trees_T/logs.prefab
  artifactKey: Guid(7af1e6e63379e40d3833a0ef65691b27) Importer(815301076,1909f56bfc062723c751e8b465ee728b)
Number of updated assets reloaded before import = 0
Start importing Assets/polyperfect/Low Poly Ultimate Pack/T/- Prefabs_T/Nature_T/Trees_T/logs.prefab using Guid(7af1e6e63379e40d3833a0ef65691b27) Importer(815301076,1909f56bfc062723c751e8b465ee728b)  -> (artifact id: '73ed5cac924bc256c53b9c15877451cb') in 0.033469 seconds 
Number of asset objects unloaded after import = 13
========================================================================
Received Import Request.
  Time since last request: 0.000143 seconds.
  path: Assets/polyperfect/Low Poly Ultimate Pack/T/- Prefabs_T/Nature_T/Trees_T/plant-bush-small.prefab
  artifactKey: Guid(7f3df905f511d4746a371f0969bac29a) Importer(815301076,1909f56bfc062723c751e8b465ee728b)
Number of updated assets reloaded before import = 0
Start importing Assets/polyperfect/Low Poly Ultimate Pack/T/- Prefabs_T/Nature_T/Trees_T/plant-bush-small.prefab using Guid(7f3df905f511d4746a371f0969bac29a) Importer(815301076,1909f56bfc062723c751e8b465ee728b)  -> (artifact id: '993555cdbc9fafe21efdb0416d973b8f') in 0.032614 seconds 
Number of asset objects unloaded after import = 12
========================================================================
Received Import Request.
  Time since last request: 0.000027 seconds.
  path: Assets/polyperfect/Low Poly Ultimate Pack/T/- Prefabs_T/Nature_T/Trees_T/shrub-round_white.prefab
  artifactKey: Guid(f160cb6fc1b16334f81ee2ae84c4b540) Importer(815301076,1909f56bfc062723c751e8b465ee728b)
Number of updated assets reloaded before import = 0
Start importing Assets/polyperfect/Low Poly Ultimate Pack/T/- Prefabs_T/Nature_T/Trees_T/shrub-round_white.prefab using Guid(f160cb6fc1b16334f81ee2ae84c4b540) Importer(815301076,1909f56bfc062723c751e8b465ee728b)  -> (artifact id: '98d17042d209dbc3fde5fb52523c4cea') in 0.031585 seconds 
Number of asset objects unloaded after import = 13
========================================================================
Received Import Request.
  Time since last request: 0.000056 seconds.
  path: Assets/polyperfect/Low Poly Ultimate Pack/T/- Prefabs_T/Nature_T/Trees_T/shrub-round.prefab
  artifactKey: Guid(235a3b6b70c054bd3b893913a74c8b48) Importer(815301076,1909f56bfc062723c751e8b465ee728b)
Number of updated assets reloaded before import = 0
Start importing Assets/polyperfect/Low Poly Ultimate Pack/T/- Prefabs_T/Nature_T/Trees_T/shrub-round.prefab using Guid(235a3b6b70c054bd3b893913a74c8b48) Importer(815301076,1909f56bfc062723c751e8b465ee728b)  -> (artifact id: '8d66d2f2e20afcfca61a23821ebadc4c') in 0.029787 seconds 
Number of asset objects unloaded after import = 13
========================================================================
Received Import Request.
  Time since last request: 0.000039 seconds.
  path: Assets/polyperfect/Low Poly Ultimate Pack/T/- Prefabs_T/Nature_T/Trees_T/stump-small.prefab
  artifactKey: Guid(a3c8d8efbea5a45b6b53d0c32bbf67cb) Importer(815301076,1909f56bfc062723c751e8b465ee728b)
Number of updated assets reloaded before import = 0
Start importing Assets/polyperfect/Low Poly Ultimate Pack/T/- Prefabs_T/Nature_T/Trees_T/stump-small.prefab using Guid(a3c8d8efbea5a45b6b53d0c32bbf67cb) Importer(815301076,1909f56bfc062723c751e8b465ee728b)  -> (artifact id: 'fe187c63efcd6ecc3e952105e9255d33') in 0.030434 seconds 
Number of asset objects unloaded after import = 13
========================================================================
Received Import Request.
  Time since last request: 0.000034 seconds.
  path: Assets/polyperfect/Low Poly Ultimate Pack/T/- Prefabs_T/Nature_T/Trees_T/shrub-round_orange.prefab
  artifactKey: Guid(67e69ad10262d6e44852735a0d8f003b) Importer(815301076,1909f56bfc062723c751e8b465ee728b)
Number of updated assets reloaded before import = 0
Start importing Assets/polyperfect/Low Poly Ultimate Pack/T/- Prefabs_T/Nature_T/Trees_T/shrub-round_orange.prefab using Guid(67e69ad10262d6e44852735a0d8f003b) Importer(815301076,1909f56bfc062723c751e8b465ee728b)  -> (artifact id: '31443e6a0f32098e820fff334e803c70') in 0.036319 seconds 
Number of asset objects unloaded after import = 13
========================================================================
Received Import Request.
  Time since last request: 0.000048 seconds.
  path: Assets/polyperfect/Low Poly Ultimate Pack/T/- Prefabs_T/Nature_T/Trees_T/palm-small.prefab
  artifactKey: Guid(7420b45c31b2f1a4f8afa073eb25787f) Importer(815301076,1909f56bfc062723c751e8b465ee728b)
Number of updated assets reloaded before import = 0
Start importing Assets/polyperfect/Low Poly Ultimate Pack/T/- Prefabs_T/Nature_T/Trees_T/palm-small.prefab using Guid(7420b45c31b2f1a4f8afa073eb25787f) Importer(815301076,1909f56bfc062723c751e8b465ee728b)  -> (artifact id: '8b8550dfec791e2815eecd145fc579b5') in 0.034256 seconds 
Number of asset objects unloaded after import = 13
========================================================================
Received Import Request.
  Time since last request: 0.000044 seconds.
  path: Assets/polyperfect/Low Poly Ultimate Pack/T/- Prefabs_T/Nature_T/Trees_T/palm-bush-big.prefab
  artifactKey: Guid(89ab1d131f87a564cb85b092be8c969d) Importer(815301076,1909f56bfc062723c751e8b465ee728b)
Number of updated assets reloaded before import = 0
Start importing Assets/polyperfect/Low Poly Ultimate Pack/T/- Prefabs_T/Nature_T/Trees_T/palm-bush-big.prefab using Guid(89ab1d131f87a564cb85b092be8c969d) Importer(815301076,1909f56bfc062723c751e8b465ee728b)  -> (artifact id: '10c8bcb64c9f0fd8ebb27954073a4ec9') in 0.029306 seconds 
Number of asset objects unloaded after import = 12
========================================================================
Received Import Request.
  Time since last request: 0.000032 seconds.
  path: Assets/polyperfect/Low Poly Ultimate Pack/T/- Prefabs_T/Nature_T/Trees_T/palm.prefab
  artifactKey: Guid(c048e8af50d38224aa1c47540950543a) Importer(815301076,1909f56bfc062723c751e8b465ee728b)
Number of updated assets reloaded before import = 0
Start importing Assets/polyperfect/Low Poly Ultimate Pack/T/- Prefabs_T/Nature_T/Trees_T/palm.prefab using Guid(c048e8af50d38224aa1c47540950543a) Importer(815301076,1909f56bfc062723c751e8b465ee728b)  -> (artifact id: 'e3479ff2df065d5e09bc48fe2b1596f9') in 0.029019 seconds 
Number of asset objects unloaded after import = 13
========================================================================
Received Import Request.
  Time since last request: 6.368006 seconds.
  path: Assets/polyperfect/Low Poly Ultimate Pack/T/- Prefabs_T/Food_T/banana-peel.prefab
  artifactKey: Guid(4fe9598fdb7f94a43a90edcfd8ab193e) Importer(815301076,1909f56bfc062723c751e8b465ee728b)
Number of updated assets reloaded before import = 0
Start importing Assets/polyperfect/Low Poly Ultimate Pack/T/- Prefabs_T/Food_T/banana-peel.prefab using Guid(4fe9598fdb7f94a43a90edcfd8ab193e) Importer(815301076,1909f56bfc062723c751e8b465ee728b)  -> (artifact id: '735f2481723be88659c4724017eccca2') in 0.022532 seconds 
Number of asset objects unloaded after import = 13
========================================================================
Received Import Request.
  Time since last request: 0.000035 seconds.
  path: Assets/polyperfect/Low Poly Ultimate Pack/T/- Prefabs_T/Food_T/cookie-oreo.prefab
  artifactKey: Guid(f743ad2ac523e3048a5c9adcd6e7623d) Importer(815301076,1909f56bfc062723c751e8b465ee728b)
Number of updated assets reloaded before import = 0
Start importing Assets/polyperfect/Low Poly Ultimate Pack/T/- Prefabs_T/Food_T/cookie-oreo.prefab using Guid(f743ad2ac523e3048a5c9adcd6e7623d) Importer(815301076,1909f56bfc062723c751e8b465ee728b)  -> (artifact id: 'b801796b97f06efc29fcdd047e3a27c2') in 0.027828 seconds 
Number of asset objects unloaded after import = 13
========================================================================
Received Import Request.
  Time since last request: 0.000048 seconds.
  path: Assets/polyperfect/Low Poly Ultimate Pack/T/- Prefabs_T/Food_T/container-take.prefab
  artifactKey: Guid(a8362b40f0ce7f84cbfb512a4cfb3398) Importer(815301076,1909f56bfc062723c751e8b465ee728b)
Number of updated assets reloaded before import = 0
Start importing Assets/polyperfect/Low Poly Ultimate Pack/T/- Prefabs_T/Food_T/container-take.prefab using Guid(a8362b40f0ce7f84cbfb512a4cfb3398) Importer(815301076,1909f56bfc062723c751e8b465ee728b)  -> (artifact id: '1f87d488e2b11e60531de6b71e0cb334') in 0.035440 seconds 
Number of asset objects unloaded after import = 13
========================================================================
Received Import Request.
  Time since last request: 0.000051 seconds.
  path: Assets/polyperfect/Low Poly Ultimate Pack/T/- Prefabs_T/Food_T/coconut-open.prefab
  artifactKey: Guid(c6ac9bf8316a22241a8af8df25f2e94b) Importer(815301076,1909f56bfc062723c751e8b465ee728b)
Number of updated assets reloaded before import = 0
Start importing Assets/polyperfect/Low Poly Ultimate Pack/T/- Prefabs_T/Food_T/coconut-open.prefab using Guid(c6ac9bf8316a22241a8af8df25f2e94b) Importer(815301076,1909f56bfc062723c751e8b465ee728b)  -> (artifact id: 'ebc863ccf301f95d1cf041c2a865647f') in 0.037234 seconds 
Number of asset objects unloaded after import = 13
========================================================================
Received Import Request.
  Time since last request: 0.000055 seconds.
  path: Assets/polyperfect/Low Poly Ultimate Pack/T/- Prefabs_T/Food_T/corn.prefab
  artifactKey: Guid(c2b1df9b14714469a869b4b359c186c1) Importer(815301076,1909f56bfc062723c751e8b465ee728b)
Number of updated assets reloaded before import = 0
Start importing Assets/polyperfect/Low Poly Ultimate Pack/T/- Prefabs_T/Food_T/corn.prefab using Guid(c2b1df9b14714469a869b4b359c186c1) Importer(815301076,1909f56bfc062723c751e8b465ee728b)  -> (artifact id: '8d97ff8a7595e5edc00850a02b61db0a') in 0.034044 seconds 
Number of asset objects unloaded after import = 12
========================================================================
Received Import Request.
  Time since last request: 0.000028 seconds.
  path: Assets/polyperfect/Low Poly Ultimate Pack/T/- Prefabs_T/Food_T/cheese-circle.prefab
  artifactKey: Guid(0e425fe231630c140a3f867c47376b91) Importer(815301076,1909f56bfc062723c751e8b465ee728b)
Number of updated assets reloaded before import = 0
Start importing Assets/polyperfect/Low Poly Ultimate Pack/T/- Prefabs_T/Food_T/cheese-circle.prefab using Guid(0e425fe231630c140a3f867c47376b91) Importer(815301076,1909f56bfc062723c751e8b465ee728b)  -> (artifact id: 'a5ba4fa5883c6da2735d6f71f3d086a0') in 0.037151 seconds 
Number of asset objects unloaded after import = 13
========================================================================
Received Import Request.
  Time since last request: 0.000097 seconds.
  path: Assets/polyperfect/Low Poly Ultimate Pack/T/- Prefabs_T/Food_T/burger.prefab
  artifactKey: Guid(91b36e64ade394ebda44ce7dfd456151) Importer(815301076,1909f56bfc062723c751e8b465ee728b)
Number of updated assets reloaded before import = 0
Start importing Assets/polyperfect/Low Poly Ultimate Pack/T/- Prefabs_T/Food_T/burger.prefab using Guid(91b36e64ade394ebda44ce7dfd456151) Importer(815301076,1909f56bfc062723c751e8b465ee728b)  -> (artifact id: '5471bf140d838fc5fc319f35b1d36c0c') in 0.034786 seconds 
Number of asset objects unloaded after import = 13
========================================================================
Received Import Request.
  Time since last request: 0.000088 seconds.
  path: Assets/polyperfect/Low Poly Ultimate Pack/T/- Prefabs_T/Food_T/carrot.prefab
  artifactKey: Guid(a36c89e4ca2e24d128532899c0ab61af) Importer(815301076,1909f56bfc062723c751e8b465ee728b)
Number of updated assets reloaded before import = 0
Start importing Assets/polyperfect/Low Poly Ultimate Pack/T/- Prefabs_T/Food_T/carrot.prefab using Guid(a36c89e4ca2e24d128532899c0ab61af) Importer(815301076,1909f56bfc062723c751e8b465ee728b)  -> (artifact id: '5c14a5f59ff41e6d99b5715e76a8bf0c') in 0.032384 seconds 
Number of asset objects unloaded after import = 13
========================================================================
Received Import Request.
  Time since last request: 0.000029 seconds.
  path: Assets/polyperfect/Low Poly Ultimate Pack/T/- Prefabs_T/Farm_T/hay-pile.prefab
  artifactKey: Guid(c6375916f255441968bdc443c3ff504b) Importer(815301076,1909f56bfc062723c751e8b465ee728b)
Number of updated assets reloaded before import = 0
Start importing Assets/polyperfect/Low Poly Ultimate Pack/T/- Prefabs_T/Farm_T/hay-pile.prefab using Guid(c6375916f255441968bdc443c3ff504b) Importer(815301076,1909f56bfc062723c751e8b465ee728b)  -> (artifact id: '2803616d0d7dfed5f2ccfef0a35de84e') in 0.032243 seconds 
Number of asset objects unloaded after import = 13
========================================================================
Received Import Request.
  Time since last request: 0.000041 seconds.
  path: Assets/polyperfect/Low Poly Ultimate Pack/T/- Prefabs_T/Farm_T/wheat-flour.prefab
  artifactKey: Guid(b6a6ecae2f8dfe44ab0885428d3a0abc) Importer(815301076,1909f56bfc062723c751e8b465ee728b)
Number of updated assets reloaded before import = 0
Start importing Assets/polyperfect/Low Poly Ultimate Pack/T/- Prefabs_T/Farm_T/wheat-flour.prefab using Guid(b6a6ecae2f8dfe44ab0885428d3a0abc) Importer(815301076,1909f56bfc062723c751e8b465ee728b)  -> (artifact id: 'df38b092060b2a26186e5750e9c68292') in 0.041406 seconds 
Number of asset objects unloaded after import = 13
========================================================================
Received Import Request.
  Time since last request: 0.000083 seconds.
  path: Assets/polyperfect/Low Poly Ultimate Pack/T/- Prefabs_T/Farm_T/tractor-carriage.prefab
  artifactKey: Guid(73563d93d933640d9bbbfaac9d4e9482) Importer(815301076,1909f56bfc062723c751e8b465ee728b)
Number of updated assets reloaded before import = 0
Start importing Assets/polyperfect/Low Poly Ultimate Pack/T/- Prefabs_T/Farm_T/tractor-carriage.prefab using Guid(73563d93d933640d9bbbfaac9d4e9482) Importer(815301076,1909f56bfc062723c751e8b465ee728b)  -> (artifact id: '9c7c02d248ffe4830f92691ce759299c') in 0.037777 seconds 
Number of asset objects unloaded after import = 27
========================================================================
Received Import Request.
  Time since last request: 0.000030 seconds.
  path: Assets/polyperfect/Low Poly Ultimate Pack/T/- Prefabs_T/Farm_T/farm-flower-bed.prefab
  artifactKey: Guid(52b656aa99135b645944557447202848) Importer(815301076,1909f56bfc062723c751e8b465ee728b)
Number of updated assets reloaded before import = 0
Start importing Assets/polyperfect/Low Poly Ultimate Pack/T/- Prefabs_T/Farm_T/farm-flower-bed.prefab using Guid(52b656aa99135b645944557447202848) Importer(815301076,1909f56bfc062723c751e8b465ee728b)  -> (artifact id: 'fed65b530096460bc1dade27d7e24dc2') in 0.035178 seconds 
Number of asset objects unloaded after import = 12
========================================================================
Received Import Request.
  Time since last request: 0.000033 seconds.
  path: Assets/polyperfect/Low Poly Ultimate Pack/T/- Prefabs_T/Food_T/container-take-empty.prefab
  artifactKey: Guid(b35f9466e8492ae4eb47224b785929ce) Importer(815301076,1909f56bfc062723c751e8b465ee728b)
Number of updated assets reloaded before import = 0
Start importing Assets/polyperfect/Low Poly Ultimate Pack/T/- Prefabs_T/Food_T/container-take-empty.prefab using Guid(b35f9466e8492ae4eb47224b785929ce) Importer(815301076,1909f56bfc062723c751e8b465ee728b)  -> (artifact id: 'f2a23155eb082a07cb93543941c1a31b') in 0.035776 seconds 
Number of asset objects unloaded after import = 13
========================================================================
Received Import Request.
  Time since last request: 0.000061 seconds.
  path: Assets/polyperfect/Low Poly Ultimate Pack/T/- Prefabs_T/Farm_T/scarecrow.prefab
  artifactKey: Guid(5d1593e29000948deb226159b808506c) Importer(815301076,1909f56bfc062723c751e8b465ee728b)
Number of updated assets reloaded before import = 0
Start importing Assets/polyperfect/Low Poly Ultimate Pack/T/- Prefabs_T/Farm_T/scarecrow.prefab using Guid(5d1593e29000948deb226159b808506c) Importer(815301076,1909f56bfc062723c751e8b465ee728b)  -> (artifact id: 'fb5ae9eebf1181cd172f99cf4cba9789') in 0.035658 seconds 
Number of asset objects unloaded after import = 13
========================================================================
Received Import Request.
  Time since last request: 0.000088 seconds.
  path: Assets/polyperfect/Low Poly Ultimate Pack/T/- Prefabs_T/Food_T/cereal-box.prefab
  artifactKey: Guid(563ca1ad67696b747817d50d2dfcd97f) Importer(815301076,1909f56bfc062723c751e8b465ee728b)
Number of updated assets reloaded before import = 0
Start importing Assets/polyperfect/Low Poly Ultimate Pack/T/- Prefabs_T/Food_T/cereal-box.prefab using Guid(563ca1ad67696b747817d50d2dfcd97f) Importer(815301076,1909f56bfc062723c751e8b465ee728b)  -> (artifact id: '01c46f660598ad7fc921bf3bb0285e6b') in 0.030971 seconds 
Number of asset objects unloaded after import = 13
========================================================================
Received Import Request.
  Time since last request: 3.675120 seconds.
  path: Assets/polyperfect/Low Poly Ultimate Pack/T/- Prefabs_T/Dishes_T/pot-lid-medium.prefab
  artifactKey: Guid(73a5beb1f4b3f29469de8d5a8f0c5627) Importer(815301076,1909f56bfc062723c751e8b465ee728b)
Number of updated assets reloaded before import = 0
Start importing Assets/polyperfect/Low Poly Ultimate Pack/T/- Prefabs_T/Dishes_T/pot-lid-medium.prefab using Guid(73a5beb1f4b3f29469de8d5a8f0c5627) Importer(815301076,1909f56bfc062723c751e8b465ee728b)  -> (artifact id: 'f69e781552206107323a94da96065d48') in 0.034883 seconds 
Number of asset objects unloaded after import = 14
========================================================================
Received Import Request.
  Time since last request: 1.857163 seconds.
  path: Assets/polyperfect/Low Poly Ultimate Pack/T/- Prefabs_T/Buildings_T/building-firestation.prefab
  artifactKey: Guid(616b874272f2c464d902290c933c9c4f) Importer(815301076,1909f56bfc062723c751e8b465ee728b)
Number of updated assets reloaded before import = 0
Start importing Assets/polyperfect/Low Poly Ultimate Pack/T/- Prefabs_T/Buildings_T/building-firestation.prefab using Guid(616b874272f2c464d902290c933c9c4f) Importer(815301076,1909f56bfc062723c751e8b465ee728b)  -> (artifact id: 'e6ba90d9ffe91ab8bc0e56008d9be1c1') in 0.032609 seconds 
Number of asset objects unloaded after import = 13
========================================================================
Received Import Request.
  Time since last request: 0.000031 seconds.
  path: Assets/polyperfect/Low Poly Ultimate Pack/T/- Prefabs_T/Buildings_T/building-hospital.prefab
  artifactKey: Guid(b24626a0d6b4f1040a7a5294ddc1fd4b) Importer(815301076,1909f56bfc062723c751e8b465ee728b)
Number of updated assets reloaded before import = 0
Start importing Assets/polyperfect/Low Poly Ultimate Pack/T/- Prefabs_T/Buildings_T/building-hospital.prefab using Guid(b24626a0d6b4f1040a7a5294ddc1fd4b) Importer(815301076,1909f56bfc062723c751e8b465ee728b)  -> (artifact id: 'f9cb7be14cf2152d7cbd25786a33cac7') in 0.040614 seconds 
Number of asset objects unloaded after import = 13
========================================================================
Received Import Request.
  Time since last request: 0.000151 seconds.
  path: Assets/polyperfect/Low Poly Ultimate Pack/T/- Prefabs_T/Buildings_T/building-house-family-large.prefab
  artifactKey: Guid(01efaf6e931e4d14cb37e9adc4ced205) Importer(815301076,1909f56bfc062723c751e8b465ee728b)
Number of updated assets reloaded before import = 0
Start importing Assets/polyperfect/Low Poly Ultimate Pack/T/- Prefabs_T/Buildings_T/building-house-family-large.prefab using Guid(01efaf6e931e4d14cb37e9adc4ced205) Importer(815301076,1909f56bfc062723c751e8b465ee728b)  -> (artifact id: 'c8e5a794726b563dc384a89d3f4b4d8c') in 0.043440 seconds 
Number of asset objects unloaded after import = 13
========================================================================
Received Import Request.
  Time since last request: 0.000107 seconds.
  path: Assets/polyperfect/Low Poly Ultimate Pack/T/- Prefabs_T/Buildings_T/building-house-middle.prefab
  artifactKey: Guid(53f2f504209c2456da34616123100233) Importer(815301076,1909f56bfc062723c751e8b465ee728b)
Number of updated assets reloaded before import = 0
Start importing Assets/polyperfect/Low Poly Ultimate Pack/T/- Prefabs_T/Buildings_T/building-house-middle.prefab using Guid(53f2f504209c2456da34616123100233) Importer(815301076,1909f56bfc062723c751e8b465ee728b)  -> (artifact id: '736b76e5ac414a664a34dc63e6f37aa4') in 0.037349 seconds 
Number of asset objects unloaded after import = 13
========================================================================
Received Import Request.
  Time since last request: 0.000071 seconds.
  path: Assets/polyperfect/Low Poly Ultimate Pack/T/- Prefabs_T/Buildings_T/building-office-rounded.prefab
  artifactKey: Guid(8935a5e4af4bd994496fcd8b2338cb0f) Importer(815301076,1909f56bfc062723c751e8b465ee728b)
Number of updated assets reloaded before import = 0
Start importing Assets/polyperfect/Low Poly Ultimate Pack/T/- Prefabs_T/Buildings_T/building-office-rounded.prefab using Guid(8935a5e4af4bd994496fcd8b2338cb0f) Importer(815301076,1909f56bfc062723c751e8b465ee728b)  -> (artifact id: '0fbcc2b164598fc71c992e22252987ed') in 0.038696 seconds 
Number of asset objects unloaded after import = 13
========================================================================
Received Import Request.
  Time since last request: 0.000041 seconds.
  path: Assets/polyperfect/Low Poly Ultimate Pack/T/- Prefabs_T/Buildings_T/building-market-china.prefab
  artifactKey: Guid(3f5ebd51f59d75c40a07e99596dc020d) Importer(815301076,1909f56bfc062723c751e8b465ee728b)
Number of updated assets reloaded before import = 0
Start importing Assets/polyperfect/Low Poly Ultimate Pack/T/- Prefabs_T/Buildings_T/building-market-china.prefab using Guid(3f5ebd51f59d75c40a07e99596dc020d) Importer(815301076,1909f56bfc062723c751e8b465ee728b)  -> (artifact id: '3ebb376cfa6f2f7618d2b5bf520b0c76') in 0.039151 seconds 
Number of asset objects unloaded after import = 13
========================================================================
Received Import Request.
  Time since last request: 0.000037 seconds.
  path: Assets/polyperfect/Low Poly Ultimate Pack/T/- Prefabs_T/Buildings_T/building-house-block-big.prefab
  artifactKey: Guid(a640576d40f497a4d974f1626626d43f) Importer(815301076,1909f56bfc062723c751e8b465ee728b)
Number of updated assets reloaded before import = 0
Start importing Assets/polyperfect/Low Poly Ultimate Pack/T/- Prefabs_T/Buildings_T/building-house-block-big.prefab using Guid(a640576d40f497a4d974f1626626d43f) Importer(815301076,1909f56bfc062723c751e8b465ee728b)  -> (artifact id: 'e896f0b41474ffdd50f868e568c34c1c') in 0.035982 seconds 
Number of asset objects unloaded after import = 13
========================================================================
Received Import Request.
  Time since last request: 0.199542 seconds.
  path: Assets/polyperfect/Low Poly Ultimate Pack/T/- Prefabs_T/Buildings_T/building-pagoda-china.prefab
  artifactKey: Guid(9af66f1d69983544486138d19179f0fe) Importer(815301076,1909f56bfc062723c751e8b465ee728b)
Number of updated assets reloaded before import = 0
Start importing Assets/polyperfect/Low Poly Ultimate Pack/T/- Prefabs_T/Buildings_T/building-pagoda-china.prefab using Guid(9af66f1d69983544486138d19179f0fe) Importer(815301076,1909f56bfc062723c751e8b465ee728b)  -> (artifact id: 'd6703f13da995a1fdbba57171d5eb518') in 0.028842 seconds 
Number of asset objects unloaded after import = 13
========================================================================
Received Import Request.
  Time since last request: 0.000061 seconds.
  path: Assets/polyperfect/Low Poly Ultimate Pack/T/- Prefabs_T/Buildings_T/building-policestation-garage.prefab
  artifactKey: Guid(6ad39ebe0d0f9ef49aeafecb8545c21c) Importer(815301076,1909f56bfc062723c751e8b465ee728b)
Number of updated assets reloaded before import = 0
Start importing Assets/polyperfect/Low Poly Ultimate Pack/T/- Prefabs_T/Buildings_T/building-policestation-garage.prefab using Guid(6ad39ebe0d0f9ef49aeafecb8545c21c) Importer(815301076,1909f56bfc062723c751e8b465ee728b)  -> (artifact id: '3540641df54b020e1c6b25bfdb6a6d0a') in 0.047255 seconds 
Number of asset objects unloaded after import = 13
========================================================================
Received Import Request.
  Time since last request: 0.000614 seconds.
  path: Assets/polyperfect/Low Poly Ultimate Pack/T/- Prefabs_T/Buildings_T/building-restuarant-china.prefab
  artifactKey: Guid(dfe5d1b589efe2842893d75740ad26b8) Importer(815301076,1909f56bfc062723c751e8b465ee728b)
Number of updated assets reloaded before import = 0
Start importing Assets/polyperfect/Low Poly Ultimate Pack/T/- Prefabs_T/Buildings_T/building-restuarant-china.prefab using Guid(dfe5d1b589efe2842893d75740ad26b8) Importer(815301076,1909f56bfc062723c751e8b465ee728b)  -> (artifact id: 'ef913e124a4e87541ebae200aab8ca45') in 0.040993 seconds 
Number of asset objects unloaded after import = 13
========================================================================
Received Import Request.
  Time since last request: 0.000033 seconds.
  path: Assets/polyperfect/Low Poly Ultimate Pack/T/- Prefabs_T/Buildings_T/building-skyscraper.prefab
  artifactKey: Guid(2fcc9573ecaf4af47b08647efe496c8e) Importer(815301076,1909f56bfc062723c751e8b465ee728b)
Number of updated assets reloaded before import = 0
Start importing Assets/polyperfect/Low Poly Ultimate Pack/T/- Prefabs_T/Buildings_T/building-skyscraper.prefab using Guid(2fcc9573ecaf4af47b08647efe496c8e) Importer(815301076,1909f56bfc062723c751e8b465ee728b)  -> (artifact id: '24bf4c3cf9648823ebe31db450cdb0f9') in 0.041791 seconds 
Number of asset objects unloaded after import = 13
========================================================================
Received Import Request.
  Time since last request: 0.407445 seconds.
  path: Assets/polyperfect/Low Poly Ultimate Pack/T/- Prefabs_T/Buildings_T/cooling-tower.prefab
  artifactKey: Guid(553acd256cca5aa42bdd67a263b227a6) Importer(815301076,1909f56bfc062723c751e8b465ee728b)
Number of updated assets reloaded before import = 0
Start importing Assets/polyperfect/Low Poly Ultimate Pack/T/- Prefabs_T/Buildings_T/cooling-tower.prefab using Guid(553acd256cca5aa42bdd67a263b227a6) Importer(815301076,1909f56bfc062723c751e8b465ee728b)  -> (artifact id: '5f736848c51bd9806f2a5272016eb5a4') in 0.025912 seconds 
Number of asset objects unloaded after import = 13
========================================================================
Received Import Request.
  Time since last request: 0.000060 seconds.
  path: Assets/polyperfect/Low Poly Ultimate Pack/T/- Prefabs_T/Buildings_T/industry-storage.prefab
  artifactKey: Guid(a520474f707db444aae91b030252930d) Importer(815301076,1909f56bfc062723c751e8b465ee728b)
Number of updated assets reloaded before import = 0
Start importing Assets/polyperfect/Low Poly Ultimate Pack/T/- Prefabs_T/Buildings_T/industry-storage.prefab using Guid(a520474f707db444aae91b030252930d) Importer(815301076,1909f56bfc062723c751e8b465ee728b)  -> (artifact id: '44e59648b7b02237ea2aa672f6c43427') in 0.042668 seconds 
Number of asset objects unloaded after import = 13
========================================================================
Received Import Request.
  Time since last request: 0.000077 seconds.
  path: Assets/polyperfect/Low Poly Ultimate Pack/T/- Prefabs_T/Buildings_T/crane-docks.prefab
  artifactKey: Guid(320cc64e36557bc41835f6cef53fb7a1) Importer(815301076,1909f56bfc062723c751e8b465ee728b)
Number of updated assets reloaded before import = 0
Start importing Assets/polyperfect/Low Poly Ultimate Pack/T/- Prefabs_T/Buildings_T/crane-docks.prefab using Guid(320cc64e36557bc41835f6cef53fb7a1) Importer(815301076,1909f56bfc062723c751e8b465ee728b)  -> (artifact id: 'e22a5f5d5b332a2888bc049272ce332a') in 0.042006 seconds 
Number of asset objects unloaded after import = 45
========================================================================
Received Import Request.
  Time since last request: 0.000053 seconds.
  path: Assets/polyperfect/Low Poly Ultimate Pack/T/- Prefabs_T/Buildings_T/skyscraper2-part-middle.prefab
  artifactKey: Guid(37a69615be43dd847829ae92410a1c4b) Importer(815301076,1909f56bfc062723c751e8b465ee728b)
Number of updated assets reloaded before import = 0
Start importing Assets/polyperfect/Low Poly Ultimate Pack/T/- Prefabs_T/Buildings_T/skyscraper2-part-middle.prefab using Guid(37a69615be43dd847829ae92410a1c4b) Importer(815301076,1909f56bfc062723c751e8b465ee728b)  -> (artifact id: '4aba62f12a4305c8e25f5be82fa6a06b') in 0.035514 seconds 
Number of asset objects unloaded after import = 13
========================================================================
Received Import Request.
  Time since last request: 0.000030 seconds.
  path: Assets/polyperfect/Low Poly Ultimate Pack/T/- Prefabs_T/Buildings_T/nuclear-power-plant.prefab
  artifactKey: Guid(2019c2b50fa1bec41bc5c8133649fb6f) Importer(815301076,1909f56bfc062723c751e8b465ee728b)
Number of updated assets reloaded before import = 0
Start importing Assets/polyperfect/Low Poly Ultimate Pack/T/- Prefabs_T/Buildings_T/nuclear-power-plant.prefab using Guid(2019c2b50fa1bec41bc5c8133649fb6f) Importer(815301076,1909f56bfc062723c751e8b465ee728b)  -> (artifact id: '504027378e674e102fa3550350f5484a') in 0.035344 seconds 
Number of asset objects unloaded after import = 13
========================================================================
Received Import Request.
  Time since last request: 0.000038 seconds.
  path: Assets/polyperfect/Low Poly Ultimate Pack/T/- Prefabs_T/Buildings_T/mosque-tower.prefab
  artifactKey: Guid(4ac74fd0b6ba548488558c6e69a45784) Importer(815301076,1909f56bfc062723c751e8b465ee728b)
Number of updated assets reloaded before import = 0
Start importing Assets/polyperfect/Low Poly Ultimate Pack/T/- Prefabs_T/Buildings_T/mosque-tower.prefab using Guid(4ac74fd0b6ba548488558c6e69a45784) Importer(815301076,1909f56bfc062723c751e8b465ee728b)  -> (artifact id: 'f8247b453d0395870e7a854a95f6a775') in 0.030785 seconds 
Number of asset objects unloaded after import = 13
========================================================================
Received Import Request.
  Time since last request: 0.000025 seconds.
  path: Assets/polyperfect/Low Poly Ultimate Pack/T/- Prefabs_T/Buildings_T/skyscraper2-part-middle-small.prefab
  artifactKey: Guid(52c5c2ec105d0c94da7b95e18fea1562) Importer(815301076,1909f56bfc062723c751e8b465ee728b)
Number of updated assets reloaded before import = 0
Start importing Assets/polyperfect/Low Poly Ultimate Pack/T/- Prefabs_T/Buildings_T/skyscraper2-part-middle-small.prefab using Guid(52c5c2ec105d0c94da7b95e18fea1562) Importer(815301076,1909f56bfc062723c751e8b465ee728b)  -> (artifact id: '6846cc6bc89f085c18a53bb7b20aa014') in 0.034127 seconds 
Number of asset objects unloaded after import = 13
========================================================================
Received Import Request.
  Time since last request: 0.000030 seconds.
  path: Assets/polyperfect/Low Poly Ultimate Pack/T/- Prefabs_T/Buildings_T/skyscraper-part-bottom.prefab
  artifactKey: Guid(59c403a7c2e18f742a9054ac75945fcf) Importer(815301076,1909f56bfc062723c751e8b465ee728b)
Number of updated assets reloaded before import = 0
Start importing Assets/polyperfect/Low Poly Ultimate Pack/T/- Prefabs_T/Buildings_T/skyscraper-part-bottom.prefab using Guid(59c403a7c2e18f742a9054ac75945fcf) Importer(815301076,1909f56bfc062723c751e8b465ee728b)  -> (artifact id: '5c658be6f95375d0930581937867b4e0') in 0.035750 seconds 
Number of asset objects unloaded after import = 13
========================================================================
Received Import Request.
  Time since last request: 0.000033 seconds.
  path: Assets/polyperfect/Low Poly Ultimate Pack/T/- Prefabs_T/Buildings_T/lighthouse.prefab
  artifactKey: Guid(2c6fba3482b4a4c80ab2d5b430dfd8d2) Importer(815301076,1909f56bfc062723c751e8b465ee728b)
Number of updated assets reloaded before import = 0
Start importing Assets/polyperfect/Low Poly Ultimate Pack/T/- Prefabs_T/Buildings_T/lighthouse.prefab using Guid(2c6fba3482b4a4c80ab2d5b430dfd8d2) Importer(815301076,1909f56bfc062723c751e8b465ee728b)  -> (artifact id: '58a9db67c6d5d7c60d0bfe059dfee130') in 0.036665 seconds 
Number of asset objects unloaded after import = 13
========================================================================
Received Import Request.
  Time since last request: 0.000038 seconds.
  path: Assets/polyperfect/Low Poly Ultimate Pack/T/- Prefabs_T/Buildings_T/mosque.prefab
  artifactKey: Guid(470ebce0d5a9f7241ab4eb78fcde5151) Importer(815301076,1909f56bfc062723c751e8b465ee728b)
Number of updated assets reloaded before import = 0
Start importing Assets/polyperfect/Low Poly Ultimate Pack/T/- Prefabs_T/Buildings_T/mosque.prefab using Guid(470ebce0d5a9f7241ab4eb78fcde5151) Importer(815301076,1909f56bfc062723c751e8b465ee728b)  -> (artifact id: '282abcd74368cfb320193a41ab07107a') in 0.028147 seconds 
Number of asset objects unloaded after import = 13
========================================================================
Received Import Request.
  Time since last request: 0.312658 seconds.
  path: Assets/polyperfect/Low Poly Ultimate Pack/T/- Prefabs_T/Buildings_T/tent-party-big.prefab
  artifactKey: Guid(5e13bfd1b9ee46c499ba230f36cea853) Importer(815301076,1909f56bfc062723c751e8b465ee728b)
Number of updated assets reloaded before import = 0
Start importing Assets/polyperfect/Low Poly Ultimate Pack/T/- Prefabs_T/Buildings_T/tent-party-big.prefab using Guid(5e13bfd1b9ee46c499ba230f36cea853) Importer(815301076,1909f56bfc062723c751e8b465ee728b)  -> (artifact id: '475ceccefc0c39cfcdbf86c8ebec7d07') in 0.030228 seconds 
Number of asset objects unloaded after import = 13
========================================================================
Received Import Request.
  Time since last request: 0.000046 seconds.
  path: Assets/polyperfect/Low Poly Ultimate Pack/T/- Prefabs_T/Buildings_T/train-station-platform-sign-small.prefab
  artifactKey: Guid(902f009a4e5c49d4497ebb581f088943) Importer(815301076,1909f56bfc062723c751e8b465ee728b)
Number of updated assets reloaded before import = 0
Start importing Assets/polyperfect/Low Poly Ultimate Pack/T/- Prefabs_T/Buildings_T/train-station-platform-sign-small.prefab using Guid(902f009a4e5c49d4497ebb581f088943) Importer(815301076,1909f56bfc062723c751e8b465ee728b)  -> (artifact id: 'e4681a7cac0c92c2a9c1e2a6570534f8') in 0.040730 seconds 
Number of asset objects unloaded after import = 13
========================================================================
Received Import Request.
  Time since last request: 0.000062 seconds.
  path: Assets/polyperfect/Low Poly Ultimate Pack/T/- Prefabs_T/Buildings_T/train-station-platform-light-small.prefab
  artifactKey: Guid(9012297d2c331e94e9dadb75e3f87787) Importer(815301076,1909f56bfc062723c751e8b465ee728b)
Number of updated assets reloaded before import = 0
Start importing Assets/polyperfect/Low Poly Ultimate Pack/T/- Prefabs_T/Buildings_T/train-station-platform-light-small.prefab using Guid(9012297d2c331e94e9dadb75e3f87787) Importer(815301076,1909f56bfc062723c751e8b465ee728b)  -> (artifact id: '8f8a622c31506b70ba7108ffb55d2545') in 0.032398 seconds 
Number of asset objects unloaded after import = 13
========================================================================
Received Import Request.
  Time since last request: 0.019692 seconds.
  path: Assets/polyperfect/Low Poly Ultimate Pack/T/- Prefabs_T/Buildings_T/train-station-platform.prefab
  artifactKey: Guid(a7ca903e09305e74085cddfd2ca65eba) Importer(815301076,1909f56bfc062723c751e8b465ee728b)
Number of updated assets reloaded before import = 0
Start importing Assets/polyperfect/Low Poly Ultimate Pack/T/- Prefabs_T/Buildings_T/train-station-platform.prefab using Guid(a7ca903e09305e74085cddfd2ca65eba) Importer(815301076,1909f56bfc062723c751e8b465ee728b)  -> (artifact id: '9a72fd5af1469bc201aff7a590cb0d73') in 0.031648 seconds 
Number of asset objects unloaded after import = 13
========================================================================
Received Import Request.
  Time since last request: 0.000041 seconds.
  path: Assets/polyperfect/Low Poly Ultimate Pack/T/- Prefabs_T/Buildings_T/trainstation-oberpass-end.prefab
  artifactKey: Guid(66cd70eee017dfd47a9baafa18230a19) Importer(815301076,1909f56bfc062723c751e8b465ee728b)
Number of updated assets reloaded before import = 0
Start importing Assets/polyperfect/Low Poly Ultimate Pack/T/- Prefabs_T/Buildings_T/trainstation-oberpass-end.prefab using Guid(66cd70eee017dfd47a9baafa18230a19) Importer(815301076,1909f56bfc062723c751e8b465ee728b)  -> (artifact id: '9f015aa64e65e09ebd56d720fc3b2b00') in 0.043376 seconds 
Number of asset objects unloaded after import = 13
========================================================================
Received Import Request.
  Time since last request: 0.000189 seconds.
  path: Assets/polyperfect/Low Poly Ultimate Pack/T/- Prefabs_T/Buildings_T/trainstation-oberpass.prefab
  artifactKey: Guid(f71b960d4c0d3dc47b25d3a42d6ac694) Importer(815301076,1909f56bfc062723c751e8b465ee728b)
Number of updated assets reloaded before import = 0
Start importing Assets/polyperfect/Low Poly Ultimate Pack/T/- Prefabs_T/Buildings_T/trainstation-oberpass.prefab using Guid(f71b960d4c0d3dc47b25d3a42d6ac694) Importer(815301076,1909f56bfc062723c751e8b465ee728b)  -> (artifact id: '192e07a9ca4589f45077580fb918901c') in 0.033331 seconds 
Number of asset objects unloaded after import = 13
========================================================================
Received Import Request.
  Time since last request: 89.456012 seconds.
  path: Assets/polyperfect/Low Poly Ultimate Pack/T/- Prefabs_T/Buildings_T/Parts_T/door-garage.prefab
  artifactKey: Guid(2fe4768526dae477bbbc20789ee7381d) Importer(815301076,1909f56bfc062723c751e8b465ee728b)
Number of updated assets reloaded before import = 0
Start importing Assets/polyperfect/Low Poly Ultimate Pack/T/- Prefabs_T/Buildings_T/Parts_T/door-garage.prefab using Guid(2fe4768526dae477bbbc20789ee7381d) Importer(815301076,1909f56bfc062723c751e8b465ee728b)  -> (artifact id: '3f93f46f8435105582885fc42e04d2ab') in 0.029980 seconds 
Number of asset objects unloaded after import = 13
========================================================================
Received Import Request.
  Time since last request: 0.000037 seconds.
  path: Assets/polyperfect/Low Poly Ultimate Pack/T/- Prefabs_T/Buildings_T/Parts_T/house-wall-corner-small.prefab
  artifactKey: Guid(6be5631165322f5419db74ee6658a7af) Importer(815301076,1909f56bfc062723c751e8b465ee728b)
Number of updated assets reloaded before import = 0
Start importing Assets/polyperfect/Low Poly Ultimate Pack/T/- Prefabs_T/Buildings_T/Parts_T/house-wall-corner-small.prefab using Guid(6be5631165322f5419db74ee6658a7af) Importer(815301076,1909f56bfc062723c751e8b465ee728b)  -> (artifact id: '676fe6208a3e38b19d191ed2fb652c9d') in 0.036254 seconds 
Number of asset objects unloaded after import = 13
========================================================================
Received Import Request.
  Time since last request: 0.000033 seconds.
  path: Assets/polyperfect/Low Poly Ultimate Pack/T/- Prefabs_T/Buildings_T/Parts_T/house-roof-porch-edge-1x1m.prefab
  artifactKey: Guid(2b172c10b294b4464ac0ee04d443fe27) Importer(815301076,1909f56bfc062723c751e8b465ee728b)
Number of updated assets reloaded before import = 0
Start importing Assets/polyperfect/Low Poly Ultimate Pack/T/- Prefabs_T/Buildings_T/Parts_T/house-roof-porch-edge-1x1m.prefab using Guid(2b172c10b294b4464ac0ee04d443fe27) Importer(815301076,1909f56bfc062723c751e8b465ee728b)  -> (artifact id: '69aa0abbbedeec7bdd0cc3d1c54361f3') in 0.036717 seconds 
Number of asset objects unloaded after import = 13
========================================================================
Received Import Request.
  Time since last request: 0.000217 seconds.
  path: Assets/polyperfect/Low Poly Ultimate Pack/T/- Prefabs_T/Buildings_T/Parts_T/door-house-window.prefab
  artifactKey: Guid(6145d5951618c424694dca6346bf5d98) Importer(815301076,1909f56bfc062723c751e8b465ee728b)
Number of updated assets reloaded before import = 0
Start importing Assets/polyperfect/Low Poly Ultimate Pack/T/- Prefabs_T/Buildings_T/Parts_T/door-house-window.prefab using Guid(6145d5951618c424694dca6346bf5d98) Importer(815301076,1909f56bfc062723c751e8b465ee728b)  -> (artifact id: 'f8842d55766a04a8f8f84b8e70029353') in 0.037509 seconds 
Number of asset objects unloaded after import = 13
========================================================================
Received Import Request.
  Time since last request: 0.000032 seconds.
  path: Assets/polyperfect/Low Poly Ultimate Pack/T/- Prefabs_T/Buildings_T/Parts_T/house-floor-3x3m.prefab
  artifactKey: Guid(ba55787fdb425b44ab29298578bcd4ee) Importer(815301076,1909f56bfc062723c751e8b465ee728b)
Number of updated assets reloaded before import = 0
Start importing Assets/polyperfect/Low Poly Ultimate Pack/T/- Prefabs_T/Buildings_T/Parts_T/house-floor-3x3m.prefab using Guid(ba55787fdb425b44ab29298578bcd4ee) Importer(815301076,1909f56bfc062723c751e8b465ee728b)  -> (artifact id: '405a1d485fd60f292d1ecc6783bdfa8e') in 0.038832 seconds 
Number of asset objects unloaded after import = 13
========================================================================
Received Import Request.
  Time since last request: 0.000055 seconds.
  path: Assets/polyperfect/Low Poly Ultimate Pack/T/- Prefabs_T/Buildings_T/Parts_T/house-roof-edge-1x3m.prefab
  artifactKey: Guid(a664d08a9d57c45c7ba8dd01232f2a2c) Importer(815301076,1909f56bfc062723c751e8b465ee728b)
Number of updated assets reloaded before import = 0
Start importing Assets/polyperfect/Low Poly Ultimate Pack/T/- Prefabs_T/Buildings_T/Parts_T/house-roof-edge-1x3m.prefab using Guid(a664d08a9d57c45c7ba8dd01232f2a2c) Importer(815301076,1909f56bfc062723c751e8b465ee728b)  -> (artifact id: '162de11b6ddd09bbdac6780b83193fb0') in 0.034685 seconds 
Number of asset objects unloaded after import = 13
========================================================================
Received Import Request.
  Time since last request: 0.000027 seconds.
  path: Assets/polyperfect/Low Poly Ultimate Pack/T/- Prefabs_T/Buildings_T/Parts_T/house-wall-corner-half.prefab
  artifactKey: Guid(82d6dd6d8fba94315b8db5c6cefb9d8c) Importer(815301076,1909f56bfc062723c751e8b465ee728b)
Number of updated assets reloaded before import = 0
Start importing Assets/polyperfect/Low Poly Ultimate Pack/T/- Prefabs_T/Buildings_T/Parts_T/house-wall-corner-half.prefab using Guid(82d6dd6d8fba94315b8db5c6cefb9d8c) Importer(815301076,1909f56bfc062723c751e8b465ee728b)  -> (artifact id: '2140a8b98cc58fafa54d73df37d37263') in 0.031342 seconds 
Number of asset objects unloaded after import = 13
========================================================================
Received Import Request.
  Time since last request: 0.000065 seconds.
  path: Assets/polyperfect/Low Poly Ultimate Pack/T/- Prefabs_T/Buildings_T/Parts_T/house-roof-window-3x3m.prefab
  artifactKey: Guid(b71a355a7a29a4f429140c0f6a820da3) Importer(815301076,1909f56bfc062723c751e8b465ee728b)
Number of updated assets reloaded before import = 0
Start importing Assets/polyperfect/Low Poly Ultimate Pack/T/- Prefabs_T/Buildings_T/Parts_T/house-roof-window-3x3m.prefab using Guid(b71a355a7a29a4f429140c0f6a820da3) Importer(815301076,1909f56bfc062723c751e8b465ee728b)  -> (artifact id: 'a64afac0a05d24d9a7cbefc2a8ecadf6') in 0.039901 seconds 
Number of asset objects unloaded after import = 13
========================================================================
Received Import Request.
  Time since last request: 0.000068 seconds.
  path: Assets/polyperfect/Low Poly Ultimate Pack/T/- Prefabs_T/Buildings_T/Parts_T/house-wall-1x3m.prefab
  artifactKey: Guid(7afb4dafed8717e47acb92d1555ced73) Importer(815301076,1909f56bfc062723c751e8b465ee728b)
Number of updated assets reloaded before import = 0
Start importing Assets/polyperfect/Low Poly Ultimate Pack/T/- Prefabs_T/Buildings_T/Parts_T/house-wall-1x3m.prefab using Guid(7afb4dafed8717e47acb92d1555ced73) Importer(815301076,1909f56bfc062723c751e8b465ee728b)  -> (artifact id: 'b6c28cdb73fcc5953fd8c7009309f54d') in 0.034481 seconds 
Number of asset objects unloaded after import = 13
========================================================================
Received Import Request.
  Time since last request: 0.000070 seconds.
  path: Assets/polyperfect/Low Poly Ultimate Pack/T/- Prefabs_T/Buildings_T/Parts_T/house-wall-4x3m.prefab
  artifactKey: Guid(737712ecf87da154b9ea9c3a5d714694) Importer(815301076,1909f56bfc062723c751e8b465ee728b)
Number of updated assets reloaded before import = 0
Start importing Assets/polyperfect/Low Poly Ultimate Pack/T/- Prefabs_T/Buildings_T/Parts_T/house-wall-4x3m.prefab using Guid(737712ecf87da154b9ea9c3a5d714694) Importer(815301076,1909f56bfc062723c751e8b465ee728b)  -> (artifact id: 'e9c4329c5eaa135581b1799f7482e77b') in 0.033818 seconds 
Number of asset objects unloaded after import = 13
========================================================================
Received Import Request.
  Time since last request: 0.000045 seconds.
  path: Assets/polyperfect/Low Poly Ultimate Pack/T/- Prefabs_T/Buildings_T/Parts_T/door-house-simple.prefab
  artifactKey: Guid(4d71afa5402df401cae5bef0cc65d5e8) Importer(815301076,1909f56bfc062723c751e8b465ee728b)
Number of updated assets reloaded before import = 0
Start importing Assets/polyperfect/Low Poly Ultimate Pack/T/- Prefabs_T/Buildings_T/Parts_T/door-house-simple.prefab using Guid(4d71afa5402df401cae5bef0cc65d5e8) Importer(815301076,1909f56bfc062723c751e8b465ee728b)  -> (artifact id: '21686aa9369da428346b0e5e3ca9e135') in 0.035650 seconds 
Number of asset objects unloaded after import = 13
========================================================================
Received Import Request.
  Time since last request: 9.689612 seconds.
  path: Assets/polyperfect/Low Poly Ultimate Pack/T/- Prefabs_T/Amusement Park_T/stand-ice-cream.prefab
  artifactKey: Guid(eaa54810035053643a8a9c81e7a2ca78) Importer(815301076,1909f56bfc062723c751e8b465ee728b)
Number of updated assets reloaded before import = 0
Start importing Assets/polyperfect/Low Poly Ultimate Pack/T/- Prefabs_T/Amusement Park_T/stand-ice-cream.prefab using Guid(eaa54810035053643a8a9c81e7a2ca78) Importer(815301076,1909f56bfc062723c751e8b465ee728b)  -> (artifact id: 'd703556d0d3390e630573e5a0058ef59') in 0.024772 seconds 
Number of asset objects unloaded after import = 14
========================================================================
Received Import Request.
  Time since last request: 0.000048 seconds.
  path: Assets/polyperfect/Low Poly Ultimate Pack/T/- Prefabs_T/Amusement Park_T/sushi-stall.prefab
  artifactKey: Guid(0839d72d1f78b1f4e9f731860a7a52a6) Importer(815301076,1909f56bfc062723c751e8b465ee728b)
Number of updated assets reloaded before import = 0
Start importing Assets/polyperfect/Low Poly Ultimate Pack/T/- Prefabs_T/Amusement Park_T/sushi-stall.prefab using Guid(0839d72d1f78b1f4e9f731860a7a52a6) Importer(815301076,1909f56bfc062723c751e8b465ee728b)  -> (artifact id: '07440ebdbeaa0928df6cca84e4df32ab') in 0.039052 seconds 
Number of asset objects unloaded after import = 13
========================================================================
Received Import Request.
  Time since last request: 0.000030 seconds.
  path: Assets/polyperfect/Low Poly Ultimate Pack/T/- Prefabs_T/Amusement Park_T/stand-popcorn-small.prefab
  artifactKey: Guid(24b492c39151f404dbc4cf1c5e429bc1) Importer(815301076,1909f56bfc062723c751e8b465ee728b)
Number of updated assets reloaded before import = 0
Start importing Assets/polyperfect/Low Poly Ultimate Pack/T/- Prefabs_T/Amusement Park_T/stand-popcorn-small.prefab using Guid(24b492c39151f404dbc4cf1c5e429bc1) Importer(815301076,1909f56bfc062723c751e8b465ee728b)  -> (artifact id: '3e222bd75e3e26b386128b112d020ea6') in 0.037820 seconds 
Number of asset objects unloaded after import = 14
========================================================================
Received Import Request.
  Time since last request: 0.499457 seconds.
  path: Assets/polyperfect/Low Poly Ultimate Pack/T/- Prefabs_T/Amusement Park_T/water-ride.prefab
  artifactKey: Guid(66a2b95882ec4514587634556ea9b063) Importer(815301076,1909f56bfc062723c751e8b465ee728b)
Number of updated assets reloaded before import = 0
Start importing Assets/polyperfect/Low Poly Ultimate Pack/T/- Prefabs_T/Amusement Park_T/water-ride.prefab using Guid(66a2b95882ec4514587634556ea9b063) Importer(815301076,1909f56bfc062723c751e8b465ee728b)  -> (artifact id: '1030970267ab78196f39e2fce4e99313') in 0.019949 seconds 
Number of asset objects unloaded after import = 13
========================================================================
Received Import Request.
  Time since last request: 3.040616 seconds.
  path: Assets/polyperfect/Low Poly Ultimate Pack/T/- Prefabs_T/Beach_T/sunscreen-big.prefab
  artifactKey: Guid(fe0c5a7cb4760db419949ddaea0bccad) Importer(815301076,1909f56bfc062723c751e8b465ee728b)
Number of updated assets reloaded before import = 0
Start importing Assets/polyperfect/Low Poly Ultimate Pack/T/- Prefabs_T/Beach_T/sunscreen-big.prefab using Guid(fe0c5a7cb4760db419949ddaea0bccad) Importer(815301076,1909f56bfc062723c751e8b465ee728b)  -> (artifact id: '78ccb752337fde655b518a7a587222ce') in 0.031935 seconds 
Number of asset objects unloaded after import = 17
========================================================================
Received Import Request.
  Time since last request: 0.000033 seconds.
  path: Assets/polyperfect/Low Poly Ultimate Pack/T/- Prefabs_T/Beach_T/surf.prefab
  artifactKey: Guid(18569290fdfd2af43b4612047c997275) Importer(815301076,1909f56bfc062723c751e8b465ee728b)
Number of updated assets reloaded before import = 0
Start importing Assets/polyperfect/Low Poly Ultimate Pack/T/- Prefabs_T/Beach_T/surf.prefab using Guid(18569290fdfd2af43b4612047c997275) Importer(815301076,1909f56bfc062723c751e8b465ee728b)  -> (artifact id: '5eb6491f189e6fd86dece46b1efc772f') in 0.038005 seconds 
Number of asset objects unloaded after import = 13
========================================================================
Received Import Request.
  Time since last request: 211.746033 seconds.
  path: Assets/polyperfect/Low Poly Ultimate Pack/T/- Prefabs_T/Tiles_T/Tile-buildings_T/skyscraper-large.prefab
  artifactKey: Guid(de53ad1f230214698925615f90840b55) Importer(815301076,1909f56bfc062723c751e8b465ee728b)
Number of updated assets reloaded before import = 0
Start importing Assets/polyperfect/Low Poly Ultimate Pack/T/- Prefabs_T/Tiles_T/Tile-buildings_T/skyscraper-large.prefab using Guid(de53ad1f230214698925615f90840b55) Importer(815301076,1909f56bfc062723c751e8b465ee728b)  -> (artifact id: '39b1f20eb25a0258b6db321ed4337db0') in 0.034618 seconds 
Number of asset objects unloaded after import = 13
========================================================================
Received Import Request.
  Time since last request: 0.000028 seconds.
  path: Assets/polyperfect/Low Poly Ultimate Pack/T/- Prefabs_T/Tiles_T/Tile-buildings_T/skyscraper-tiny.prefab
  artifactKey: Guid(7f109c692607a441e931e630dffc400b) Importer(815301076,1909f56bfc062723c751e8b465ee728b)
Number of updated assets reloaded before import = 0
Start importing Assets/polyperfect/Low Poly Ultimate Pack/T/- Prefabs_T/Tiles_T/Tile-buildings_T/skyscraper-tiny.prefab using Guid(7f109c692607a441e931e630dffc400b) Importer(815301076,1909f56bfc062723c751e8b465ee728b)  -> (artifact id: '68a3aed7e5e654e118ae84d4a814f3cb') in 0.042339 seconds 
Number of asset objects unloaded after import = 13
========================================================================
Received Import Request.
  Time since last request: 0.000097 seconds.
  path: Assets/polyperfect/Low Poly Ultimate Pack/T/- Prefabs_T/Tiles_T/Tile-buildings_T/skyscraper.prefab
  artifactKey: Guid(b009ea8ed75414a389b647d7f7b728cc) Importer(815301076,1909f56bfc062723c751e8b465ee728b)
Number of updated assets reloaded before import = 0
Start importing Assets/polyperfect/Low Poly Ultimate Pack/T/- Prefabs_T/Tiles_T/Tile-buildings_T/skyscraper.prefab using Guid(b009ea8ed75414a389b647d7f7b728cc) Importer(815301076,1909f56bfc062723c751e8b465ee728b)  -> (artifact id: 'ebbd7131161e4be69850086a0a55ca30') in 0.033896 seconds 
Number of asset objects unloaded after import = 13
Editor requested this worker to shutdown with reason: Scaling down because of idle timeout
AssetImportWorker is now disconnected from the server
Process exiting
Exiting without the bug reporter. Application will terminate with return code 0