Using pre-set license
Built from '2021.3/staging' branch; Version is '2021.3.33f1 (ee5a2aa03ab2) revision 15620650'; Using compiler version '192829333'; Build Type 'Release'
OS: 'Windows 10  (10.0.19045) 64bit Core' Language: 'ko' Physical Memory: 16233 MB
BatchMode: 1, IsHumanControllingUs: 0, StartBugReporterOnCrash: 0, Is64bit: 1, IsPro: 1

COMMAND LINE ARGUMENTS:
C:\Program Files\Unity\Hub\Editor\2021.3.33f1\Editor\Unity.exe
-adb2
-batchMode
-noUpm
-name
AssetImportWorker3
-projectPath
C:/Users/peace/Documents/indv_work/Level
-logFile
Logs/AssetImportWorker3.log
-srvPort
50426
Successfully changed project path to: C:/Users/peace/Documents/indv_work/Level
C:/Users/peace/Documents/indv_work/Level
[UnityMemory] Configuration Parameters - Can be set up in boot.config
    "memorysetup-bucket-allocator-granularity=16"
    "memorysetup-bucket-allocator-bucket-count=8"
    "memorysetup-bucket-allocator-block-size=33554432"
    "memorysetup-bucket-allocator-block-count=8"
    "memorysetup-main-allocator-block-size=16777216"
    "memorysetup-thread-allocator-block-size=16777216"
    "memorysetup-gfx-main-allocator-block-size=16777216"
    "memorysetup-gfx-thread-allocator-block-size=16777216"
    "memorysetup-cache-allocator-block-size=4194304"
    "memorysetup-typetree-allocator-block-size=2097152"
    "memorysetup-profiler-bucket-allocator-granularity=16"
    "memorysetup-profiler-bucket-allocator-bucket-count=8"
    "memorysetup-profiler-bucket-allocator-block-size=33554432"
    "memorysetup-profiler-bucket-allocator-block-count=8"
    "memorysetup-profiler-allocator-block-size=16777216"
    "memorysetup-profiler-editor-allocator-block-size=1048576"
    "memorysetup-temp-allocator-size-main=16777216"
    "memorysetup-job-temp-allocator-block-size=2097152"
    "memorysetup-job-temp-allocator-block-size-background=1048576"
    "memorysetup-job-temp-allocator-reduction-small-platforms=262144"
    "memorysetup-temp-allocator-size-background-worker=32768"
    "memorysetup-temp-allocator-size-job-worker=262144"
    "memorysetup-temp-allocator-size-preload-manager=33554432"
    "memorysetup-temp-allocator-size-nav-mesh-worker=65536"
    "memorysetup-temp-allocator-size-audio-worker=65536"
    "memorysetup-temp-allocator-size-cloud-worker=32768"
    "memorysetup-temp-allocator-size-gi-baking-worker=262144"
    "memorysetup-temp-allocator-size-gfx=262144"
Player connection [19028] Host "[IP] 192.168.180.225 [Port] 0 [Flags] 2 [Guid] 2706232972 [EditorId] 2706232972 [Version] 1048832 [Id] WindowsEditor(7,DESKTOP-2BF80HA) [Debug] 1 [PackageName] WindowsEditor [ProjectName] Editor" joined multi-casting on [225.0.0.222:54997]...

Player connection [19028] Host "[IP] 192.168.180.225 [Port] 0 [Flags] 2 [Guid] 2706232972 [EditorId] 2706232972 [Version] 1048832 [Id] WindowsEditor(7,DESKTOP-2BF80HA) [Debug] 1 [PackageName] WindowsEditor [ProjectName] Editor" joined alternative multi-casting on [225.0.0.222:34997]...

[Physics::Module] Initialized MultithreadedJobDispatcher with {0} workers.
Refreshing native plugins compatible for Editor in 327.84 ms, found 5 plugins.
Preloading 0 native plugins for Editor in 0.00 ms.
Initialize engine version: 2021.3.33f1 (ee5a2aa03ab2)
[Subsystems] Discovering subsystems at path C:/Program Files/Unity/Hub/Editor/2021.3.33f1/Editor/Data/Resources/UnitySubsystems
[Subsystems] Discovering subsystems at path C:/Users/peace/Documents/indv_work/Level/Assets
GfxDevice: creating device client; threaded=0; jobified=0
Direct3D:
    Version:  Direct3D 11.0 [level 11.1]
    Renderer: NVIDIA GeForce GTX 1660 Ti (ID=0x2191)
    Vendor:   NVIDIA
    VRAM:     5991 MB
    Driver:   30.0.15.1278
Initialize mono
Mono path[0] = 'C:/Program Files/Unity/Hub/Editor/2021.3.33f1/Editor/Data/Managed'
Mono path[1] = 'C:/Program Files/Unity/Hub/Editor/2021.3.33f1/Editor/Data/MonoBleedingEdge/lib/mono/unityjit-win32'
Mono config path = 'C:/Program Files/Unity/Hub/Editor/2021.3.33f1/Editor/Data/MonoBleedingEdge/etc'
Using monoOptions --debugger-agent=transport=dt_socket,embedding=1,server=y,suspend=n,address=127.0.0.1:56512
Begin MonoManager ReloadAssembly
Registering precompiled unity dll's ...
Register platform support module: C:/Program Files/Unity/Hub/Editor/2021.3.33f1/Editor/Data/PlaybackEngines/AndroidPlayer/UnityEditor.Android.Extensions.dll
Register platform support module: C:/Program Files/Unity/Hub/Editor/2021.3.33f1/Editor/Data/PlaybackEngines/WindowsStandaloneSupport/UnityEditor.WindowsStandalone.Extensions.dll
Registered in 0.008290 seconds.
Native extension for WindowsStandalone target not found
Native extension for Android target not found
Android Extension - Scanning For ADB Devices 273 ms
Refreshing native plugins compatible for Editor in 234.35 ms, found 5 plugins.
Preloading 0 native plugins for Editor in 0.00 ms.
Mono: successfully reloaded assembly
- Completed reload, in  1.250 seconds
Domain Reload Profiling:
	ReloadAssembly (1250ms)
		BeginReloadAssembly (150ms)
			ExecutionOrderSort (0ms)
			DisableScriptedObjects (0ms)
			BackupInstance (0ms)
			ReleaseScriptingObjects (0ms)
			CreateAndSetChildDomain (2ms)
		EndReloadAssembly (993ms)
			LoadAssemblies (144ms)
			RebuildTransferFunctionScriptingTraits (0ms)
			SetupTypeCache (119ms)
			ReleaseScriptCaches (0ms)
			RebuildScriptCaches (30ms)
			SetupLoadedEditorAssemblies (799ms)
				LogAssemblyErrors (0ms)
				InitializePlatformSupportModulesInManaged (367ms)
				SetLoadedEditorAssemblies (0ms)
				RefreshPlugins (234ms)
				BeforeProcessingInitializeOnLoad (2ms)
				ProcessInitializeOnLoadAttributes (149ms)
				ProcessInitializeOnLoadMethodAttributes (46ms)
				AfterProcessingInitializeOnLoad (0ms)
				EditorAssembliesLoaded (0ms)
			ExecutionOrderSort2 (0ms)
			AwakeInstancesAfterBackupRestoration (0ms)
Platform modules already initialized, skipping
Registering precompiled user dll's ...
Registered in 0.008178 seconds.
Begin MonoManager ReloadAssembly
Native extension for WindowsStandalone target not found
Native extension for Android target not found
Refreshing native plugins compatible for Editor in 167.84 ms, found 5 plugins.
Preloading 0 native plugins for Editor in 0.00 ms.
Package Manager log level set to [2]
[Package Manager] Server::EnsureServerProcessIsRunning -- launch failed, reason: Unity was launched with the -noUpm command-line argument
[Package Manager] Cannot connect to Unity Package Manager local server
Mono: successfully reloaded assembly
- Completed reload, in  1.859 seconds
Domain Reload Profiling:
	ReloadAssembly (1860ms)
		BeginReloadAssembly (132ms)
			ExecutionOrderSort (0ms)
			DisableScriptedObjects (6ms)
			BackupInstance (0ms)
			ReleaseScriptingObjects (0ms)
			CreateAndSetChildDomain (19ms)
		EndReloadAssembly (1520ms)
			LoadAssemblies (117ms)
			RebuildTransferFunctionScriptingTraits (0ms)
			SetupTypeCache (333ms)
			ReleaseScriptCaches (1ms)
			RebuildScriptCaches (59ms)
			SetupLoadedEditorAssemblies (995ms)
				LogAssemblyErrors (0ms)
				InitializePlatformSupportModulesInManaged (19ms)
				SetLoadedEditorAssemblies (0ms)
				RefreshPlugins (168ms)
				BeforeProcessingInitializeOnLoad (113ms)
				ProcessInitializeOnLoadAttributes (613ms)
				ProcessInitializeOnLoadMethodAttributes (75ms)
				AfterProcessingInitializeOnLoad (7ms)
				EditorAssembliesLoaded (0ms)
			ExecutionOrderSort2 (0ms)
			AwakeInstancesAfterBackupRestoration (6ms)
Platform modules already initialized, skipping
========================================================================
Worker process is ready to serve import requests
Launched and connected shader compiler UnityShaderCompiler.exe after 0.06 seconds
Refreshing native plugins compatible for Editor in 2.12 ms, found 5 plugins.
Preloading 0 native plugins for Editor in 0.00 ms.
Unloading 5012 Unused Serialized files (Serialized files now loaded: 0)
Unloading 36 unused Assets / (0.7 MB). Loaded Objects now: 5464.
Memory consumption went from 213.7 MB to 213.0 MB.
Total: 3.972700 ms (FindLiveObjects: 0.391100 ms CreateObjectMapping: 0.287200 ms MarkObjects: 3.002000 ms  DeleteObjects: 0.291000 ms)

AssetImportParameters requested are different than current active one (requested -> active):
  custom:video-decoder-ogg-theora: a1e56fd34408186e4bbccfd4996cb3dc -> 
  custom:container-muxer-webm: aa71ff27fc2769a1b78a27578f13a17b -> 
  custom:container-demuxer-webm: 4f35f7cbe854078d1ac9338744f61a02 -> 
  custom:video-encoder-webm-vp8: eb34c28f22e8b96e1ab97ce403110664 -> 
  custom:CustomObjectIndexerAttribute: 6b0e35c9178b02a6363f3721b7b8e397 -> 
  custom:audio-encoder-webm-vorbis: bf7c407c2cedff20999df2af8eb42d56 -> 
  custom:framework-win-MediaFoundation: 216162199b28c13a410421893ffa2e32 -> 
  custom:SearchIndexIgnoredProperties: e643bd26f0fe6173181afceb89e7c659 -> 
  custom:container-demuxer-ogg: 62fdf1f143b41e24485cea50d1cbac27 -> 
  custom:video-decoder-webm-vp8: 9c59270c3fd7afecdb556c50c9e8de78 -> 
  custom:audio-decoder-ogg-vorbis: bf7c407c2cedff20999df2af8eb42d56 -> 
========================================================================
Received Import Request.
  Time since last request: 66163.314593 seconds.
  path: Assets/polyperfect/Low Poly Ultimate Pack/T/- Prefabs_T/Props_T/mail-box.prefab
  artifactKey: Guid(ac190142eb4ab4274a80ec7e374c7456) Importer(815301076,1909f56bfc062723c751e8b465ee728b)
Number of updated assets reloaded before import = 0
Start importing Assets/polyperfect/Low Poly Ultimate Pack/T/- Prefabs_T/Props_T/mail-box.prefab using Guid(ac190142eb4ab4274a80ec7e374c7456) Importer(815301076,1909f56bfc062723c751e8b465ee728b)  -> (artifact id: 'e8732e6e2e8cdf5b146e30ea90082fff') in 0.385964 seconds 
Number of asset objects unloaded after import = 23
========================================================================
Received Import Request.
  Time since last request: 0.139002 seconds.
  path: Assets/polyperfect/Low Poly Ultimate Pack/T/- Prefabs_T/Props_T/present-box.prefab
  artifactKey: Guid(b9d0f7a9a0d629b40aa1edee2a1506a2) Importer(815301076,1909f56bfc062723c751e8b465ee728b)
Number of updated assets reloaded before import = 0
Start importing Assets/polyperfect/Low Poly Ultimate Pack/T/- Prefabs_T/Props_T/present-box.prefab using Guid(b9d0f7a9a0d629b40aa1edee2a1506a2) Importer(815301076,1909f56bfc062723c751e8b465ee728b)  -> (artifact id: '7ca7e59cab7583bcbaeef8b63323a251') in 0.040765 seconds 
Number of asset objects unloaded after import = 21
========================================================================
Received Import Request.
  Time since last request: 0.000077 seconds.
  path: Assets/polyperfect/Low Poly Ultimate Pack/T/- Prefabs_T/Props_T/tent-pyramid_red.prefab
  artifactKey: Guid(5631c31ff3c8049e9bc1f85d4c54625f) Importer(815301076,1909f56bfc062723c751e8b465ee728b)
Number of updated assets reloaded before import = 0
Start importing Assets/polyperfect/Low Poly Ultimate Pack/T/- Prefabs_T/Props_T/tent-pyramid_red.prefab using Guid(5631c31ff3c8049e9bc1f85d4c54625f) Importer(815301076,1909f56bfc062723c751e8b465ee728b)  -> (artifact id: '81b4e79d487d19bfbfed12986c6a89d6') in 0.050147 seconds 
Number of asset objects unloaded after import = 13
========================================================================
Received Import Request.
  Time since last request: 0.876101 seconds.
  path: Assets/polyperfect/Low Poly Ultimate Pack/T/- Prefabs_T/Props_T/trash-can.prefab
  artifactKey: Guid(f35e0a1a16d91f6499c492877a839ba6) Importer(815301076,1909f56bfc062723c751e8b465ee728b)
Number of updated assets reloaded before import = 0
Start importing Assets/polyperfect/Low Poly Ultimate Pack/T/- Prefabs_T/Props_T/trash-can.prefab using Guid(f35e0a1a16d91f6499c492877a839ba6) Importer(815301076,1909f56bfc062723c751e8b465ee728b)  -> (artifact id: '8fca9c520f8c80d63d2d2cedcd543b7b') in 0.035352 seconds 
Number of asset objects unloaded after import = 21
========================================================================
Received Import Request.
  Time since last request: 0.000040 seconds.
  path: Assets/polyperfect/Low Poly Ultimate Pack/T/- Prefabs_T/Props_T/wedding-arch.prefab
  artifactKey: Guid(b459e01ad9c0b244ca9116b189b0d1a2) Importer(815301076,1909f56bfc062723c751e8b465ee728b)
Number of updated assets reloaded before import = 0
Start importing Assets/polyperfect/Low Poly Ultimate Pack/T/- Prefabs_T/Props_T/wedding-arch.prefab using Guid(b459e01ad9c0b244ca9116b189b0d1a2) Importer(815301076,1909f56bfc062723c751e8b465ee728b)  -> (artifact id: '8dbe0ed359c7b179c393d278a4d98845') in 0.046574 seconds 
Number of asset objects unloaded after import = 13
========================================================================
Received Import Request.
  Time since last request: 21.492377 seconds.
  path: Assets/polyperfect/Low Poly Ultimate Pack/T/- Prefabs_T/Props_T/City_T/bike-stand.prefab
  artifactKey: Guid(03651bbccbab71d43b351bf78cc4cc00) Importer(815301076,1909f56bfc062723c751e8b465ee728b)
Number of updated assets reloaded before import = 0
Start importing Assets/polyperfect/Low Poly Ultimate Pack/T/- Prefabs_T/Props_T/City_T/bike-stand.prefab using Guid(03651bbccbab71d43b351bf78cc4cc00) Importer(815301076,1909f56bfc062723c751e8b465ee728b)  -> (artifact id: 'e5d005ba0f40215900a33bd7bd164e14') in 0.031588 seconds 
Number of asset objects unloaded after import = 13
========================================================================
Received Import Request.
  Time since last request: 0.000056 seconds.
  path: Assets/polyperfect/Low Poly Ultimate Pack/T/- Prefabs_T/Props_T/City_T/bus-stop.prefab
  artifactKey: Guid(ad2419164e5b0e44ca88ce45b2b8ddab) Importer(815301076,1909f56bfc062723c751e8b465ee728b)
Number of updated assets reloaded before import = 0
Start importing Assets/polyperfect/Low Poly Ultimate Pack/T/- Prefabs_T/Props_T/City_T/bus-stop.prefab using Guid(ad2419164e5b0e44ca88ce45b2b8ddab) Importer(815301076,1909f56bfc062723c751e8b465ee728b)  -> (artifact id: 'acfa30fe2f887999b66e2476e8974c7b') in 0.032480 seconds 
Number of asset objects unloaded after import = 13
========================================================================
Received Import Request.
  Time since last request: 0.000029 seconds.
  path: Assets/polyperfect/Low Poly Ultimate Pack/T/- Prefabs_T/Props_T/City_T/fire-hydrant.prefab
  artifactKey: Guid(1c5f3552e1c67466e8d17d6b314b605e) Importer(815301076,1909f56bfc062723c751e8b465ee728b)
Number of updated assets reloaded before import = 0
Start importing Assets/polyperfect/Low Poly Ultimate Pack/T/- Prefabs_T/Props_T/City_T/fire-hydrant.prefab using Guid(1c5f3552e1c67466e8d17d6b314b605e) Importer(815301076,1909f56bfc062723c751e8b465ee728b)  -> (artifact id: 'f65f0cc9c45e53f87c569b51039bfa71') in 0.030256 seconds 
Number of asset objects unloaded after import = 13
========================================================================
Received Import Request.
  Time since last request: 0.000031 seconds.
  path: Assets/polyperfect/Low Poly Ultimate Pack/T/- Prefabs_T/Props_T/City_T/lamp-city.prefab
  artifactKey: Guid(b135320f4a43ba946bcd59fc78c7af4b) Importer(815301076,1909f56bfc062723c751e8b465ee728b)
Number of updated assets reloaded before import = 0
Start importing Assets/polyperfect/Low Poly Ultimate Pack/T/- Prefabs_T/Props_T/City_T/lamp-city.prefab using Guid(b135320f4a43ba946bcd59fc78c7af4b) Importer(815301076,1909f56bfc062723c751e8b465ee728b)  -> (artifact id: '7e33c83ad75af33a47252eb310728ba6') in 0.042564 seconds 
Number of asset objects unloaded after import = 13
========================================================================
Received Import Request.
  Time since last request: 0.000120 seconds.
  path: Assets/polyperfect/Low Poly Ultimate Pack/T/- Prefabs_T/Props_T/City_T/dumpster-lids.prefab
  artifactKey: Guid(84f378ac618dcab449b09c9019224b32) Importer(815301076,1909f56bfc062723c751e8b465ee728b)
Number of updated assets reloaded before import = 0
Start importing Assets/polyperfect/Low Poly Ultimate Pack/T/- Prefabs_T/Props_T/City_T/dumpster-lids.prefab using Guid(84f378ac618dcab449b09c9019224b32) Importer(815301076,1909f56bfc062723c751e8b465ee728b)  -> (artifact id: '8d9c76817343112c3a4dc3b0445ec5b9') in 0.047554 seconds 
Number of asset objects unloaded after import = 27
========================================================================
Received Import Request.
  Time since last request: 0.000144 seconds.
  path: Assets/polyperfect/Low Poly Ultimate Pack/T/- Prefabs_T/Props_T/City_T/bin-wheelie.prefab
  artifactKey: Guid(d15abc5daf2f94b21940801b1d2705a8) Importer(815301076,1909f56bfc062723c751e8b465ee728b)
Number of updated assets reloaded before import = 0
Start importing Assets/polyperfect/Low Poly Ultimate Pack/T/- Prefabs_T/Props_T/City_T/bin-wheelie.prefab using Guid(d15abc5daf2f94b21940801b1d2705a8) Importer(815301076,1909f56bfc062723c751e8b465ee728b)  -> (artifact id: '9f8bf2ad39c7b7c1cefe756c52c9374d') in 0.048248 seconds 
Number of asset objects unloaded after import = 21
========================================================================
Received Import Request.
  Time since last request: 0.000032 seconds.
  path: Assets/polyperfect/Low Poly Ultimate Pack/T/- Prefabs_T/Props_T/City_T/hot-dog-stand.prefab
  artifactKey: Guid(ee06803832a7a2e4abed560945bde1ca) Importer(815301076,1909f56bfc062723c751e8b465ee728b)
Number of updated assets reloaded before import = 0
Start importing Assets/polyperfect/Low Poly Ultimate Pack/T/- Prefabs_T/Props_T/City_T/hot-dog-stand.prefab using Guid(ee06803832a7a2e4abed560945bde1ca) Importer(815301076,1909f56bfc062723c751e8b465ee728b)  -> (artifact id: '7ac69212353f1ea1f5db6e65802f81ec') in 0.045339 seconds 
Number of asset objects unloaded after import = 13
========================================================================
Received Import Request.
  Time since last request: 2.514470 seconds.
  path: Assets/polyperfect/Low Poly Ultimate Pack/T/- Prefabs_T/Props_T/Fence_T/fence-classic.prefab
  artifactKey: Guid(a66031aa94a7b4d5b91f09a4f0a41e3f) Importer(815301076,1909f56bfc062723c751e8b465ee728b)
Number of updated assets reloaded before import = 0
Start importing Assets/polyperfect/Low Poly Ultimate Pack/T/- Prefabs_T/Props_T/Fence_T/fence-classic.prefab using Guid(a66031aa94a7b4d5b91f09a4f0a41e3f) Importer(815301076,1909f56bfc062723c751e8b465ee728b)  -> (artifact id: 'badfab75e717f97661bb7ea7b80dce23') in 0.030989 seconds 
Number of asset objects unloaded after import = 14
========================================================================
Received Import Request.
  Time since last request: 0.000035 seconds.
  path: Assets/polyperfect/Low Poly Ultimate Pack/T/- Prefabs_T/Props_T/Fence_T/fence-stone-gate-small.prefab
  artifactKey: Guid(4c3ed8976da134752806af921030c9b5) Importer(815301076,1909f56bfc062723c751e8b465ee728b)
Number of updated assets reloaded before import = 0
Start importing Assets/polyperfect/Low Poly Ultimate Pack/T/- Prefabs_T/Props_T/Fence_T/fence-stone-gate-small.prefab using Guid(4c3ed8976da134752806af921030c9b5) Importer(815301076,1909f56bfc062723c751e8b465ee728b)  -> (artifact id: '5cf94e36885a8653674b8e6a42b8e0ed') in 0.033509 seconds 
Number of asset objects unloaded after import = 13
========================================================================
Received Import Request.
  Time since last request: 0.000033 seconds.
  path: Assets/polyperfect/Low Poly Ultimate Pack/T/- Prefabs_T/Props_T/Fence_T/fence-stone-metal.prefab
  artifactKey: Guid(e53927ed842bb4316a1e46b1c9253c79) Importer(815301076,1909f56bfc062723c751e8b465ee728b)
Number of updated assets reloaded before import = 0
Start importing Assets/polyperfect/Low Poly Ultimate Pack/T/- Prefabs_T/Props_T/Fence_T/fence-stone-metal.prefab using Guid(e53927ed842bb4316a1e46b1c9253c79) Importer(815301076,1909f56bfc062723c751e8b465ee728b)  -> (artifact id: '9cfa742a60b40d76a226e98a52465066') in 0.053937 seconds 
Number of asset objects unloaded after import = 13
========================================================================
Received Import Request.
  Time since last request: 0.000236 seconds.
  path: Assets/polyperfect/Low Poly Ultimate Pack/T/- Prefabs_T/Props_T/Fence_T/fence-picket.prefab
  artifactKey: Guid(10e99c39073314fc9bdff0e963398434) Importer(815301076,1909f56bfc062723c751e8b465ee728b)
Number of updated assets reloaded before import = 0
Start importing Assets/polyperfect/Low Poly Ultimate Pack/T/- Prefabs_T/Props_T/Fence_T/fence-picket.prefab using Guid(10e99c39073314fc9bdff0e963398434) Importer(815301076,1909f56bfc062723c751e8b465ee728b)  -> (artifact id: '6e0e15629a72f927189cb7444ce87ef9') in 0.047864 seconds 
Number of asset objects unloaded after import = 13
========================================================================
Received Import Request.
  Time since last request: 0.061901 seconds.
  path: Assets/polyperfect/Low Poly Ultimate Pack/T/- Prefabs_T/Props_T/House_T/grill-round.prefab
  artifactKey: Guid(bc9b819cf375041aabe8b819ce0cf1a4) Importer(815301076,1909f56bfc062723c751e8b465ee728b)
Number of updated assets reloaded before import = 0
Start importing Assets/polyperfect/Low Poly Ultimate Pack/T/- Prefabs_T/Props_T/House_T/grill-round.prefab using Guid(bc9b819cf375041aabe8b819ce0cf1a4) Importer(815301076,1909f56bfc062723c751e8b465ee728b)  -> (artifact id: 'b4182753d3be6a5919c82c10a811c621') in 0.034545 seconds 
Number of asset objects unloaded after import = 21
========================================================================
Received Import Request.
  Time since last request: 0.000029 seconds.
  path: Assets/polyperfect/Low Poly Ultimate Pack/T/- Prefabs_T/Props_T/House_T/wallbox.prefab
  artifactKey: Guid(0e2c94034b9e8154c9f554d98de2df34) Importer(815301076,1909f56bfc062723c751e8b465ee728b)
Number of updated assets reloaded before import = 0
Start importing Assets/polyperfect/Low Poly Ultimate Pack/T/- Prefabs_T/Props_T/House_T/wallbox.prefab using Guid(0e2c94034b9e8154c9f554d98de2df34) Importer(815301076,1909f56bfc062723c751e8b465ee728b)  -> (artifact id: '62d3cb79d8380fb3411f9360ae2df6eb') in 0.055832 seconds 
Number of asset objects unloaded after import = 13
========================================================================
Received Import Request.
  Time since last request: 0.000054 seconds.
  path: Assets/polyperfect/Low Poly Ultimate Pack/T/- Prefabs_T/Props_T/House_T/solar-panel-house.prefab
  artifactKey: Guid(ac9a2a91c7779a5499c14908b5d91b87) Importer(815301076,1909f56bfc062723c751e8b465ee728b)
Number of updated assets reloaded before import = 0
Start importing Assets/polyperfect/Low Poly Ultimate Pack/T/- Prefabs_T/Props_T/House_T/solar-panel-house.prefab using Guid(ac9a2a91c7779a5499c14908b5d91b87) Importer(815301076,1909f56bfc062723c751e8b465ee728b)  -> (artifact id: '16c3d9da30e6f631ae363897d49dffd6') in 0.051603 seconds 
Number of asset objects unloaded after import = 13
Editor requested this worker to shutdown with reason: Scaling down because of idle timeout
AssetImportWorker is now disconnected from the server
Process exiting
Exiting without the bug reporter. Application will terminate with return code 0