Using pre-set license
Built from '2021.3/staging' branch; Version is '2021.3.33f1 (ee5a2aa03ab2) revision 15620650'; Using compiler version '192829333'; Build Type 'Release'
OS: 'Windows 10  (10.0.19045) 64bit Core' Language: 'ko' Physical Memory: 16233 MB
BatchMode: 1, IsHumanControllingUs: 0, StartBugReporterOnCrash: 0, Is64bit: 1, IsPro: 1

COMMAND LINE ARGUMENTS:
C:\Program Files\Unity\Hub\Editor\2021.3.33f1\Editor\Unity.exe
-adb2
-batchMode
-noUpm
-name
AssetImportWorker2
-projectPath
C:/Users/peace/Documents/indv_work/Level
-logFile
Logs/AssetImportWorker2.log
-srvPort
50920
Successfully changed project path to: C:/Users/peace/Documents/indv_work/Level
C:/Users/peace/Documents/indv_work/Level
[UnityMemory] Configuration Parameters - Can be set up in boot.config
    "memorysetup-bucket-allocator-granularity=16"
    "memorysetup-bucket-allocator-bucket-count=8"
    "memorysetup-bucket-allocator-block-size=33554432"
    "memorysetup-bucket-allocator-block-count=8"
    "memorysetup-main-allocator-block-size=16777216"
    "memorysetup-thread-allocator-block-size=16777216"
    "memorysetup-gfx-main-allocator-block-size=16777216"
    "memorysetup-gfx-thread-allocator-block-size=16777216"
    "memorysetup-cache-allocator-block-size=4194304"
    "memorysetup-typetree-allocator-block-size=2097152"
    "memorysetup-profiler-bucket-allocator-granularity=16"
    "memorysetup-profiler-bucket-allocator-bucket-count=8"
    "memorysetup-profiler-bucket-allocator-block-size=33554432"
    "memorysetup-profiler-bucket-allocator-block-count=8"
    "memorysetup-profiler-allocator-block-size=16777216"
    "memorysetup-profiler-editor-allocator-block-size=1048576"
    "memorysetup-temp-allocator-size-main=16777216"
    "memorysetup-job-temp-allocator-block-size=2097152"
    "memorysetup-job-temp-allocator-block-size-background=1048576"
    "memorysetup-job-temp-allocator-reduction-small-platforms=262144"
    "memorysetup-temp-allocator-size-background-worker=32768"
    "memorysetup-temp-allocator-size-job-worker=262144"
    "memorysetup-temp-allocator-size-preload-manager=33554432"
    "memorysetup-temp-allocator-size-nav-mesh-worker=65536"
    "memorysetup-temp-allocator-size-audio-worker=65536"
    "memorysetup-temp-allocator-size-cloud-worker=32768"
    "memorysetup-temp-allocator-size-gi-baking-worker=262144"
    "memorysetup-temp-allocator-size-gfx=262144"
Player connection [23428] Host "[IP] 192.168.180.225 [Port] 0 [Flags] 2 [Guid] 2680537192 [EditorId] 2680537192 [Version] 1048832 [Id] WindowsEditor(7,DESKTOP-2BF80HA) [Debug] 1 [PackageName] WindowsEditor [ProjectName] Editor" joined multi-casting on [225.0.0.222:54997]...

Player connection [23428] Host "[IP] 192.168.180.225 [Port] 0 [Flags] 2 [Guid] 2680537192 [EditorId] 2680537192 [Version] 1048832 [Id] WindowsEditor(7,DESKTOP-2BF80HA) [Debug] 1 [PackageName] WindowsEditor [ProjectName] Editor" joined alternative multi-casting on [225.0.0.222:34997]...

[Physics::Module] Initialized MultithreadedJobDispatcher with {0} workers.
Refreshing native plugins compatible for Editor in 319.13 ms, found 5 plugins.
Preloading 0 native plugins for Editor in 0.00 ms.
Initialize engine version: 2021.3.33f1 (ee5a2aa03ab2)
[Subsystems] Discovering subsystems at path C:/Program Files/Unity/Hub/Editor/2021.3.33f1/Editor/Data/Resources/UnitySubsystems
[Subsystems] Discovering subsystems at path C:/Users/peace/Documents/indv_work/Level/Assets
GfxDevice: creating device client; threaded=0; jobified=0
Direct3D:
    Version:  Direct3D 11.0 [level 11.1]
    Renderer: NVIDIA GeForce GTX 1660 Ti (ID=0x2191)
    Vendor:   NVIDIA
    VRAM:     5991 MB
    Driver:   30.0.15.1278
Shader 'MoreMountains/MMRipple': fallback shader 'Particle/AlphaBlended' not found
Initialize mono
Mono path[0] = 'C:/Program Files/Unity/Hub/Editor/2021.3.33f1/Editor/Data/Managed'
Mono path[1] = 'C:/Program Files/Unity/Hub/Editor/2021.3.33f1/Editor/Data/MonoBleedingEdge/lib/mono/unityjit-win32'
Mono config path = 'C:/Program Files/Unity/Hub/Editor/2021.3.33f1/Editor/Data/MonoBleedingEdge/etc'
Using monoOptions --debugger-agent=transport=dt_socket,embedding=1,server=y,suspend=n,address=127.0.0.1:56084
Begin MonoManager ReloadAssembly
Registering precompiled unity dll's ...
Register platform support module: C:/Program Files/Unity/Hub/Editor/2021.3.33f1/Editor/Data/PlaybackEngines/AndroidPlayer/UnityEditor.Android.Extensions.dll
Register platform support module: C:/Program Files/Unity/Hub/Editor/2021.3.33f1/Editor/Data/PlaybackEngines/WindowsStandaloneSupport/UnityEditor.WindowsStandalone.Extensions.dll
Registered in 0.007873 seconds.
Native extension for WindowsStandalone target not found
Native extension for Android target not found
Android Extension - Scanning For ADB Devices 260 ms
Refreshing native plugins compatible for Editor in 244.60 ms, found 5 plugins.
Preloading 0 native plugins for Editor in 0.00 ms.
Mono: successfully reloaded assembly
- Completed reload, in  1.125 seconds
Domain Reload Profiling:
	ReloadAssembly (1125ms)
		BeginReloadAssembly (100ms)
			ExecutionOrderSort (0ms)
			DisableScriptedObjects (0ms)
			BackupInstance (0ms)
			ReleaseScriptingObjects (0ms)
			CreateAndSetChildDomain (1ms)
		EndReloadAssembly (923ms)
			LoadAssemblies (99ms)
			RebuildTransferFunctionScriptingTraits (0ms)
			SetupTypeCache (109ms)
			ReleaseScriptCaches (0ms)
			RebuildScriptCaches (29ms)
			SetupLoadedEditorAssemblies (740ms)
				LogAssemblyErrors (0ms)
				InitializePlatformSupportModulesInManaged (351ms)
				SetLoadedEditorAssemblies (0ms)
				RefreshPlugins (245ms)
				BeforeProcessingInitializeOnLoad (1ms)
				ProcessInitializeOnLoadAttributes (99ms)
				ProcessInitializeOnLoadMethodAttributes (43ms)
				AfterProcessingInitializeOnLoad (0ms)
				EditorAssembliesLoaded (0ms)
			ExecutionOrderSort2 (0ms)
			AwakeInstancesAfterBackupRestoration (0ms)
Platform modules already initialized, skipping
Registering precompiled user dll's ...
Registered in 0.007962 seconds.
Begin MonoManager ReloadAssembly
Native extension for WindowsStandalone target not found
Native extension for Android target not found
Refreshing native plugins compatible for Editor in 205.66 ms, found 5 plugins.
Preloading 0 native plugins for Editor in 0.00 ms.
[ScriptCompilation] NOT recompiling all scripts because this is an import worker process. Reason to compile was: Define symbols changed
[ScriptCompilation] NOT recompiling all scripts because this is an import worker process. Reason to compile was: Define symbols changed
[ScriptCompilation] NOT recompiling all scripts because this is an import worker process. Reason to compile was: Define symbols changed
[ScriptCompilation] NOT recompiling all scripts because this is an import worker process. Reason to compile was: Define symbols changed
Package Manager log level set to [2]
[Package Manager] Server::EnsureServerProcessIsRunning -- launch failed, reason: Unity was launched with the -noUpm command-line argument
[Package Manager] Cannot connect to Unity Package Manager local server
Mono: successfully reloaded assembly
- Completed reload, in  2.033 seconds
Domain Reload Profiling:
	ReloadAssembly (2034ms)
		BeginReloadAssembly (124ms)
			ExecutionOrderSort (0ms)
			DisableScriptedObjects (6ms)
			BackupInstance (0ms)
			ReleaseScriptingObjects (0ms)
			CreateAndSetChildDomain (19ms)
		EndReloadAssembly (1815ms)
			LoadAssemblies (117ms)
			RebuildTransferFunctionScriptingTraits (0ms)
			SetupTypeCache (358ms)
			ReleaseScriptCaches (1ms)
			RebuildScriptCaches (102ms)
			SetupLoadedEditorAssemblies (1212ms)
				LogAssemblyErrors (0ms)
				InitializePlatformSupportModulesInManaged (20ms)
				SetLoadedEditorAssemblies (0ms)
				RefreshPlugins (206ms)
				BeforeProcessingInitializeOnLoad (141ms)
				ProcessInitializeOnLoadAttributes (752ms)
				ProcessInitializeOnLoadMethodAttributes (84ms)
				AfterProcessingInitializeOnLoad (8ms)
				EditorAssembliesLoaded (1ms)
			ExecutionOrderSort2 (0ms)
			AwakeInstancesAfterBackupRestoration (6ms)
Platform modules already initialized, skipping
========================================================================
Worker process is ready to serve import requests
Shader 'MoreMountains/MMRipple': fallback shader 'Particle/AlphaBlended' not found
Launched and connected shader compiler UnityShaderCompiler.exe after 0.11 seconds
Refreshing native plugins compatible for Editor in 7.45 ms, found 5 plugins.
Preloading 0 native plugins for Editor in 0.00 ms.
Unloading 6517 Unused Serialized files (Serialized files now loaded: 0)
Unloading 65 unused Assets / (2.0 MB). Loaded Objects now: 6961.
Memory consumption went from 357.2 MB to 355.2 MB.
Total: 12.947000 ms (FindLiveObjects: 1.375400 ms CreateObjectMapping: 2.124200 ms MarkObjects: 8.290900 ms  DeleteObjects: 1.154600 ms)

AssetImportParameters requested are different than current active one (requested -> active):
  custom:video-decoder-ogg-theora: a1e56fd34408186e4bbccfd4996cb3dc -> 
  custom:container-muxer-webm: aa71ff27fc2769a1b78a27578f13a17b -> 
  custom:container-demuxer-webm: 4f35f7cbe854078d1ac9338744f61a02 -> 
  custom:video-encoder-webm-vp8: eb34c28f22e8b96e1ab97ce403110664 -> 
  custom:CustomObjectIndexerAttribute: f67f22312cbe972f2da930a377ed3d15 -> 
  custom:audio-encoder-webm-vorbis: bf7c407c2cedff20999df2af8eb42d56 -> 
  custom:framework-win-MediaFoundation: 216162199b28c13a410421893ffa2e32 -> 
  custom:SearchIndexIgnoredProperties: e643bd26f0fe6173181afceb89e7c659 -> 
  custom:container-demuxer-ogg: 62fdf1f143b41e24485cea50d1cbac27 -> 
  custom:video-decoder-webm-vp8: 9c59270c3fd7afecdb556c50c9e8de78 -> 
  custom:audio-decoder-ogg-vorbis: bf7c407c2cedff20999df2af8eb42d56 -> 
========================================================================
Received Import Request.
  Time since last request: 74137.026606 seconds.
  path: Assets/Settings/High_PipelineAsset_ForwardRenderer.asset
  artifactKey: Guid(09d2caec206f903408e7c7c6098be37a) Importer(815301076,1909f56bfc062723c751e8b465ee728b)
Number of updated assets reloaded before import = 0
Start importing Assets/Settings/High_PipelineAsset_ForwardRenderer.asset using Guid(09d2caec206f903408e7c7c6098be37a) Importer(815301076,1909f56bfc062723c751e8b465ee728b)  -> (artifact id: '47b5c554a459cb79de72227a3a445ab7') in 0.110615 seconds 
Number of asset objects unloaded after import = 47
========================================================================
Received Import Request.
  Time since last request: 0.000030 seconds.
  path: Assets/Settings/Very High_PipelineAsset_ForwardRenderer.asset
  artifactKey: Guid(ee152a2ecd4ace64f954002d334496aa) Importer(815301076,1909f56bfc062723c751e8b465ee728b)
Number of updated assets reloaded before import = 0
Start importing Assets/Settings/Very High_PipelineAsset_ForwardRenderer.asset using Guid(ee152a2ecd4ace64f954002d334496aa) Importer(815301076,1909f56bfc062723c751e8b465ee728b)  -> (artifact id: 'cd18dd2ea9e56529785499db8c9f9616') in 0.039478 seconds 
Number of asset objects unloaded after import = 47
========================================================================
Received Import Request.
  Time since last request: 4.448195 seconds.
  path: Assets/TopDownEngine/readme.txt
  artifactKey: Guid(98d38f217afa68844b6a4c2d3b257750) Importer(815301076,1909f56bfc062723c751e8b465ee728b)
Number of updated assets reloaded before import = 0
Start importing Assets/TopDownEngine/readme.txt using Guid(98d38f217afa68844b6a4c2d3b257750) Importer(815301076,1909f56bfc062723c751e8b465ee728b)  -> (artifact id: 'e08d6b6e25f9d5a3e607809a0e002474') in 0.025459 seconds 
Number of asset objects unloaded after import = 1
========================================================================
Received Import Request.
  Time since last request: 12.969696 seconds.
  path: Assets/TopDownEngine/Common/Prefabs
  artifactKey: Guid(119d773827428ce45aeec9110e778082) Importer(815301076,1909f56bfc062723c751e8b465ee728b)
Number of updated assets reloaded before import = 0
Start importing Assets/TopDownEngine/Common/Prefabs using Guid(119d773827428ce45aeec9110e778082) Importer(815301076,1909f56bfc062723c751e8b465ee728b)  -> (artifact id: 'bc967d669c2c10ded5f76cabb87e0b10') in 0.013273 seconds 
Number of asset objects unloaded after import = 0
========================================================================
Received Import Request.
  Time since last request: 3.743989 seconds.
  path: Assets/TopDownEngine/Common/Prefabs/GUI/ButtonPrompt.prefab
  artifactKey: Guid(bb1fc0f1f16f31248b9b4d80aa795609) Importer(815301076,1909f56bfc062723c751e8b465ee728b)
Number of updated assets reloaded before import = 0
Start importing Assets/TopDownEngine/Common/Prefabs/GUI/ButtonPrompt.prefab using Guid(bb1fc0f1f16f31248b9b4d80aa795609) Importer(815301076,1909f56bfc062723c751e8b465ee728b)  -> (artifact id: 'c9259baeb2bcb9296ae1214cfd1a9938') in 0.029010 seconds 
Number of asset objects unloaded after import = 32
========================================================================
Received Import Request.
  Time since last request: 0.000018 seconds.
  path: Assets/TopDownEngine/Common/Prefabs/GUI/HealthBar.prefab
  artifactKey: Guid(7310a43ad3f1c9d4185b5c98d30baa54) Importer(815301076,1909f56bfc062723c751e8b465ee728b)
Number of updated assets reloaded before import = 0
Start importing Assets/TopDownEngine/Common/Prefabs/GUI/HealthBar.prefab using Guid(7310a43ad3f1c9d4185b5c98d30baa54) Importer(815301076,1909f56bfc062723c751e8b465ee728b)  -> (artifact id: 'ce6825a5ae0a6a0fa0a31df1eb781a59') in 0.029058 seconds 
Number of asset objects unloaded after import = 17
========================================================================
Received Import Request.
  Time since last request: 0.000103 seconds.
  path: Assets/TopDownEngine/Common/Prefabs/GUI/MMFaderRound.prefab
  artifactKey: Guid(304ce7f6da8a6884bad8b40d0f41a6b5) Importer(815301076,1909f56bfc062723c751e8b465ee728b)
Number of updated assets reloaded before import = 0
Start importing Assets/TopDownEngine/Common/Prefabs/GUI/MMFaderRound.prefab using Guid(304ce7f6da8a6884bad8b40d0f41a6b5) Importer(815301076,1909f56bfc062723c751e8b465ee728b)  -> (artifact id: '995a7b6d0ab20b74973f8745633e4d3c') in 0.028304 seconds 
Number of asset objects unloaded after import = 18
========================================================================
Received Prepare
Switching render pipeline 00000000000000000000000000000000 -> 847df439db40d9e40b883369456a3aca
Shader 'MoreMountains/MMRipple': fallback shader 'Particle/AlphaBlended' not found
Refreshing native plugins compatible for Editor in 14.71 ms, found 5 plugins.
Preloading 0 native plugins for Editor in 0.00 ms.
Unloading 90 Unused Serialized files (Serialized files now loaded: 0)
Unloading 42 unused Assets / (2.0 MB). Loaded Objects now: 7011.
Memory consumption went from 217.8 MB to 215.8 MB.
Total: 6.945400 ms (FindLiveObjects: 0.736200 ms CreateObjectMapping: 0.646700 ms MarkObjects: 4.961800 ms  DeleteObjects: 0.599800 ms)

AssetImportParameters requested are different than current active one (requested -> active):
  custom:video-decoder-ogg-theora: a1e56fd34408186e4bbccfd4996cb3dc -> 
  custom:container-muxer-webm: aa71ff27fc2769a1b78a27578f13a17b -> 
  custom:container-demuxer-webm: 4f35f7cbe854078d1ac9338744f61a02 -> 
  custom:video-encoder-webm-vp8: eb34c28f22e8b96e1ab97ce403110664 -> 
  custom:CustomObjectIndexerAttribute: f67f22312cbe972f2da930a377ed3d15 -> 
  custom:audio-encoder-webm-vorbis: bf7c407c2cedff20999df2af8eb42d56 -> 
  custom:framework-win-MediaFoundation: 216162199b28c13a410421893ffa2e32 -> 
  custom:SearchIndexIgnoredProperties: e643bd26f0fe6173181afceb89e7c659 -> 
  custom:container-demuxer-ogg: 62fdf1f143b41e24485cea50d1cbac27 -> 
  custom:video-decoder-webm-vp8: 9c59270c3fd7afecdb556c50c9e8de78 -> 
  custom:audio-decoder-ogg-vorbis: bf7c407c2cedff20999df2af8eb42d56 -> 
========================================================================
Received Import Request.
  Time since last request: 6.045003 seconds.
  path: Assets/TopDownEngine/Common/Prefabs/GUI/DialogueBox.prefab
  artifactKey: Guid(d8d49b9bb5d5716498bc4713939342f5) Importer(815301076,1909f56bfc062723c751e8b465ee728b)
Number of updated assets reloaded before import = 0
Start importing Assets/TopDownEngine/Common/Prefabs/GUI/DialogueBox.prefab using Guid(d8d49b9bb5d5716498bc4713939342f5) Importer(815301076,1909f56bfc062723c751e8b465ee728b)  -> (artifact id: '1b3874a8696d7e7a29f0bf7f3e81e5be') in 0.011482 seconds 
Number of asset objects unloaded after import = 45
========================================================================
Received Import Request.
  Time since last request: 0.000047 seconds.
  path: Assets/TopDownEngine/Common/Prefabs/GUI/DialogueBox3D.prefab
  artifactKey: Guid(e6e14db0ec3af754e815a854f6048501) Importer(815301076,1909f56bfc062723c751e8b465ee728b)
Number of updated assets reloaded before import = 0
Start importing Assets/TopDownEngine/Common/Prefabs/GUI/DialogueBox3D.prefab using Guid(e6e14db0ec3af754e815a854f6048501) Importer(815301076,1909f56bfc062723c751e8b465ee728b)  -> (artifact id: '2ceb6d75bd81eeaea4503bfae395d69c') in 0.013789 seconds 
Number of asset objects unloaded after import = 45
========================================================================
Received Import Request.
  Time since last request: 0.000020 seconds.
  path: Assets/TopDownEngine/Common/Prefabs/GUI/HealthBar.prefab
  artifactKey: Guid(7310a43ad3f1c9d4185b5c98d30baa54) Importer(815301076,1909f56bfc062723c751e8b465ee728b)
Number of updated assets reloaded before import = 0
Start importing Assets/TopDownEngine/Common/Prefabs/GUI/HealthBar.prefab using Guid(7310a43ad3f1c9d4185b5c98d30baa54) Importer(815301076,1909f56bfc062723c751e8b465ee728b)  -> (artifact id: 'ab2f54cad572f809675693e4f36be165') in 0.008265 seconds 
Number of asset objects unloaded after import = 17
========================================================================
Received Import Request.
  Time since last request: 0.000041 seconds.
  path: Assets/TopDownEngine/Common/Prefabs/GUI/ButtonPrompt.prefab
  artifactKey: Guid(bb1fc0f1f16f31248b9b4d80aa795609) Importer(815301076,1909f56bfc062723c751e8b465ee728b)
Number of updated assets reloaded before import = 0
Start importing Assets/TopDownEngine/Common/Prefabs/GUI/ButtonPrompt.prefab using Guid(bb1fc0f1f16f31248b9b4d80aa795609) Importer(815301076,1909f56bfc062723c751e8b465ee728b)  -> (artifact id: '9811eaaf29952120badf8408842f7893') in 0.007886 seconds 
Number of asset objects unloaded after import = 32
========================================================================
Received Import Request.
  Time since last request: 0.000026 seconds.
  path: Assets/TopDownEngine/Common/Prefabs/GUI/MMFaderRound.prefab
  artifactKey: Guid(304ce7f6da8a6884bad8b40d0f41a6b5) Importer(815301076,1909f56bfc062723c751e8b465ee728b)
Number of updated assets reloaded before import = 0
Start importing Assets/TopDownEngine/Common/Prefabs/GUI/MMFaderRound.prefab using Guid(304ce7f6da8a6884bad8b40d0f41a6b5) Importer(815301076,1909f56bfc062723c751e8b465ee728b)  -> (artifact id: 'bec7daf345d1254e6d1b2dcc7018464a') in 0.011448 seconds 
Number of asset objects unloaded after import = 18
========================================================================
Received Import Request.
  Time since last request: 3.830830 seconds.
  path: Assets/TopDownEngine/Common/Scripts/MoreMountains.TopDownEngine.asmdef
  artifactKey: Guid(02650bbac8118a04f9180ab423fe60c4) Importer(815301076,1909f56bfc062723c751e8b465ee728b)
Number of updated assets reloaded before import = 0
Start importing Assets/TopDownEngine/Common/Scripts/MoreMountains.TopDownEngine.asmdef using Guid(02650bbac8118a04f9180ab423fe60c4) Importer(815301076,1909f56bfc062723c751e8b465ee728b)  -> (artifact id: 'bc29c3a88d74152c73b662c7d17ed1ee') in 0.008365 seconds 
Number of asset objects unloaded after import = 0
========================================================================
Received Import Request.
  Time since last request: 0.610563 seconds.
  path: Assets/TopDownEngine/Common/ScriptsCinemachine/MoreMountains.TopDownEngine.Cinemachine.asmref
  artifactKey: Guid(5e32d651a3baa2e48a366d4d4e22ea33) Importer(815301076,1909f56bfc062723c751e8b465ee728b)
Number of updated assets reloaded before import = 0
Start importing Assets/TopDownEngine/Common/ScriptsCinemachine/MoreMountains.TopDownEngine.Cinemachine.asmref using Guid(5e32d651a3baa2e48a366d4d4e22ea33) Importer(815301076,1909f56bfc062723c751e8b465ee728b)  -> (artifact id: 'fb2e36fd664941710c954e0e93ece2bb') in 0.009198 seconds 
Number of asset objects unloaded after import = 0
========================================================================
Received Import Request.
  Time since last request: 7.378527 seconds.
  path: Assets/TopDownEngine/Common/Editor/Characters/CharacterAbilities
  artifactKey: Guid(51d609b5863dbf344b67f1eb9db6531c) Importer(815301076,1909f56bfc062723c751e8b465ee728b)
Number of updated assets reloaded before import = 0
Start importing Assets/TopDownEngine/Common/Editor/Characters/CharacterAbilities using Guid(51d609b5863dbf344b67f1eb9db6531c) Importer(815301076,1909f56bfc062723c751e8b465ee728b)  -> (artifact id: '2061b42a33df3652874183b034f64e74') in 0.014719 seconds 
Number of asset objects unloaded after import = 0
========================================================================
Received Import Request.
  Time since last request: 5.038112 seconds.
  path: Assets/TopDownEngine/Common/PhysicsMaterials/FrictionLessPhysicsMaterial.physicMaterial
  artifactKey: Guid(f6c7185e9da65ae4e8ca3ac12c4ddf21) Importer(815301076,1909f56bfc062723c751e8b465ee728b)
Number of updated assets reloaded before import = 0
Start importing Assets/TopDownEngine/Common/PhysicsMaterials/FrictionLessPhysicsMaterial.physicMaterial using Guid(f6c7185e9da65ae4e8ca3ac12c4ddf21) Importer(815301076,1909f56bfc062723c751e8b465ee728b)  -> (artifact id: '00eb0163a3b2d57f9c20a84c788bc3d3') in 0.013168 seconds 
Number of asset objects unloaded after import = 1
========================================================================
Received Import Request.
  Time since last request: 0.360441 seconds.
  path: Assets/TopDownEngine/Common/Fonts/8-BIT WONDER.TTF
  artifactKey: Guid(61165c170c0b97c48a9bf5be5ee0f5b6) Importer(815301076,1909f56bfc062723c751e8b465ee728b)
Number of updated assets reloaded before import = 0
Start importing Assets/TopDownEngine/Common/Fonts/8-BIT WONDER.TTF using Guid(61165c170c0b97c48a9bf5be5ee0f5b6) Importer(815301076,1909f56bfc062723c751e8b465ee728b)  -> (artifact id: '8a4435cbdc165a2e8b5a71ee7d9b5558') in 0.331442 seconds 
Number of asset objects unloaded after import = 15
========================================================================
Received Import Request.
  Time since last request: 0.000062 seconds.
  path: Assets/TopDownEngine/Common/Fonts/Gotham-Ultra.ttf
  artifactKey: Guid(955296f4b4df04345b06197dc1151a1c) Importer(815301076,1909f56bfc062723c751e8b465ee728b)
Number of updated assets reloaded before import = 0
Start importing Assets/TopDownEngine/Common/Fonts/Gotham-Ultra.ttf using Guid(955296f4b4df04345b06197dc1151a1c) Importer(815301076,1909f56bfc062723c751e8b465ee728b)  -> (artifact id: '21ed3bc3727f0c4fde1ccb63956b5a73') in 0.045487 seconds 
Number of asset objects unloaded after import = 5
========================================================================
Received Import Request.
  Time since last request: 2.143334 seconds.
  path: Assets/TopDownEngine/Common/ScriptsInputSystem/MoreMountains.TopDownEngine.InputSystem.asmdef
  artifactKey: Guid(c233d2a94c930144ca6ee375ce338b29) Importer(815301076,1909f56bfc062723c751e8b465ee728b)
Number of updated assets reloaded before import = 0
Start importing Assets/TopDownEngine/Common/ScriptsInputSystem/MoreMountains.TopDownEngine.InputSystem.asmdef using Guid(c233d2a94c930144ca6ee375ce338b29) Importer(815301076,1909f56bfc062723c751e8b465ee728b)  -> (artifact id: '9f06f9f930c5e674de0fcc919a963d09') in 0.007020 seconds 
Number of asset objects unloaded after import = 0
========================================================================
Received Import Request.
  Time since last request: 13.669158 seconds.
  path: Assets/TopDownEngine/Common/ScriptsInputSystem/Prefabs/Minimal3DCameras - InputSystem --------------------------------------------------------.prefab
  artifactKey: Guid(9d49be51e768bf34883e9a75d89ed0fc) Importer(815301076,1909f56bfc062723c751e8b465ee728b)
Number of updated assets reloaded before import = 0
Start importing Assets/TopDownEngine/Common/ScriptsInputSystem/Prefabs/Minimal3DCameras - InputSystem --------------------------------------------------------.prefab using Guid(9d49be51e768bf34883e9a75d89ed0fc) Importer(815301076,1909f56bfc062723c751e8b465ee728b)  -> (artifact id: '8af9d97754cfc91207120812c8b1538c') in 0.072029 seconds 
Number of asset objects unloaded after import = 471
========================================================================
Received Prepare
Registering precompiled user dll's ...
Registered in 0.007564 seconds.
Begin MonoManager ReloadAssembly
Native extension for WindowsStandalone target not found
Native extension for Android target not found
Refreshing native plugins compatible for Editor in 3.37 ms, found 5 plugins.
Preloading 0 native plugins for Editor in 0.00 ms.
[ScriptCompilation] NOT recompiling all scripts because this is an import worker process. Reason to compile was: Define symbols changed
[ScriptCompilation] NOT recompiling all scripts because this is an import worker process. Reason to compile was: Define symbols changed
[ScriptCompilation] NOT recompiling all scripts because this is an import worker process. Reason to compile was: Define symbols changed
[ScriptCompilation] NOT recompiling all scripts because this is an import worker process. Reason to compile was: Define symbols changed
[Package Manager] Server::EnsureServerProcessIsRunning -- launch failed, reason: Unity was launched with the -noUpm command-line argument
[Package Manager] Cannot connect to Unity Package Manager local server
Mono: successfully reloaded assembly
- Completed reload, in  1.856 seconds
Domain Reload Profiling:
	ReloadAssembly (1857ms)
		BeginReloadAssembly (234ms)
			ExecutionOrderSort (0ms)
			DisableScriptedObjects (15ms)
			BackupInstance (0ms)
			ReleaseScriptingObjects (0ms)
			CreateAndSetChildDomain (65ms)
		EndReloadAssembly (1506ms)
			LoadAssemblies (143ms)
			RebuildTransferFunctionScriptingTraits (0ms)
			SetupTypeCache (383ms)
			ReleaseScriptCaches (2ms)
			RebuildScriptCaches (58ms)
			SetupLoadedEditorAssemblies (893ms)
				LogAssemblyErrors (0ms)
				InitializePlatformSupportModulesInManaged (26ms)
				SetLoadedEditorAssemblies (1ms)
				RefreshPlugins (3ms)
				BeforeProcessingInitializeOnLoad (111ms)
				ProcessInitializeOnLoadAttributes (660ms)
				ProcessInitializeOnLoadMethodAttributes (83ms)
				AfterProcessingInitializeOnLoad (9ms)
				EditorAssembliesLoaded (1ms)
			ExecutionOrderSort2 (0ms)
			AwakeInstancesAfterBackupRestoration (13ms)
Platform modules already initialized, skipping
Switching render pipeline 00000000000000000000000000000000 -> 847df439db40d9e40b883369456a3aca
Shader 'MoreMountains/MMRipple': fallback shader 'Particle/AlphaBlended' not found
Refreshing native plugins compatible for Editor in 2.95 ms, found 5 plugins.
Preloading 0 native plugins for Editor in 0.00 ms.
Unloading 6379 Unused Serialized files (Serialized files now loaded: 0)
Unloading 63 unused Assets / (1.6 MB). Loaded Objects now: 7126.
Memory consumption went from 349.3 MB to 347.7 MB.
Total: 4.804400 ms (FindLiveObjects: 0.543300 ms CreateObjectMapping: 0.485100 ms MarkObjects: 3.229500 ms  DeleteObjects: 0.545500 ms)

AssetImportParameters requested are different than current active one (requested -> active):
  custom:video-decoder-ogg-theora: a1e56fd34408186e4bbccfd4996cb3dc -> 
  custom:container-muxer-webm: aa71ff27fc2769a1b78a27578f13a17b -> 
  custom:container-demuxer-webm: 4f35f7cbe854078d1ac9338744f61a02 -> 
  custom:video-encoder-webm-vp8: eb34c28f22e8b96e1ab97ce403110664 -> 
  custom:CustomObjectIndexerAttribute: f67f22312cbe972f2da930a377ed3d15 -> 
  custom:audio-encoder-webm-vorbis: bf7c407c2cedff20999df2af8eb42d56 -> 
  custom:framework-win-MediaFoundation: 216162199b28c13a410421893ffa2e32 -> 
  custom:SearchIndexIgnoredProperties: e643bd26f0fe6173181afceb89e7c659 -> 
  custom:container-demuxer-ogg: 62fdf1f143b41e24485cea50d1cbac27 -> 
  custom:video-decoder-webm-vp8: 9c59270c3fd7afecdb556c50c9e8de78 -> 
  custom:audio-decoder-ogg-vorbis: bf7c407c2cedff20999df2af8eb42d56 -> 
