Using pre-set license
Built from '2021.3/staging' branch; Version is '2021.3.33f1 (ee5a2aa03ab2) revision 15620650'; Using compiler version '192829333'; Build Type 'Release'
OS: 'Windows 10  (10.0.19045) 64bit Core' Language: 'ko' Physical Memory: 16233 MB
BatchMode: 1, IsHumanControllingUs: 0, StartBugReporterOnCrash: 0, Is64bit: 1, IsPro: 1

COMMAND LINE ARGUMENTS:
C:\Program Files\Unity\Hub\Editor\2021.3.33f1\Editor\Unity.exe
-adb2
-batchMode
-noUpm
-name
AssetImportWorker4
-projectPath
C:/Users/peace/Documents/indv_work/Level
-logFile
Logs/AssetImportWorker4.log
-srvPort
50426
Successfully changed project path to: C:/Users/peace/Documents/indv_work/Level
C:/Users/peace/Documents/indv_work/Level
[UnityMemory] Configuration Parameters - Can be set up in boot.config
    "memorysetup-bucket-allocator-granularity=16"
    "memorysetup-bucket-allocator-bucket-count=8"
    "memorysetup-bucket-allocator-block-size=33554432"
    "memorysetup-bucket-allocator-block-count=8"
    "memorysetup-main-allocator-block-size=16777216"
    "memorysetup-thread-allocator-block-size=16777216"
    "memorysetup-gfx-main-allocator-block-size=16777216"
    "memorysetup-gfx-thread-allocator-block-size=16777216"
    "memorysetup-cache-allocator-block-size=4194304"
    "memorysetup-typetree-allocator-block-size=2097152"
    "memorysetup-profiler-bucket-allocator-granularity=16"
    "memorysetup-profiler-bucket-allocator-bucket-count=8"
    "memorysetup-profiler-bucket-allocator-block-size=33554432"
    "memorysetup-profiler-bucket-allocator-block-count=8"
    "memorysetup-profiler-allocator-block-size=16777216"
    "memorysetup-profiler-editor-allocator-block-size=1048576"
    "memorysetup-temp-allocator-size-main=16777216"
    "memorysetup-job-temp-allocator-block-size=2097152"
    "memorysetup-job-temp-allocator-block-size-background=1048576"
    "memorysetup-job-temp-allocator-reduction-small-platforms=262144"
    "memorysetup-temp-allocator-size-background-worker=32768"
    "memorysetup-temp-allocator-size-job-worker=262144"
    "memorysetup-temp-allocator-size-preload-manager=33554432"
    "memorysetup-temp-allocator-size-nav-mesh-worker=65536"
    "memorysetup-temp-allocator-size-audio-worker=65536"
    "memorysetup-temp-allocator-size-cloud-worker=32768"
    "memorysetup-temp-allocator-size-gi-baking-worker=262144"
    "memorysetup-temp-allocator-size-gfx=262144"
Player connection [14032] Host "[IP] 192.168.180.225 [Port] 0 [Flags] 2 [Guid] 2017457283 [EditorId] 2017457283 [Version] 1048832 [Id] WindowsEditor(7,DESKTOP-2BF80HA) [Debug] 1 [PackageName] WindowsEditor [ProjectName] Editor" joined multi-casting on [225.0.0.222:54997]...

Player connection [14032] Host "[IP] 192.168.180.225 [Port] 0 [Flags] 2 [Guid] 2017457283 [EditorId] 2017457283 [Version] 1048832 [Id] WindowsEditor(7,DESKTOP-2BF80HA) [Debug] 1 [PackageName] WindowsEditor [ProjectName] Editor" joined alternative multi-casting on [225.0.0.222:34997]...

[Physics::Module] Initialized MultithreadedJobDispatcher with {0} workers.
Refreshing native plugins compatible for Editor in 194.63 ms, found 5 plugins.
Preloading 0 native plugins for Editor in 0.00 ms.
Initialize engine version: 2021.3.33f1 (ee5a2aa03ab2)
[Subsystems] Discovering subsystems at path C:/Program Files/Unity/Hub/Editor/2021.3.33f1/Editor/Data/Resources/UnitySubsystems
[Subsystems] Discovering subsystems at path C:/Users/peace/Documents/indv_work/Level/Assets
GfxDevice: creating device client; threaded=0; jobified=0
Direct3D:
    Version:  Direct3D 11.0 [level 11.1]
    Renderer: NVIDIA GeForce GTX 1660 Ti (ID=0x2191)
    Vendor:   NVIDIA
    VRAM:     5991 MB
    Driver:   30.0.15.1278
Initialize mono
Mono path[0] = 'C:/Program Files/Unity/Hub/Editor/2021.3.33f1/Editor/Data/Managed'
Mono path[1] = 'C:/Program Files/Unity/Hub/Editor/2021.3.33f1/Editor/Data/MonoBleedingEdge/lib/mono/unityjit-win32'
Mono config path = 'C:/Program Files/Unity/Hub/Editor/2021.3.33f1/Editor/Data/MonoBleedingEdge/etc'
Using monoOptions --debugger-agent=transport=dt_socket,embedding=1,server=y,suspend=n,address=127.0.0.1:56804
Begin MonoManager ReloadAssembly
Registering precompiled unity dll's ...
Register platform support module: C:/Program Files/Unity/Hub/Editor/2021.3.33f1/Editor/Data/PlaybackEngines/AndroidPlayer/UnityEditor.Android.Extensions.dll
Register platform support module: C:/Program Files/Unity/Hub/Editor/2021.3.33f1/Editor/Data/PlaybackEngines/WindowsStandaloneSupport/UnityEditor.WindowsStandalone.Extensions.dll
Registered in 0.008691 seconds.
Native extension for WindowsStandalone target not found
Native extension for Android target not found
Android Extension - Scanning For ADB Devices 294 ms
Refreshing native plugins compatible for Editor in 180.05 ms, found 5 plugins.
Preloading 0 native plugins for Editor in 0.00 ms.
Mono: successfully reloaded assembly
- Completed reload, in  1.177 seconds
Domain Reload Profiling:
	ReloadAssembly (1178ms)
		BeginReloadAssembly (129ms)
			ExecutionOrderSort (0ms)
			DisableScriptedObjects (0ms)
			BackupInstance (0ms)
			ReleaseScriptingObjects (0ms)
			CreateAndSetChildDomain (1ms)
		EndReloadAssembly (935ms)
			LoadAssemblies (127ms)
			RebuildTransferFunctionScriptingTraits (0ms)
			SetupTypeCache (124ms)
			ReleaseScriptCaches (0ms)
			RebuildScriptCaches (40ms)
			SetupLoadedEditorAssemblies (720ms)
				LogAssemblyErrors (0ms)
				InitializePlatformSupportModulesInManaged (389ms)
				SetLoadedEditorAssemblies (0ms)
				RefreshPlugins (180ms)
				BeforeProcessingInitializeOnLoad (1ms)
				ProcessInitializeOnLoadAttributes (104ms)
				ProcessInitializeOnLoadMethodAttributes (46ms)
				AfterProcessingInitializeOnLoad (0ms)
				EditorAssembliesLoaded (0ms)
			ExecutionOrderSort2 (0ms)
			AwakeInstancesAfterBackupRestoration (0ms)
Platform modules already initialized, skipping
Registering precompiled user dll's ...
Registered in 0.008389 seconds.
Begin MonoManager ReloadAssembly
Native extension for WindowsStandalone target not found
Native extension for Android target not found
Refreshing native plugins compatible for Editor in 175.86 ms, found 5 plugins.
Preloading 0 native plugins for Editor in 0.00 ms.
Package Manager log level set to [2]
[Package Manager] Server::EnsureServerProcessIsRunning -- launch failed, reason: Unity was launched with the -noUpm command-line argument
[Package Manager] Cannot connect to Unity Package Manager local server
Mono: successfully reloaded assembly
- Completed reload, in  1.772 seconds
Domain Reload Profiling:
	ReloadAssembly (1772ms)
		BeginReloadAssembly (140ms)
			ExecutionOrderSort (0ms)
			DisableScriptedObjects (8ms)
			BackupInstance (0ms)
			ReleaseScriptingObjects (0ms)
			CreateAndSetChildDomain (25ms)
		EndReloadAssembly (1520ms)
			LoadAssemblies (108ms)
			RebuildTransferFunctionScriptingTraits (0ms)
			SetupTypeCache (327ms)
			ReleaseScriptCaches (1ms)
			RebuildScriptCaches (58ms)
			SetupLoadedEditorAssemblies (1007ms)
				LogAssemblyErrors (0ms)
				InitializePlatformSupportModulesInManaged (19ms)
				SetLoadedEditorAssemblies (0ms)
				RefreshPlugins (176ms)
				BeforeProcessingInitializeOnLoad (118ms)
				ProcessInitializeOnLoadAttributes (605ms)
				ProcessInitializeOnLoadMethodAttributes (80ms)
				AfterProcessingInitializeOnLoad (8ms)
				EditorAssembliesLoaded (0ms)
			ExecutionOrderSort2 (0ms)
			AwakeInstancesAfterBackupRestoration (6ms)
Platform modules already initialized, skipping
========================================================================
Worker process is ready to serve import requests
Launched and connected shader compiler UnityShaderCompiler.exe after 0.04 seconds
Refreshing native plugins compatible for Editor in 1.79 ms, found 5 plugins.
Preloading 0 native plugins for Editor in 0.00 ms.
Unloading 5012 Unused Serialized files (Serialized files now loaded: 0)
Unloading 36 unused Assets / (0.7 MB). Loaded Objects now: 5464.
Memory consumption went from 213.7 MB to 213.0 MB.
Total: 4.103000 ms (FindLiveObjects: 0.488500 ms CreateObjectMapping: 0.410900 ms MarkObjects: 2.909300 ms  DeleteObjects: 0.293600 ms)

AssetImportParameters requested are different than current active one (requested -> active):
  custom:video-decoder-ogg-theora: a1e56fd34408186e4bbccfd4996cb3dc -> 
  custom:container-muxer-webm: aa71ff27fc2769a1b78a27578f13a17b -> 
  custom:container-demuxer-webm: 4f35f7cbe854078d1ac9338744f61a02 -> 
  custom:video-encoder-webm-vp8: eb34c28f22e8b96e1ab97ce403110664 -> 
  custom:CustomObjectIndexerAttribute: 6b0e35c9178b02a6363f3721b7b8e397 -> 
  custom:audio-encoder-webm-vorbis: bf7c407c2cedff20999df2af8eb42d56 -> 
  custom:framework-win-MediaFoundation: 216162199b28c13a410421893ffa2e32 -> 
  custom:SearchIndexIgnoredProperties: e643bd26f0fe6173181afceb89e7c659 -> 
  custom:container-demuxer-ogg: 62fdf1f143b41e24485cea50d1cbac27 -> 
  custom:video-decoder-webm-vp8: 9c59270c3fd7afecdb556c50c9e8de78 -> 
  custom:audio-decoder-ogg-vorbis: bf7c407c2cedff20999df2af8eb42d56 -> 
========================================================================
Received Import Request.
  Time since last request: 67078.573066 seconds.
  path: Assets/Scenes/protomap.unity
  artifactKey: Guid(2f3ed3d1cb1bc414886f265016289a46) Importer(815301076,1909f56bfc062723c751e8b465ee728b)
Number of updated assets reloaded before import = 0
Start importing Assets/Scenes/protomap.unity using Guid(2f3ed3d1cb1bc414886f265016289a46) Importer(815301076,1909f56bfc062723c751e8b465ee728b)  -> (artifact id: '2045eac879fdd48d2fdec2d4d8bb597c') in 0.036521 seconds 
Number of asset objects unloaded after import = 0
========================================================================
Received Import Request.
  Time since last request: 15.778254 seconds.
  path: Assets/polyperfect/Low Poly Ultimate Pack/T/- Meshes_T/People_T/Rigs_T/man-lord_Rig.fbx
  artifactKey: Guid(c1bc075fd077805419ea6b269dcba2c8) Importer(815301076,1909f56bfc062723c751e8b465ee728b)
Number of updated assets reloaded before import = 0
Start importing Assets/polyperfect/Low Poly Ultimate Pack/T/- Meshes_T/People_T/Rigs_T/man-lord_Rig.fbx using Guid(c1bc075fd077805419ea6b269dcba2c8) Importer(815301076,1909f56bfc062723c751e8b465ee728b)  -> (artifact id: '47d88c7852be8a9db3d78a74c89de0ab') in 0.374340 seconds 
Number of asset objects unloaded after import = 77
========================================================================
Received Import Request.
  Time since last request: 0.002231 seconds.
  path: Assets/polyperfect/Low Poly Ultimate Pack/T/- Meshes_T/Nature_T/Trees_T/tree-triangle.fbx
  artifactKey: Guid(ea9887d5bf4454e0aad4f0c7a1c95691) Importer(815301076,1909f56bfc062723c751e8b465ee728b)
Number of updated assets reloaded before import = 0
Start importing Assets/polyperfect/Low Poly Ultimate Pack/T/- Meshes_T/Nature_T/Trees_T/tree-triangle.fbx using Guid(ea9887d5bf4454e0aad4f0c7a1c95691) Importer(815301076,1909f56bfc062723c751e8b465ee728b)  -> (artifact id: '38d622f1b463cc4e9a0b972911ba4555') in 0.014863 seconds 
Number of asset objects unloaded after import = 8
========================================================================
Received Import Request.
  Time since last request: 0.002724 seconds.
  path: Assets/polyperfect/Low Poly Ultimate Pack/T/- Meshes_T/Nature_T/Trees_T/tree-baobab.fbx
  artifactKey: Guid(2dd40cdb41b2b4922bd429c976dad526) Importer(815301076,1909f56bfc062723c751e8b465ee728b)
Number of updated assets reloaded before import = 0
Start importing Assets/polyperfect/Low Poly Ultimate Pack/T/- Meshes_T/Nature_T/Trees_T/tree-baobab.fbx using Guid(2dd40cdb41b2b4922bd429c976dad526) Importer(815301076,1909f56bfc062723c751e8b465ee728b)  -> (artifact id: '6736e395165fc7f2dec12b9c3d7afa57') in 0.015111 seconds 
Number of asset objects unloaded after import = 8
========================================================================
Received Import Request.
  Time since last request: 0.002747 seconds.
  path: Assets/polyperfect/Low Poly Ultimate Pack/T/- Meshes_T/Nature_T/Trees_T/tree-pyramid.fbx
  artifactKey: Guid(c93ba3f7f70b746efb1bec0b5876584a) Importer(815301076,1909f56bfc062723c751e8b465ee728b)
Number of updated assets reloaded before import = 0
Start importing Assets/polyperfect/Low Poly Ultimate Pack/T/- Meshes_T/Nature_T/Trees_T/tree-pyramid.fbx using Guid(c93ba3f7f70b746efb1bec0b5876584a) Importer(815301076,1909f56bfc062723c751e8b465ee728b)  -> (artifact id: '3edaa4f5c877671099c0aa5b4796090e') in 0.014203 seconds 
Number of asset objects unloaded after import = 8
========================================================================
Received Import Request.
  Time since last request: 0.010148 seconds.
  path: Assets/polyperfect/Low Poly Ultimate Pack/T/- Meshes_T/Nature_T/Trees_T/stump-small.fbx
  artifactKey: Guid(85d7695900eb6499e8e523f3adf8162a) Importer(815301076,1909f56bfc062723c751e8b465ee728b)
Number of updated assets reloaded before import = 0
Start importing Assets/polyperfect/Low Poly Ultimate Pack/T/- Meshes_T/Nature_T/Trees_T/stump-small.fbx using Guid(85d7695900eb6499e8e523f3adf8162a) Importer(815301076,1909f56bfc062723c751e8b465ee728b)  -> (artifact id: 'e2d58b31bbd3c7c70d6384ccaaedee58') in 0.014398 seconds 
Number of asset objects unloaded after import = 8
========================================================================
Received Import Request.
  Time since last request: 0.002776 seconds.
  path: Assets/polyperfect/Low Poly Ultimate Pack/T/- Meshes_T/Nature_T/Trees_T/tree-fir.fbx
  artifactKey: Guid(3ac2777194c5643d38db3cd57d6f00e0) Importer(815301076,1909f56bfc062723c751e8b465ee728b)
Number of updated assets reloaded before import = 0
Start importing Assets/polyperfect/Low Poly Ultimate Pack/T/- Meshes_T/Nature_T/Trees_T/tree-fir.fbx using Guid(3ac2777194c5643d38db3cd57d6f00e0) Importer(815301076,1909f56bfc062723c751e8b465ee728b)  -> (artifact id: 'af721115f0142252538f4469ba1372a2') in 0.014329 seconds 
Number of asset objects unloaded after import = 8
========================================================================
Received Import Request.
  Time since last request: 0.002599 seconds.
  path: Assets/polyperfect/Low Poly Ultimate Pack/T/- Meshes_T/People_T/Rigs_T/man-explorer_Rig.fbx
  artifactKey: Guid(39ed694861200f64ba284b59544602b7) Importer(815301076,1909f56bfc062723c751e8b465ee728b)
Number of updated assets reloaded before import = 0
Start importing Assets/polyperfect/Low Poly Ultimate Pack/T/- Meshes_T/People_T/Rigs_T/man-explorer_Rig.fbx using Guid(39ed694861200f64ba284b59544602b7) Importer(815301076,1909f56bfc062723c751e8b465ee728b)  -> (artifact id: 'd4d81f1e944e3ace7ae076f0c71d1f5b') in 0.020109 seconds 
Number of asset objects unloaded after import = 67
========================================================================
Received Import Request.
  Time since last request: 0.008987 seconds.
  path: Assets/polyperfect/Low Poly Ultimate Pack/T/- Meshes_T/Nature_T/Trees_T/tree-oak.fbx
  artifactKey: Guid(b1a5e0e054db341889242cd012c2c7eb) Importer(815301076,1909f56bfc062723c751e8b465ee728b)
Number of updated assets reloaded before import = 0
Start importing Assets/polyperfect/Low Poly Ultimate Pack/T/- Meshes_T/Nature_T/Trees_T/tree-oak.fbx using Guid(b1a5e0e054db341889242cd012c2c7eb) Importer(815301076,1909f56bfc062723c751e8b465ee728b)  -> (artifact id: '3a9e272bcd843ffabdc02ba77b4bb968') in 0.014637 seconds 
Number of asset objects unloaded after import = 8
========================================================================
Received Import Request.
  Time since last request: 0.002829 seconds.
  path: Assets/polyperfect/Low Poly Ultimate Pack/T/- Meshes_T/Buildings_T/building-bank.fbx
  artifactKey: Guid(1d88a5ae56c4b8d46821e853f6ae34cd) Importer(815301076,1909f56bfc062723c751e8b465ee728b)
Number of updated assets reloaded before import = 0
Start importing Assets/polyperfect/Low Poly Ultimate Pack/T/- Meshes_T/Buildings_T/building-bank.fbx using Guid(1d88a5ae56c4b8d46821e853f6ae34cd) Importer(815301076,1909f56bfc062723c751e8b465ee728b)  -> (artifact id: '81204147be610a0dec6c8d02fd958ac3') in 0.015948 seconds 
Number of asset objects unloaded after import = 8
========================================================================
Received Import Request.
  Time since last request: 0.003177 seconds.
  path: Assets/polyperfect/Low Poly Ultimate Pack/T/- Meshes_T/Nature_T/Trees_T/tree-birch-tall.fbx
  artifactKey: Guid(d5aee6711de5b4c1d9ef0f1308d5da4d) Importer(815301076,1909f56bfc062723c751e8b465ee728b)
Number of updated assets reloaded before import = 0
Start importing Assets/polyperfect/Low Poly Ultimate Pack/T/- Meshes_T/Nature_T/Trees_T/tree-birch-tall.fbx using Guid(d5aee6711de5b4c1d9ef0f1308d5da4d) Importer(815301076,1909f56bfc062723c751e8b465ee728b)  -> (artifact id: '3a7268aebd701ba5164161dc8a999540') in 0.014414 seconds 
Number of asset objects unloaded after import = 8
========================================================================
Received Import Request.
  Time since last request: 0.003887 seconds.
  path: Assets/polyperfect/Low Poly Ultimate Pack/T/- Meshes_T/People_T/Rigs_T/alien-ufo_Rig.fbx
  artifactKey: Guid(b7c75e5204a0a564d921e477214f77dc) Importer(815301076,1909f56bfc062723c751e8b465ee728b)
Number of updated assets reloaded before import = 0
Start importing Assets/polyperfect/Low Poly Ultimate Pack/T/- Meshes_T/People_T/Rigs_T/alien-ufo_Rig.fbx using Guid(b7c75e5204a0a564d921e477214f77dc) Importer(815301076,1909f56bfc062723c751e8b465ee728b)  -> (artifact id: '8dddf774a49a595cb673d12519f06b6f') in 0.020212 seconds 
Number of asset objects unloaded after import = 67
========================================================================
Received Import Request.
  Time since last request: 0.003482 seconds.
  path: Assets/polyperfect/Low Poly Ultimate Pack/T/- Meshes_T/Nature_T/Trees_T/tree-spruce.fbx
  artifactKey: Guid(499903af4d9dc45dfaef6cfe7fc000e2) Importer(815301076,1909f56bfc062723c751e8b465ee728b)
Number of updated assets reloaded before import = 0
Start importing Assets/polyperfect/Low Poly Ultimate Pack/T/- Meshes_T/Nature_T/Trees_T/tree-spruce.fbx using Guid(499903af4d9dc45dfaef6cfe7fc000e2) Importer(815301076,1909f56bfc062723c751e8b465ee728b)  -> (artifact id: '1d725ad2c579a27e416933f8ad1c6581') in 0.015053 seconds 
Number of asset objects unloaded after import = 8
========================================================================
Received Import Request.
  Time since last request: 0.005505 seconds.
  path: Assets/polyperfect/Low Poly Ultimate Pack/T/- Meshes_T/Nature_T/Trees_T/tree-round.fbx
  artifactKey: Guid(746a13306856242dfa2c012fa0e4e33f) Importer(815301076,1909f56bfc062723c751e8b465ee728b)
Number of updated assets reloaded before import = 0
Start importing Assets/polyperfect/Low Poly Ultimate Pack/T/- Meshes_T/Nature_T/Trees_T/tree-round.fbx using Guid(746a13306856242dfa2c012fa0e4e33f) Importer(815301076,1909f56bfc062723c751e8b465ee728b)  -> (artifact id: '8a46de764c9bb2761c7aa72c23de60f7') in 0.013994 seconds 
Number of asset objects unloaded after import = 8
========================================================================
Received Import Request.
  Time since last request: 0.010596 seconds.
  path: Assets/polyperfect/Low Poly Ultimate Pack/T/- Meshes_T/Nature_T/Trees_T/tree-simple.fbx
  artifactKey: Guid(57b7490d97f7446c89516dd60f26f13e) Importer(815301076,1909f56bfc062723c751e8b465ee728b)
Number of updated assets reloaded before import = 0
Start importing Assets/polyperfect/Low Poly Ultimate Pack/T/- Meshes_T/Nature_T/Trees_T/tree-simple.fbx using Guid(57b7490d97f7446c89516dd60f26f13e) Importer(815301076,1909f56bfc062723c751e8b465ee728b)  -> (artifact id: 'd28c1b446f772c37dc9f75030db9a0d3') in 0.013798 seconds 
Number of asset objects unloaded after import = 8
========================================================================
Received Import Request.
  Time since last request: 0.019354 seconds.
  path: Assets/polyperfect/Low Poly Ultimate Pack/T/- Meshes_T/Animals_T/spider.fbx
  artifactKey: Guid(d78b46dd907de41f781c1d36a3903044) Importer(815301076,1909f56bfc062723c751e8b465ee728b)
Number of updated assets reloaded before import = 0
Start importing Assets/polyperfect/Low Poly Ultimate Pack/T/- Meshes_T/Animals_T/spider.fbx using Guid(d78b46dd907de41f781c1d36a3903044) Importer(815301076,1909f56bfc062723c751e8b465ee728b)  -> (artifact id: '28129fa07addf9441774c699a6b41125') in 0.014361 seconds 
Number of asset objects unloaded after import = 8
========================================================================
Received Import Request.
  Time since last request: 0.002091 seconds.
  path: Assets/Scenes/protomap/NavMesh.asset
  artifactKey: Guid(471f1aa818c1eed4b93a8d7b6e5b0b78) Importer(815301076,1909f56bfc062723c751e8b465ee728b)
Number of updated assets reloaded before import = 0
Start importing Assets/Scenes/protomap/NavMesh.asset using Guid(471f1aa818c1eed4b93a8d7b6e5b0b78) Importer(815301076,1909f56bfc062723c751e8b465ee728b)  -> (artifact id: '04c9d8348b440f463e5e2123fd7ba03f') in 0.009204 seconds 
Number of asset objects unloaded after import = 1
========================================================================
Received Import Request.
  Time since last request: 0.002124 seconds.
  path: Assets/polyperfect/Low Poly Ultimate Pack/T/- Meshes_T/Tiles_T/tile-plain_asphalt.fbx
  artifactKey: Guid(8fccef9c55bf3445b83b1a618f063172) Importer(815301076,1909f56bfc062723c751e8b465ee728b)
Number of updated assets reloaded before import = 0
Start importing Assets/polyperfect/Low Poly Ultimate Pack/T/- Meshes_T/Tiles_T/tile-plain_asphalt.fbx using Guid(8fccef9c55bf3445b83b1a618f063172) Importer(815301076,1909f56bfc062723c751e8b465ee728b)  -> (artifact id: '9cc2e9de0ea88841a581645d4bf9848d') in 0.013471 seconds 
Number of asset objects unloaded after import = 8
