Using pre-set license
Built from '2021.3/staging' branch; Version is '2021.3.33f1 (ee5a2aa03ab2) revision 15620650'; Using compiler version '192829333'; Build Type 'Release'
OS: 'Windows 10  (10.0.19045) 64bit Core' Language: 'ko' Physical Memory: 16233 MB
BatchMode: 1, IsHumanControllingUs: 0, StartBugReporterOnCrash: 0, Is64bit: 1, IsPro: 1

COMMAND LINE ARGUMENTS:
C:\Program Files\Unity\Hub\Editor\2021.3.33f1\Editor\Unity.exe
-adb2
-batchMode
-noUpm
-name
AssetImportWorker10
-projectPath
C:/Users/peace/Documents/indv_work/Level
-logFile
Logs/AssetImportWorker10.log
-srvPort
53429
Successfully changed project path to: C:/Users/peace/Documents/indv_work/Level
C:/Users/peace/Documents/indv_work/Level
[UnityMemory] Configuration Parameters - Can be set up in boot.config
    "memorysetup-bucket-allocator-granularity=16"
    "memorysetup-bucket-allocator-bucket-count=8"
    "memorysetup-bucket-allocator-block-size=33554432"
    "memorysetup-bucket-allocator-block-count=8"
    "memorysetup-main-allocator-block-size=16777216"
    "memorysetup-thread-allocator-block-size=16777216"
    "memorysetup-gfx-main-allocator-block-size=16777216"
    "memorysetup-gfx-thread-allocator-block-size=16777216"
    "memorysetup-cache-allocator-block-size=4194304"
    "memorysetup-typetree-allocator-block-size=2097152"
    "memorysetup-profiler-bucket-allocator-granularity=16"
    "memorysetup-profiler-bucket-allocator-bucket-count=8"
    "memorysetup-profiler-bucket-allocator-block-size=33554432"
    "memorysetup-profiler-bucket-allocator-block-count=8"
    "memorysetup-profiler-allocator-block-size=16777216"
    "memorysetup-profiler-editor-allocator-block-size=1048576"
    "memorysetup-temp-allocator-size-main=16777216"
    "memorysetup-job-temp-allocator-block-size=2097152"
    "memorysetup-job-temp-allocator-block-size-background=1048576"
    "memorysetup-job-temp-allocator-reduction-small-platforms=262144"
    "memorysetup-temp-allocator-size-background-worker=32768"
    "memorysetup-temp-allocator-size-job-worker=262144"
    "memorysetup-temp-allocator-size-preload-manager=33554432"
    "memorysetup-temp-allocator-size-nav-mesh-worker=65536"
    "memorysetup-temp-allocator-size-audio-worker=65536"
    "memorysetup-temp-allocator-size-cloud-worker=32768"
    "memorysetup-temp-allocator-size-gi-baking-worker=262144"
    "memorysetup-temp-allocator-size-gfx=262144"
Player connection [15528] Host "[IP] 192.168.180.225 [Port] 0 [Flags] 2 [Guid] 3629669576 [EditorId] 3629669576 [Version] 1048832 [Id] WindowsEditor(7,DESKTOP-2BF80HA) [Debug] 1 [PackageName] WindowsEditor [ProjectName] Editor" joined multi-casting on [225.0.0.222:54997]...

Player connection [15528] Host "[IP] 192.168.180.225 [Port] 0 [Flags] 2 [Guid] 3629669576 [EditorId] 3629669576 [Version] 1048832 [Id] WindowsEditor(7,DESKTOP-2BF80HA) [Debug] 1 [PackageName] WindowsEditor [ProjectName] Editor" joined alternative multi-casting on [225.0.0.222:34997]...

[Physics::Module] Initialized MultithreadedJobDispatcher with {0} workers.
Refreshing native plugins compatible for Editor in 196.76 ms, found 5 plugins.
Preloading 0 native plugins for Editor in 0.00 ms.
Initialize engine version: 2021.3.33f1 (ee5a2aa03ab2)
[Subsystems] Discovering subsystems at path C:/Program Files/Unity/Hub/Editor/2021.3.33f1/Editor/Data/Resources/UnitySubsystems
[Subsystems] Discovering subsystems at path C:/Users/peace/Documents/indv_work/Level/Assets
GfxDevice: creating device client; threaded=0; jobified=0
Direct3D:
    Version:  Direct3D 11.0 [level 11.1]
    Renderer: NVIDIA GeForce GTX 1660 Ti (ID=0x2191)
    Vendor:   NVIDIA
    VRAM:     5991 MB
    Driver:   30.0.15.1278
Initialize mono
Mono path[0] = 'C:/Program Files/Unity/Hub/Editor/2021.3.33f1/Editor/Data/Managed'
Mono path[1] = 'C:/Program Files/Unity/Hub/Editor/2021.3.33f1/Editor/Data/MonoBleedingEdge/lib/mono/unityjit-win32'
Mono config path = 'C:/Program Files/Unity/Hub/Editor/2021.3.33f1/Editor/Data/MonoBleedingEdge/etc'
Using monoOptions --debugger-agent=transport=dt_socket,embedding=1,server=y,suspend=n,address=127.0.0.1:56188
Begin MonoManager ReloadAssembly
Registering precompiled unity dll's ...
Register platform support module: C:/Program Files/Unity/Hub/Editor/2021.3.33f1/Editor/Data/PlaybackEngines/AndroidPlayer/UnityEditor.Android.Extensions.dll
Register platform support module: C:/Program Files/Unity/Hub/Editor/2021.3.33f1/Editor/Data/PlaybackEngines/WindowsStandaloneSupport/UnityEditor.WindowsStandalone.Extensions.dll
Registered in 0.007436 seconds.
Native extension for WindowsStandalone target not found
Native extension for Android target not found
Android Extension - Scanning For ADB Devices 269 ms
Refreshing native plugins compatible for Editor in 173.43 ms, found 5 plugins.
Preloading 0 native plugins for Editor in 0.00 ms.
Mono: successfully reloaded assembly
- Completed reload, in  1.053 seconds
Domain Reload Profiling:
	ReloadAssembly (1053ms)
		BeginReloadAssembly (100ms)
			ExecutionOrderSort (0ms)
			DisableScriptedObjects (0ms)
			BackupInstance (0ms)
			ReleaseScriptingObjects (0ms)
			CreateAndSetChildDomain (1ms)
		EndReloadAssembly (852ms)
			LoadAssemblies (98ms)
			RebuildTransferFunctionScriptingTraits (0ms)
			SetupTypeCache (111ms)
			ReleaseScriptCaches (0ms)
			RebuildScriptCaches (28ms)
			SetupLoadedEditorAssemblies (669ms)
				LogAssemblyErrors (0ms)
				InitializePlatformSupportModulesInManaged (359ms)
				SetLoadedEditorAssemblies (0ms)
				RefreshPlugins (174ms)
				BeforeProcessingInitializeOnLoad (1ms)
				ProcessInitializeOnLoadAttributes (95ms)
				ProcessInitializeOnLoadMethodAttributes (41ms)
				AfterProcessingInitializeOnLoad (0ms)
				EditorAssembliesLoaded (0ms)
			ExecutionOrderSort2 (0ms)
			AwakeInstancesAfterBackupRestoration (0ms)
Platform modules already initialized, skipping
Registering precompiled user dll's ...
Registered in 0.007592 seconds.
Begin MonoManager ReloadAssembly
Native extension for WindowsStandalone target not found
Native extension for Android target not found
Refreshing native plugins compatible for Editor in 298.51 ms, found 5 plugins.
Preloading 0 native plugins for Editor in 0.00 ms.
Package Manager log level set to [2]
[Package Manager] Server::EnsureServerProcessIsRunning -- launch failed, reason: Unity was launched with the -noUpm command-line argument
[Package Manager] Cannot connect to Unity Package Manager local server
Mono: successfully reloaded assembly
- Completed reload, in  2.425 seconds
Domain Reload Profiling:
	ReloadAssembly (2426ms)
		BeginReloadAssembly (171ms)
			ExecutionOrderSort (0ms)
			DisableScriptedObjects (8ms)
			BackupInstance (0ms)
			ReleaseScriptingObjects (0ms)
			CreateAndSetChildDomain (40ms)
		EndReloadAssembly (2145ms)
			LoadAssemblies (129ms)
			RebuildTransferFunctionScriptingTraits (0ms)
			SetupTypeCache (512ms)
			ReleaseScriptCaches (2ms)
			RebuildScriptCaches (110ms)
			SetupLoadedEditorAssemblies (1317ms)
				LogAssemblyErrors (0ms)
				InitializePlatformSupportModulesInManaged (35ms)
				SetLoadedEditorAssemblies (0ms)
				RefreshPlugins (299ms)
				BeforeProcessingInitializeOnLoad (178ms)
				ProcessInitializeOnLoadAttributes (719ms)
				ProcessInitializeOnLoadMethodAttributes (78ms)
				AfterProcessingInitializeOnLoad (7ms)
				EditorAssembliesLoaded (0ms)
			ExecutionOrderSort2 (0ms)
			AwakeInstancesAfterBackupRestoration (6ms)
Platform modules already initialized, skipping
========================================================================
Worker process is ready to serve import requests
Launched and connected shader compiler UnityShaderCompiler.exe after 0.08 seconds
Refreshing native plugins compatible for Editor in 4.20 ms, found 5 plugins.
Preloading 0 native plugins for Editor in 0.00 ms.
Unloading 5012 Unused Serialized files (Serialized files now loaded: 0)
Unloading 36 unused Assets / (0.7 MB). Loaded Objects now: 5464.
Memory consumption went from 214.4 MB to 213.6 MB.
Total: 7.319500 ms (FindLiveObjects: 1.247500 ms CreateObjectMapping: 0.856900 ms MarkObjects: 4.582200 ms  DeleteObjects: 0.631600 ms)

AssetImportParameters requested are different than current active one (requested -> active):
  custom:video-decoder-ogg-theora: a1e56fd34408186e4bbccfd4996cb3dc -> 
  custom:container-muxer-webm: aa71ff27fc2769a1b78a27578f13a17b -> 
  custom:container-demuxer-webm: 4f35f7cbe854078d1ac9338744f61a02 -> 
  custom:video-encoder-webm-vp8: eb34c28f22e8b96e1ab97ce403110664 -> 
  custom:CustomObjectIndexerAttribute: 6b0e35c9178b02a6363f3721b7b8e397 -> 
  custom:audio-encoder-webm-vorbis: bf7c407c2cedff20999df2af8eb42d56 -> 
  custom:framework-win-MediaFoundation: 216162199b28c13a410421893ffa2e32 -> 
  custom:SearchIndexIgnoredProperties: e643bd26f0fe6173181afceb89e7c659 -> 
  custom:container-demuxer-ogg: 62fdf1f143b41e24485cea50d1cbac27 -> 
  custom:video-decoder-webm-vp8: 9c59270c3fd7afecdb556c50c9e8de78 -> 
  custom:audio-decoder-ogg-vorbis: bf7c407c2cedff20999df2af8eb42d56 -> 
========================================================================
Received Import Request.
  Time since last request: 83868.190318 seconds.
  path: Assets/polyperfect/Low Poly Ultimate Pack/T/- Prefabs_T/Fantasy_T/altar.prefab
  artifactKey: Guid(e084f2be5147b45d88f4a010456a25c8) Importer(815301076,1909f56bfc062723c751e8b465ee728b)
Number of updated assets reloaded before import = 0
Start importing Assets/polyperfect/Low Poly Ultimate Pack/T/- Prefabs_T/Fantasy_T/altar.prefab using Guid(e084f2be5147b45d88f4a010456a25c8) Importer(815301076,1909f56bfc062723c751e8b465ee728b)  -> (artifact id: '56db8f1a36fdbf3f87da9eb2bc99f1c2') in 0.560483 seconds 
Number of asset objects unloaded after import = 23
========================================================================
Received Import Request.
  Time since last request: 0.000107 seconds.
  path: Assets/polyperfect/Low Poly Ultimate Pack/T/- Prefabs_T/Fantasy_T/carpet.prefab
  artifactKey: Guid(e0087b853d6b248e3bad4e60e5596ab6) Importer(815301076,1909f56bfc062723c751e8b465ee728b)
Number of updated assets reloaded before import = 0
Start importing Assets/polyperfect/Low Poly Ultimate Pack/T/- Prefabs_T/Fantasy_T/carpet.prefab using Guid(e0087b853d6b248e3bad4e60e5596ab6) Importer(815301076,1909f56bfc062723c751e8b465ee728b)  -> (artifact id: '9e694eb4535728688d35eb0672a8682a') in 0.038586 seconds 
Number of asset objects unloaded after import = 13
========================================================================
Received Import Request.
  Time since last request: 0.000046 seconds.
  path: Assets/polyperfect/Low Poly Ultimate Pack/T/- Prefabs_T/Fantasy_T/cross-wood.prefab
  artifactKey: Guid(5d68336ad1e854d2080e9b0145342566) Importer(815301076,1909f56bfc062723c751e8b465ee728b)
Number of updated assets reloaded before import = 0
Start importing Assets/polyperfect/Low Poly Ultimate Pack/T/- Prefabs_T/Fantasy_T/cross-wood.prefab using Guid(5d68336ad1e854d2080e9b0145342566) Importer(815301076,1909f56bfc062723c751e8b465ee728b)  -> (artifact id: '955bb419cd14718bbea02895798f2faf') in 0.032195 seconds 
Number of asset objects unloaded after import = 14
========================================================================
Received Import Request.
  Time since last request: 0.000072 seconds.
  path: Assets/polyperfect/Low Poly Ultimate Pack/T/- Prefabs_T/Fantasy_T/book-closed.prefab
  artifactKey: Guid(4ea5bbc63806649029eaa89681709172) Importer(815301076,1909f56bfc062723c751e8b465ee728b)
Number of updated assets reloaded before import = 0
Start importing Assets/polyperfect/Low Poly Ultimate Pack/T/- Prefabs_T/Fantasy_T/book-closed.prefab using Guid(4ea5bbc63806649029eaa89681709172) Importer(815301076,1909f56bfc062723c751e8b465ee728b)  -> (artifact id: 'ddf2541e0ca3db1b54c7f1efb589d1af') in 0.031089 seconds 
Number of asset objects unloaded after import = 13
========================================================================
Received Import Request.
  Time since last request: 0.000033 seconds.
  path: Assets/polyperfect/Low Poly Ultimate Pack/T/- Prefabs_T/Fantasy_T/carpet-corner.prefab
  artifactKey: Guid(5c5689e1873094894af1278959d78333) Importer(815301076,1909f56bfc062723c751e8b465ee728b)
Number of updated assets reloaded before import = 0
Start importing Assets/polyperfect/Low Poly Ultimate Pack/T/- Prefabs_T/Fantasy_T/carpet-corner.prefab using Guid(5c5689e1873094894af1278959d78333) Importer(815301076,1909f56bfc062723c751e8b465ee728b)  -> (artifact id: 'eee79d772846dc125df4ce8b98abaff5') in 0.036644 seconds 
Number of asset objects unloaded after import = 13
========================================================================
Received Import Request.
  Time since last request: 1.406321 seconds.
  path: Assets/polyperfect/Low Poly Ultimate Pack/T/- Prefabs_T/Japan_T/bamboo-leaves.prefab
  artifactKey: Guid(fee54c583cc574dfdaf0b8805901fbec) Importer(815301076,1909f56bfc062723c751e8b465ee728b)
Number of updated assets reloaded before import = 0
Start importing Assets/polyperfect/Low Poly Ultimate Pack/T/- Prefabs_T/Japan_T/bamboo-leaves.prefab using Guid(fee54c583cc574dfdaf0b8805901fbec) Importer(815301076,1909f56bfc062723c751e8b465ee728b)  -> (artifact id: '88766487da7025e3bc52eafd394309f3') in 0.023235 seconds 
Number of asset objects unloaded after import = 13
========================================================================
Received Import Request.
  Time since last request: 0.000029 seconds.
  path: Assets/polyperfect/Low Poly Ultimate Pack/T/- Prefabs_T/Japan_T/base-japan-elbow_medium.prefab
  artifactKey: Guid(a82829a32d193400d96a1c2db5df4d00) Importer(815301076,1909f56bfc062723c751e8b465ee728b)
Number of updated assets reloaded before import = 0
Start importing Assets/polyperfect/Low Poly Ultimate Pack/T/- Prefabs_T/Japan_T/base-japan-elbow_medium.prefab using Guid(a82829a32d193400d96a1c2db5df4d00) Importer(815301076,1909f56bfc062723c751e8b465ee728b)  -> (artifact id: 'a41a3f05eb06eb51879d865c3fcf6a73') in 0.037965 seconds 
Number of asset objects unloaded after import = 13
========================================================================
Received Import Request.
  Time since last request: 0.000032 seconds.
  path: Assets/polyperfect/Low Poly Ultimate Pack/T/- Prefabs_T/Japan_T/japan-tree-tall.prefab
  artifactKey: Guid(3ba8722acc6ed407ba69d7d7d4d5f832) Importer(815301076,1909f56bfc062723c751e8b465ee728b)
Number of updated assets reloaded before import = 0
Start importing Assets/polyperfect/Low Poly Ultimate Pack/T/- Prefabs_T/Japan_T/japan-tree-tall.prefab using Guid(3ba8722acc6ed407ba69d7d7d4d5f832) Importer(815301076,1909f56bfc062723c751e8b465ee728b)  -> (artifact id: '1e794979f157c5e1337ab081b9654043') in 0.033744 seconds 
Number of asset objects unloaded after import = 13
========================================================================
Received Import Request.
  Time since last request: 0.000049 seconds.
  path: Assets/polyperfect/Low Poly Ultimate Pack/T/- Prefabs_T/Japan_T/shrub-round_red.prefab
  artifactKey: Guid(79fa62a4fa2554b82aef9a93cf5db227) Importer(815301076,1909f56bfc062723c751e8b465ee728b)
Number of updated assets reloaded before import = 0
Start importing Assets/polyperfect/Low Poly Ultimate Pack/T/- Prefabs_T/Japan_T/shrub-round_red.prefab using Guid(79fa62a4fa2554b82aef9a93cf5db227) Importer(815301076,1909f56bfc062723c751e8b465ee728b)  -> (artifact id: '74ca3cc54642bff19df1f2963ea4a764') in 0.031169 seconds 
Number of asset objects unloaded after import = 13
========================================================================
Received Import Request.
  Time since last request: 0.000052 seconds.
  path: Assets/polyperfect/Low Poly Ultimate Pack/T/- Prefabs_T/Japan_T/katana.prefab
  artifactKey: Guid(8bf0a4aab82ee46f8ba32a0345eb2a93) Importer(815301076,1909f56bfc062723c751e8b465ee728b)
Number of updated assets reloaded before import = 0
Start importing Assets/polyperfect/Low Poly Ultimate Pack/T/- Prefabs_T/Japan_T/katana.prefab using Guid(8bf0a4aab82ee46f8ba32a0345eb2a93) Importer(815301076,1909f56bfc062723c751e8b465ee728b)  -> (artifact id: 'af8b7fcec8462bc340db66a69b2755c2') in 0.035161 seconds 
Number of asset objects unloaded after import = 13
========================================================================
Received Import Request.
  Time since last request: 0.000033 seconds.
  path: Assets/polyperfect/Low Poly Ultimate Pack/T/- Prefabs_T/Japan_T/base-japan-edge_medium.prefab
  artifactKey: Guid(de09fa98fc2774c0f84eeef51ca1a189) Importer(815301076,1909f56bfc062723c751e8b465ee728b)
Number of updated assets reloaded before import = 0
Start importing Assets/polyperfect/Low Poly Ultimate Pack/T/- Prefabs_T/Japan_T/base-japan-edge_medium.prefab using Guid(de09fa98fc2774c0f84eeef51ca1a189) Importer(815301076,1909f56bfc062723c751e8b465ee728b)  -> (artifact id: 'ed94b0ac79f15abb849ca7f001726329') in 0.038916 seconds 
Number of asset objects unloaded after import = 13
========================================================================
Received Import Request.
  Time since last request: 0.000039 seconds.
  path: Assets/polyperfect/Low Poly Ultimate Pack/T/- Prefabs_T/Japan_T/lantern-sphere.prefab
  artifactKey: Guid(a87c842fceb844c4e8ca6df988831a4e) Importer(815301076,1909f56bfc062723c751e8b465ee728b)
Number of updated assets reloaded before import = 0
Start importing Assets/polyperfect/Low Poly Ultimate Pack/T/- Prefabs_T/Japan_T/lantern-sphere.prefab using Guid(a87c842fceb844c4e8ca6df988831a4e) Importer(815301076,1909f56bfc062723c751e8b465ee728b)  -> (artifact id: 'f03b7a1a59d2cab196d3e67eaca193e8') in 0.033090 seconds 
Number of asset objects unloaded after import = 13
========================================================================
Received Import Request.
  Time since last request: 0.000098 seconds.
  path: Assets/polyperfect/Low Poly Ultimate Pack/T/- Prefabs_T/Japan_T/castle-japan.prefab
  artifactKey: Guid(2395914613c154ee18e773bea78311b6) Importer(815301076,1909f56bfc062723c751e8b465ee728b)
Number of updated assets reloaded before import = 0
Start importing Assets/polyperfect/Low Poly Ultimate Pack/T/- Prefabs_T/Japan_T/castle-japan.prefab using Guid(2395914613c154ee18e773bea78311b6) Importer(815301076,1909f56bfc062723c751e8b465ee728b)  -> (artifact id: 'b16a91d262488a7b967f477a1bf4873b') in 0.035557 seconds 
Number of asset objects unloaded after import = 13
========================================================================
Received Import Request.
  Time since last request: 0.000045 seconds.
  path: Assets/polyperfect/Low Poly Ultimate Pack/T/- Prefabs_T/Japan_T/holder-katana-empty.prefab
  artifactKey: Guid(a257566e5788e4dc5a5f1e311e4aa57b) Importer(815301076,1909f56bfc062723c751e8b465ee728b)
Number of updated assets reloaded before import = 0
Start importing Assets/polyperfect/Low Poly Ultimate Pack/T/- Prefabs_T/Japan_T/holder-katana-empty.prefab using Guid(a257566e5788e4dc5a5f1e311e4aa57b) Importer(815301076,1909f56bfc062723c751e8b465ee728b)  -> (artifact id: '370fd1f980f703498b0c985693e1ae39') in 0.031863 seconds 
Number of asset objects unloaded after import = 13
========================================================================
Received Import Request.
  Time since last request: 0.000051 seconds.
  path: Assets/polyperfect/Low Poly Ultimate Pack/T/- Prefabs_T/India_T/temple-gopuram.prefab
  artifactKey: Guid(7539fb553af6b8a439cdc2a10b7e0825) Importer(815301076,1909f56bfc062723c751e8b465ee728b)
Number of updated assets reloaded before import = 0
Start importing Assets/polyperfect/Low Poly Ultimate Pack/T/- Prefabs_T/India_T/temple-gopuram.prefab using Guid(7539fb553af6b8a439cdc2a10b7e0825) Importer(815301076,1909f56bfc062723c751e8b465ee728b)  -> (artifact id: '7f4f65a29d9585086bb350aba3e5f5b2') in 0.039988 seconds 
Number of asset objects unloaded after import = 13
========================================================================
Received Import Request.
  Time since last request: 0.000128 seconds.
  path: Assets/polyperfect/Low Poly Ultimate Pack/T/- Prefabs_T/India_T/hindu-wall-interior-edge.prefab
  artifactKey: Guid(f731fd0ad3b2d0945b07976c3fcdb3d1) Importer(815301076,1909f56bfc062723c751e8b465ee728b)
Number of updated assets reloaded before import = 0
Start importing Assets/polyperfect/Low Poly Ultimate Pack/T/- Prefabs_T/India_T/hindu-wall-interior-edge.prefab using Guid(f731fd0ad3b2d0945b07976c3fcdb3d1) Importer(815301076,1909f56bfc062723c751e8b465ee728b)  -> (artifact id: '4f79cd6be9583b7caf6c6ce078c74cb7') in 0.034933 seconds 
Number of asset objects unloaded after import = 13
========================================================================
Received Import Request.
  Time since last request: 0.000089 seconds.
  path: Assets/polyperfect/Low Poly Ultimate Pack/T/- Prefabs_T/India_T/wall-hindu.prefab
  artifactKey: Guid(baf9799583fba6449a6105e2d3fafbb0) Importer(815301076,1909f56bfc062723c751e8b465ee728b)
Number of updated assets reloaded before import = 0
Start importing Assets/polyperfect/Low Poly Ultimate Pack/T/- Prefabs_T/India_T/wall-hindu.prefab using Guid(baf9799583fba6449a6105e2d3fafbb0) Importer(815301076,1909f56bfc062723c751e8b465ee728b)  -> (artifact id: '8c794614de503e5335bf3cee724d7085') in 0.036427 seconds 
Number of asset objects unloaded after import = 13
========================================================================
Received Import Request.
  Time since last request: 0.000102 seconds.
  path: Assets/polyperfect/Low Poly Ultimate Pack/T/- Prefabs_T/India_T/hindu-wall-interior-middle.prefab
  artifactKey: Guid(427c0492a29b1b943aae0ee159e635be) Importer(815301076,1909f56bfc062723c751e8b465ee728b)
Number of updated assets reloaded before import = 0
Start importing Assets/polyperfect/Low Poly Ultimate Pack/T/- Prefabs_T/India_T/hindu-wall-interior-middle.prefab using Guid(427c0492a29b1b943aae0ee159e635be) Importer(815301076,1909f56bfc062723c751e8b465ee728b)  -> (artifact id: '8e13bbe50734a0f3957611ff48adec94') in 0.035742 seconds 
Number of asset objects unloaded after import = 13
========================================================================
Received Import Request.
  Time since last request: 0.000102 seconds.
  path: Assets/polyperfect/Low Poly Ultimate Pack/T/- Prefabs_T/India_T/hindu-pillars-edge.prefab
  artifactKey: Guid(46dff66693c262144bdec33695ee1846) Importer(815301076,1909f56bfc062723c751e8b465ee728b)
Number of updated assets reloaded before import = 0
Start importing Assets/polyperfect/Low Poly Ultimate Pack/T/- Prefabs_T/India_T/hindu-pillars-edge.prefab using Guid(46dff66693c262144bdec33695ee1846) Importer(815301076,1909f56bfc062723c751e8b465ee728b)  -> (artifact id: '7692723597cb33dec81a61e07f5e516c') in 0.038459 seconds 
Number of asset objects unloaded after import = 13
========================================================================
Received Import Request.
  Time since last request: 0.000154 seconds.
  path: Assets/polyperfect/Low Poly Ultimate Pack/T/- Prefabs_T/India_T/hindu-tomb.prefab
  artifactKey: Guid(fbc6ac655010fb94cb5194f9143c33ef) Importer(815301076,1909f56bfc062723c751e8b465ee728b)
Number of updated assets reloaded before import = 0
Start importing Assets/polyperfect/Low Poly Ultimate Pack/T/- Prefabs_T/India_T/hindu-tomb.prefab using Guid(fbc6ac655010fb94cb5194f9143c33ef) Importer(815301076,1909f56bfc062723c751e8b465ee728b)  -> (artifact id: '98cf2dc950fa1564c67ac04fd8bd3d6f') in 0.035273 seconds 
Number of asset objects unloaded after import = 13
========================================================================
Received Import Request.
  Time since last request: 0.000135 seconds.
  path: Assets/polyperfect/Low Poly Ultimate Pack/T/- Prefabs_T/India_T/building-street-india.prefab
  artifactKey: Guid(a13f15d8de137b14ca361053878faab6) Importer(815301076,1909f56bfc062723c751e8b465ee728b)
Number of updated assets reloaded before import = 0
Start importing Assets/polyperfect/Low Poly Ultimate Pack/T/- Prefabs_T/India_T/building-street-india.prefab using Guid(a13f15d8de137b14ca361053878faab6) Importer(815301076,1909f56bfc062723c751e8b465ee728b)  -> (artifact id: 'c23f28e0e8993cdcc4cacc1b4c2d194b') in 0.038708 seconds 
Number of asset objects unloaded after import = 13
========================================================================
Received Import Request.
  Time since last request: 0.000043 seconds.
  path: Assets/polyperfect/Low Poly Ultimate Pack/T/- Prefabs_T/India_T/building-street2-india.prefab
  artifactKey: Guid(74926fbf1314b1a4787782d3acb98283) Importer(815301076,1909f56bfc062723c751e8b465ee728b)
Number of updated assets reloaded before import = 0
Start importing Assets/polyperfect/Low Poly Ultimate Pack/T/- Prefabs_T/India_T/building-street2-india.prefab using Guid(74926fbf1314b1a4787782d3acb98283) Importer(815301076,1909f56bfc062723c751e8b465ee728b)  -> (artifact id: '4074c163919311bd6b94fd4790e9c5be') in 0.036088 seconds 
Number of asset objects unloaded after import = 13
========================================================================
Received Import Request.
  Time since last request: 0.000059 seconds.
  path: Assets/polyperfect/Low Poly Ultimate Pack/T/- Prefabs_T/India_T/hindu-wall-interior-corner.prefab
  artifactKey: Guid(2fc19a00a8236fb4288ef47babea8c78) Importer(815301076,1909f56bfc062723c751e8b465ee728b)
Number of updated assets reloaded before import = 0
Start importing Assets/polyperfect/Low Poly Ultimate Pack/T/- Prefabs_T/India_T/hindu-wall-interior-corner.prefab using Guid(2fc19a00a8236fb4288ef47babea8c78) Importer(815301076,1909f56bfc062723c751e8b465ee728b)  -> (artifact id: '66f933231d2d46c656fc0234a0b8aa12') in 0.035425 seconds 
Number of asset objects unloaded after import = 13
========================================================================
Received Import Request.
  Time since last request: 0.000055 seconds.
  path: Assets/polyperfect/Low Poly Ultimate Pack/T/- Prefabs_T/India_T/gate-india.prefab
  artifactKey: Guid(85557124b72fc5e45b195c38a7c41d39) Importer(815301076,1909f56bfc062723c751e8b465ee728b)
Number of updated assets reloaded before import = 0
Start importing Assets/polyperfect/Low Poly Ultimate Pack/T/- Prefabs_T/India_T/gate-india.prefab using Guid(85557124b72fc5e45b195c38a7c41d39) Importer(815301076,1909f56bfc062723c751e8b465ee728b)  -> (artifact id: 'c054245b3561fd13fae3315d8d39cdeb') in 0.034402 seconds 
Number of asset objects unloaded after import = 13
========================================================================
Received Import Request.
  Time since last request: 0.000045 seconds.
  path: Assets/polyperfect/Low Poly Ultimate Pack/T/- Prefabs_T/Japan_T/base-japan_medium.prefab
  artifactKey: Guid(bec2beb100d7f4acd8e01c090cc72469) Importer(815301076,1909f56bfc062723c751e8b465ee728b)
Number of updated assets reloaded before import = 0
Start importing Assets/polyperfect/Low Poly Ultimate Pack/T/- Prefabs_T/Japan_T/base-japan_medium.prefab using Guid(bec2beb100d7f4acd8e01c090cc72469) Importer(815301076,1909f56bfc062723c751e8b465ee728b)  -> (artifact id: '8b383f41f56b7b2e89bc31b74d6de4a5') in 0.035445 seconds 
Number of asset objects unloaded after import = 13
========================================================================
Received Import Request.
  Time since last request: 0.000076 seconds.
  path: Assets/polyperfect/Low Poly Ultimate Pack/T/- Prefabs_T/India_T/hindu-tomb-dome.prefab
  artifactKey: Guid(afa203f5e4c84a34a9cd9c483673278e) Importer(815301076,1909f56bfc062723c751e8b465ee728b)
Number of updated assets reloaded before import = 0
Start importing Assets/polyperfect/Low Poly Ultimate Pack/T/- Prefabs_T/India_T/hindu-tomb-dome.prefab using Guid(afa203f5e4c84a34a9cd9c483673278e) Importer(815301076,1909f56bfc062723c751e8b465ee728b)  -> (artifact id: '2e848e2bd2985105691b69d8cea16539') in 0.032752 seconds 
Number of asset objects unloaded after import = 13
========================================================================
Received Import Request.
  Time since last request: 9.698633 seconds.
  path: Assets/polyperfect/Low Poly Ultimate Pack/T/- Prefabs_T/Nature_T/Stones_T/gems.prefab
  artifactKey: Guid(1f106b8e2c7757345ac3991c52c9e7ce) Importer(815301076,1909f56bfc062723c751e8b465ee728b)
Number of updated assets reloaded before import = 0
Start importing Assets/polyperfect/Low Poly Ultimate Pack/T/- Prefabs_T/Nature_T/Stones_T/gems.prefab using Guid(1f106b8e2c7757345ac3991c52c9e7ce) Importer(815301076,1909f56bfc062723c751e8b465ee728b)  -> (artifact id: '55ee70172b0a200f5bcc0a1c58416648') in 0.025859 seconds 
Number of asset objects unloaded after import = 13
========================================================================
Received Import Request.
  Time since last request: 0.000096 seconds.
  path: Assets/polyperfect/Low Poly Ultimate Pack/T/- Prefabs_T/Nature_T/Stones_T/stone-diamond_orange.prefab
  artifactKey: Guid(a418142078cffa24f8c4398472c9cafb) Importer(815301076,1909f56bfc062723c751e8b465ee728b)
Number of updated assets reloaded before import = 0
Start importing Assets/polyperfect/Low Poly Ultimate Pack/T/- Prefabs_T/Nature_T/Stones_T/stone-diamond_orange.prefab using Guid(a418142078cffa24f8c4398472c9cafb) Importer(815301076,1909f56bfc062723c751e8b465ee728b)  -> (artifact id: '88fd3e3633195f34bbeefc210c3efe13') in 0.035542 seconds 
Number of asset objects unloaded after import = 13
========================================================================
Received Import Request.
  Time since last request: 0.000034 seconds.
  path: Assets/polyperfect/Low Poly Ultimate Pack/T/- Prefabs_T/Nature_T/Stones_T/stone-diamond_brown.prefab
  artifactKey: Guid(57ee24a79f9434341b85434ba53b0526) Importer(815301076,1909f56bfc062723c751e8b465ee728b)
Number of updated assets reloaded before import = 0
Start importing Assets/polyperfect/Low Poly Ultimate Pack/T/- Prefabs_T/Nature_T/Stones_T/stone-diamond_brown.prefab using Guid(57ee24a79f9434341b85434ba53b0526) Importer(815301076,1909f56bfc062723c751e8b465ee728b)  -> (artifact id: '7e2aa2a62dbee59aa06d2764a16646e5') in 0.039321 seconds 
Number of asset objects unloaded after import = 13
========================================================================
Received Import Request.
  Time since last request: 0.000083 seconds.
  path: Assets/polyperfect/Low Poly Ultimate Pack/T/- Prefabs_T/Nature_T/Stones_T/rocks-small_white.prefab
  artifactKey: Guid(cb7506326845d4d45a8a2e3f49a58044) Importer(815301076,1909f56bfc062723c751e8b465ee728b)
Number of updated assets reloaded before import = 0
Start importing Assets/polyperfect/Low Poly Ultimate Pack/T/- Prefabs_T/Nature_T/Stones_T/rocks-small_white.prefab using Guid(cb7506326845d4d45a8a2e3f49a58044) Importer(815301076,1909f56bfc062723c751e8b465ee728b)  -> (artifact id: '1fd3f20ec329edd62d2cb0ba5dd2a971') in 0.036243 seconds 
Number of asset objects unloaded after import = 12
========================================================================
Received Import Request.
  Time since last request: 0.000133 seconds.
  path: Assets/polyperfect/Low Poly Ultimate Pack/T/- Prefabs_T/Nature_T/Stones_T/rock-terrasse.prefab
  artifactKey: Guid(7359cc47cca404e4cbb673012e02bdec) Importer(815301076,1909f56bfc062723c751e8b465ee728b)
Number of updated assets reloaded before import = 0
Start importing Assets/polyperfect/Low Poly Ultimate Pack/T/- Prefabs_T/Nature_T/Stones_T/rock-terrasse.prefab using Guid(7359cc47cca404e4cbb673012e02bdec) Importer(815301076,1909f56bfc062723c751e8b465ee728b)  -> (artifact id: '79a671028c085bf69dc55b7d928f618a') in 0.035546 seconds 
Number of asset objects unloaded after import = 13
========================================================================
Received Import Request.
  Time since last request: 0.000038 seconds.
  path: Assets/polyperfect/Low Poly Ultimate Pack/T/- Prefabs_T/Nature_T/Stones_T/stone-diamond.prefab
  artifactKey: Guid(1e6bbdee4038af349901aa5f6b06c65b) Importer(815301076,1909f56bfc062723c751e8b465ee728b)
Number of updated assets reloaded before import = 0
Start importing Assets/polyperfect/Low Poly Ultimate Pack/T/- Prefabs_T/Nature_T/Stones_T/stone-diamond.prefab using Guid(1e6bbdee4038af349901aa5f6b06c65b) Importer(815301076,1909f56bfc062723c751e8b465ee728b)  -> (artifact id: 'e0ee6313e9c7bf0b8695ec5011619fa6') in 0.037270 seconds 
Number of asset objects unloaded after import = 13
========================================================================
Received Import Request.
  Time since last request: 0.000057 seconds.
  path: Assets/polyperfect/Low Poly Ultimate Pack/T/- Prefabs_T/Nature_T/Stones_T/rocks-small_orange.prefab
  artifactKey: Guid(d17c28d3e02f33040aabbba51a2118fd) Importer(815301076,1909f56bfc062723c751e8b465ee728b)
Number of updated assets reloaded before import = 0
Start importing Assets/polyperfect/Low Poly Ultimate Pack/T/- Prefabs_T/Nature_T/Stones_T/rocks-small_orange.prefab using Guid(d17c28d3e02f33040aabbba51a2118fd) Importer(815301076,1909f56bfc062723c751e8b465ee728b)  -> (artifact id: '22c29084639212217fe09add6b85d609') in 0.037158 seconds 
Number of asset objects unloaded after import = 12
========================================================================
Received Import Request.
  Time since last request: 0.000044 seconds.
  path: Assets/polyperfect/Low Poly Ultimate Pack/T/- Prefabs_T/Nature_T/Stones_T/stone-flat_orange.prefab
  artifactKey: Guid(5e74835ce4619c94e9996cc209b92921) Importer(815301076,1909f56bfc062723c751e8b465ee728b)
Number of updated assets reloaded before import = 0
Start importing Assets/polyperfect/Low Poly Ultimate Pack/T/- Prefabs_T/Nature_T/Stones_T/stone-flat_orange.prefab using Guid(5e74835ce4619c94e9996cc209b92921) Importer(815301076,1909f56bfc062723c751e8b465ee728b)  -> (artifact id: 'deba6eac2105f59c85b365256e43222c') in 0.035270 seconds 
Number of asset objects unloaded after import = 13
========================================================================
Received Import Request.
  Time since last request: 0.000050 seconds.
  path: Assets/polyperfect/Low Poly Ultimate Pack/T/- Prefabs_T/Nature_T/Stones_T/stone-flat.prefab
  artifactKey: Guid(4474509db5d3de14ba862ea4000efdfd) Importer(815301076,1909f56bfc062723c751e8b465ee728b)
Number of updated assets reloaded before import = 0
Start importing Assets/polyperfect/Low Poly Ultimate Pack/T/- Prefabs_T/Nature_T/Stones_T/stone-flat.prefab using Guid(4474509db5d3de14ba862ea4000efdfd) Importer(815301076,1909f56bfc062723c751e8b465ee728b)  -> (artifact id: 'dde3aa00de7887d7d2ace27f955b3f39') in 0.035494 seconds 
Number of asset objects unloaded after import = 13
========================================================================
Received Import Request.
  Time since last request: 0.000030 seconds.
  path: Assets/polyperfect/Low Poly Ultimate Pack/T/- Prefabs_T/Nature_T/Stones_T/stone-oval.prefab
  artifactKey: Guid(f9c68666ec758cb48afb06107c00dfcd) Importer(815301076,1909f56bfc062723c751e8b465ee728b)
Number of updated assets reloaded before import = 0
Start importing Assets/polyperfect/Low Poly Ultimate Pack/T/- Prefabs_T/Nature_T/Stones_T/stone-oval.prefab using Guid(f9c68666ec758cb48afb06107c00dfcd) Importer(815301076,1909f56bfc062723c751e8b465ee728b)  -> (artifact id: 'df1d17e94015c2279dbbf9f245d5bc16') in 0.040085 seconds 
Number of asset objects unloaded after import = 13
========================================================================
Received Import Request.
  Time since last request: 18.737704 seconds.
  path: Assets/polyperfect/Low Poly Ultimate Pack/T/- Prefabs_T/Nature_T/Stones_T/stone-oval_white.prefab
  artifactKey: Guid(fc3700cef4d097d4aa4d786c37576947) Importer(815301076,1909f56bfc062723c751e8b465ee728b)
Number of updated assets reloaded before import = 0
Start importing Assets/polyperfect/Low Poly Ultimate Pack/T/- Prefabs_T/Nature_T/Stones_T/stone-oval_white.prefab using Guid(fc3700cef4d097d4aa4d786c37576947) Importer(815301076,1909f56bfc062723c751e8b465ee728b)  -> (artifact id: '4caddaf15fa5a3cfdb7dc5b1d046dfbf') in 0.030106 seconds 
Number of asset objects unloaded after import = 13
========================================================================
Received Import Request.
  Time since last request: 0.000043 seconds.
  path: Assets/polyperfect/Low Poly Ultimate Pack/T/- Prefabs_T/Nature_T/Stones_T/stone-round.prefab
  artifactKey: Guid(5aa80b55966c6404fb24876c1d1e55d5) Importer(815301076,1909f56bfc062723c751e8b465ee728b)
Number of updated assets reloaded before import = 0
Start importing Assets/polyperfect/Low Poly Ultimate Pack/T/- Prefabs_T/Nature_T/Stones_T/stone-round.prefab using Guid(5aa80b55966c6404fb24876c1d1e55d5) Importer(815301076,1909f56bfc062723c751e8b465ee728b)  -> (artifact id: '16268b1bd3914add4a28c65bd7cffa29') in 0.038739 seconds 
Number of asset objects unloaded after import = 13
========================================================================
Received Import Request.
  Time since last request: 0.000147 seconds.
  path: Assets/polyperfect/Low Poly Ultimate Pack/T/- Prefabs_T/Nature_T/Stones_T/stone-pointy_orange.prefab
  artifactKey: Guid(e2a184eee3066c849bee3b0b9035c911) Importer(815301076,1909f56bfc062723c751e8b465ee728b)
Number of updated assets reloaded before import = 0
Start importing Assets/polyperfect/Low Poly Ultimate Pack/T/- Prefabs_T/Nature_T/Stones_T/stone-pointy_orange.prefab using Guid(e2a184eee3066c849bee3b0b9035c911) Importer(815301076,1909f56bfc062723c751e8b465ee728b)  -> (artifact id: '450c867f9d52dfca8b59310e287f77d3') in 0.026574 seconds 
Number of asset objects unloaded after import = 13
========================================================================
Received Import Request.
  Time since last request: 0.380175 seconds.
  path: Assets/polyperfect/Low Poly Ultimate Pack/T/- Prefabs_T/Nature_T/Stones_T/stone-round_orange.prefab
  artifactKey: Guid(5c6e01cf12ba8934f82b4c08f4cb262c) Importer(815301076,1909f56bfc062723c751e8b465ee728b)
Number of updated assets reloaded before import = 0
Start importing Assets/polyperfect/Low Poly Ultimate Pack/T/- Prefabs_T/Nature_T/Stones_T/stone-round_orange.prefab using Guid(5c6e01cf12ba8934f82b4c08f4cb262c) Importer(815301076,1909f56bfc062723c751e8b465ee728b)  -> (artifact id: 'ed605bfbceac95c48295aea5feee2bfa') in 0.030850 seconds 
Number of asset objects unloaded after import = 13
========================================================================
Received Import Request.
  Time since last request: 0.000093 seconds.
  path: Assets/polyperfect/Low Poly Ultimate Pack/T/- Prefabs_T/Nature_T/Stones_T/stone-small_orange.prefab
  artifactKey: Guid(6387db88c4179b14eba08bb62d247de7) Importer(815301076,1909f56bfc062723c751e8b465ee728b)
Number of updated assets reloaded before import = 0
Start importing Assets/polyperfect/Low Poly Ultimate Pack/T/- Prefabs_T/Nature_T/Stones_T/stone-small_orange.prefab using Guid(6387db88c4179b14eba08bb62d247de7) Importer(815301076,1909f56bfc062723c751e8b465ee728b)  -> (artifact id: '52765be93ee702890a79864ad2799009') in 0.037564 seconds 
Number of asset objects unloaded after import = 13
========================================================================
Received Import Request.
  Time since last request: 127.906759 seconds.
  path: Assets/polyperfect/Low Poly Ultimate Pack/- Materials/Colors/64 GLASS-LPUP.mat
  artifactKey: Guid(ffce2a7e1519d465684f3f97da456fa9) Importer(815301076,1909f56bfc062723c751e8b465ee728b)
Number of updated assets reloaded before import = 0
Start importing Assets/polyperfect/Low Poly Ultimate Pack/- Materials/Colors/64 GLASS-LPUP.mat using Guid(ffce2a7e1519d465684f3f97da456fa9) Importer(815301076,1909f56bfc062723c751e8b465ee728b)  -> (artifact id: '1f074ea515b19b20b1275ef9b515c19d') in 0.051716 seconds 
Number of asset objects unloaded after import = 3
========================================================================
Received Import Request.
  Time since last request: 0.000039 seconds.
  path: Assets/polyperfect/Low Poly Ultimate Pack/- Materials/Colors/Transparent/RAYS-LPUP.mat
  artifactKey: Guid(b123fed9f08fd4e88b2a8abae23d34e9) Importer(815301076,1909f56bfc062723c751e8b465ee728b)
Number of updated assets reloaded before import = 0
Start importing Assets/polyperfect/Low Poly Ultimate Pack/- Materials/Colors/Transparent/RAYS-LPUP.mat using Guid(b123fed9f08fd4e88b2a8abae23d34e9) Importer(815301076,1909f56bfc062723c751e8b465ee728b)  -> (artifact id: 'a476237e3457aec13a20dfbe4006cc9f') in 0.031144 seconds 
Number of asset objects unloaded after import = 3
========================================================================
Received Import Request.
  Time since last request: 140.746487 seconds.
  path: Assets/polyperfect/Low Poly Ultimate Pack/- Materials/Colors/2 SKIN-DARK-LPUP.mat
  artifactKey: Guid(7a2d84c5fa819415cad63857c2a30b64) Importer(815301076,1909f56bfc062723c751e8b465ee728b)
Number of updated assets reloaded before import = 0
Start importing Assets/polyperfect/Low Poly Ultimate Pack/- Materials/Colors/2 SKIN-DARK-LPUP.mat using Guid(7a2d84c5fa819415cad63857c2a30b64) Importer(815301076,1909f56bfc062723c751e8b465ee728b)  -> (artifact id: 'c6cb73d668ab17aa4ad75921edb2423a') in 0.028076 seconds 
Number of asset objects unloaded after import = 2
========================================================================
Received Import Request.
  Time since last request: 0.000034 seconds.
  path: Assets/polyperfect/Low Poly Ultimate Pack/- Materials/Colors/17 GREY-DARKEST-LPUP.mat
  artifactKey: Guid(c48ed0c67054fc24da0ac1cced5a308c) Importer(815301076,1909f56bfc062723c751e8b465ee728b)
Number of updated assets reloaded before import = 0
Start importing Assets/polyperfect/Low Poly Ultimate Pack/- Materials/Colors/17 GREY-DARKEST-LPUP.mat using Guid(c48ed0c67054fc24da0ac1cced5a308c) Importer(815301076,1909f56bfc062723c751e8b465ee728b)  -> (artifact id: 'd52d5d465bfb4b50a8e16dfbdd1f332d') in 0.034213 seconds 
Number of asset objects unloaded after import = 2
========================================================================
Received Import Request.
  Time since last request: 0.000053 seconds.
  path: Assets/polyperfect/Low Poly Ultimate Pack/- Materials/Colors/5 SKIN-LIGHT-LPUP.mat
  artifactKey: Guid(284c356f2f17a644380d230a1abff44b) Importer(815301076,1909f56bfc062723c751e8b465ee728b)
Number of updated assets reloaded before import = 0
Start importing Assets/polyperfect/Low Poly Ultimate Pack/- Materials/Colors/5 SKIN-LIGHT-LPUP.mat using Guid(284c356f2f17a644380d230a1abff44b) Importer(815301076,1909f56bfc062723c751e8b465ee728b)  -> (artifact id: 'a3740ae6abbb93fa77dad28b6730ca8b') in 0.032855 seconds 
Number of asset objects unloaded after import = 2
========================================================================
Received Import Request.
  Time since last request: 0.000131 seconds.
  path: Assets/polyperfect/Low Poly Ultimate Pack/- Materials/Colors/6 SKIN-LIGHTEST-LPUP.mat
  artifactKey: Guid(d8b3608c06351da4f8e09a879c0ddc66) Importer(815301076,1909f56bfc062723c751e8b465ee728b)
Number of updated assets reloaded before import = 0
Start importing Assets/polyperfect/Low Poly Ultimate Pack/- Materials/Colors/6 SKIN-LIGHTEST-LPUP.mat using Guid(d8b3608c06351da4f8e09a879c0ddc66) Importer(815301076,1909f56bfc062723c751e8b465ee728b)  -> (artifact id: '131712e6953e151cf7f686477903cbb4') in 0.030112 seconds 
Number of asset objects unloaded after import = 2
========================================================================
Received Import Request.
  Time since last request: 0.000103 seconds.
  path: Assets/polyperfect/Low Poly Ultimate Pack/- Materials/Colors/22 GREY-LIGHTEST-LPUP.mat
  artifactKey: Guid(c413883b1f5da43f595f8475353613de) Importer(815301076,1909f56bfc062723c751e8b465ee728b)
Number of updated assets reloaded before import = 0
Start importing Assets/polyperfect/Low Poly Ultimate Pack/- Materials/Colors/22 GREY-LIGHTEST-LPUP.mat using Guid(c413883b1f5da43f595f8475353613de) Importer(815301076,1909f56bfc062723c751e8b465ee728b)  -> (artifact id: 'a1a3f90cd35805889bf21b9dcb88acd2') in 0.033382 seconds 
Number of asset objects unloaded after import = 2
========================================================================
Received Import Request.
  Time since last request: 0.000037 seconds.
  path: Assets/polyperfect/Low Poly Ultimate Pack/- Materials/Colors/15 BROWN-WHITE-LPUP.mat
  artifactKey: Guid(f9c4a99059a34d842b70997d0245fde2) Importer(815301076,1909f56bfc062723c751e8b465ee728b)
Number of updated assets reloaded before import = 0
Start importing Assets/polyperfect/Low Poly Ultimate Pack/- Materials/Colors/15 BROWN-WHITE-LPUP.mat using Guid(f9c4a99059a34d842b70997d0245fde2) Importer(815301076,1909f56bfc062723c751e8b465ee728b)  -> (artifact id: 'edb3023e45c7a7aa386cf50f00397376') in 0.026946 seconds 
Number of asset objects unloaded after import = 2
========================================================================
Received Import Request.
  Time since last request: 0.000053 seconds.
  path: Assets/polyperfect/Low Poly Ultimate Pack/- Materials/Colors/11 BROWN-MEDIUM-LPUP.mat
  artifactKey: Guid(0de74cacf6310c64ca1b6862ba4b219c) Importer(815301076,1909f56bfc062723c751e8b465ee728b)
Number of updated assets reloaded before import = 0
Start importing Assets/polyperfect/Low Poly Ultimate Pack/- Materials/Colors/11 BROWN-MEDIUM-LPUP.mat using Guid(0de74cacf6310c64ca1b6862ba4b219c) Importer(815301076,1909f56bfc062723c751e8b465ee728b)  -> (artifact id: '2b6da3ca7e8c49f5fd16acd39bb256f7') in 0.029269 seconds 
Number of asset objects unloaded after import = 2
========================================================================
Received Import Request.
  Time since last request: 0.000077 seconds.
  path: Assets/polyperfect/Low Poly Ultimate Pack/- Materials/Colors/18 GREY-DARK-LPUP.mat
  artifactKey: Guid(40a353f6117398145a3e785d9854de93) Importer(815301076,1909f56bfc062723c751e8b465ee728b)
Number of updated assets reloaded before import = 0
Start importing Assets/polyperfect/Low Poly Ultimate Pack/- Materials/Colors/18 GREY-DARK-LPUP.mat using Guid(40a353f6117398145a3e785d9854de93) Importer(815301076,1909f56bfc062723c751e8b465ee728b)  -> (artifact id: '829a94a3d365b1b9c6d98ca22a5d2412') in 0.026804 seconds 
Number of asset objects unloaded after import = 2
========================================================================
Received Import Request.
  Time since last request: 0.000045 seconds.
  path: Assets/polyperfect/Low Poly Ultimate Pack/- Materials/Colors/12 BROWN-LPUP.mat
  artifactKey: Guid(d07dc9a550022a74792d211f343e0b16) Importer(815301076,1909f56bfc062723c751e8b465ee728b)
Number of updated assets reloaded before import = 0
Start importing Assets/polyperfect/Low Poly Ultimate Pack/- Materials/Colors/12 BROWN-LPUP.mat using Guid(d07dc9a550022a74792d211f343e0b16) Importer(815301076,1909f56bfc062723c751e8b465ee728b)  -> (artifact id: 'ae912f9bdad5ec6172c9bb2f7d3a4ac5') in 0.025943 seconds 
Number of asset objects unloaded after import = 2
========================================================================
Received Import Request.
  Time since last request: 0.000102 seconds.
  path: Assets/polyperfect/Low Poly Ultimate Pack/- Materials/Colors/19 GREY-MEDIUM-LPUP.mat
  artifactKey: Guid(64a4684ba67ced04c811f6174e678a22) Importer(815301076,1909f56bfc062723c751e8b465ee728b)
Number of updated assets reloaded before import = 0
Start importing Assets/polyperfect/Low Poly Ultimate Pack/- Materials/Colors/19 GREY-MEDIUM-LPUP.mat using Guid(64a4684ba67ced04c811f6174e678a22) Importer(815301076,1909f56bfc062723c751e8b465ee728b)  -> (artifact id: '243ca86c32d660e8645a6bfd048fd5be') in 0.025598 seconds 
Number of asset objects unloaded after import = 2
========================================================================
Received Import Request.
  Time since last request: 0.723036 seconds.
  path: Assets/polyperfect/Low Poly Ultimate Pack/- Materials/Colors/25 RED-DARKEST-LPUP.mat
  artifactKey: Guid(4b6c16c8bf29c9e40bc66796d0674b6e) Importer(815301076,1909f56bfc062723c751e8b465ee728b)
Number of updated assets reloaded before import = 0
Start importing Assets/polyperfect/Low Poly Ultimate Pack/- Materials/Colors/25 RED-DARKEST-LPUP.mat using Guid(4b6c16c8bf29c9e40bc66796d0674b6e) Importer(815301076,1909f56bfc062723c751e8b465ee728b)  -> (artifact id: 'dc2cd672560161456f12a83c4b9d3204') in 0.019195 seconds 
Number of asset objects unloaded after import = 2
========================================================================
Received Import Request.
  Time since last request: 0.000030 seconds.
  path: Assets/polyperfect/Low Poly Ultimate Pack/- Materials/Colors/26 RED-DARK-LPUP.mat
  artifactKey: Guid(48b31daa83ddb854fadd9402702394e4) Importer(815301076,1909f56bfc062723c751e8b465ee728b)
Number of updated assets reloaded before import = 0
Start importing Assets/polyperfect/Low Poly Ultimate Pack/- Materials/Colors/26 RED-DARK-LPUP.mat using Guid(48b31daa83ddb854fadd9402702394e4) Importer(815301076,1909f56bfc062723c751e8b465ee728b)  -> (artifact id: 'f5971d46ca9cfeb4d4bc12a125f1b82e') in 0.026350 seconds 
Number of asset objects unloaded after import = 2
========================================================================
Received Import Request.
  Time since last request: 0.000110 seconds.
  path: Assets/polyperfect/Low Poly Ultimate Pack/- Materials/Colors/27 RED-LPUP.mat
  artifactKey: Guid(1d41f8c57e738e44f9f12fc053be388c) Importer(815301076,1909f56bfc062723c751e8b465ee728b)
Number of updated assets reloaded before import = 0
Start importing Assets/polyperfect/Low Poly Ultimate Pack/- Materials/Colors/27 RED-LPUP.mat using Guid(1d41f8c57e738e44f9f12fc053be388c) Importer(815301076,1909f56bfc062723c751e8b465ee728b)  -> (artifact id: '4cf7fb206520c688f052a76f1a5087ca') in 0.030646 seconds 
Number of asset objects unloaded after import = 2
========================================================================
Received Import Request.
  Time since last request: 0.000039 seconds.
  path: Assets/polyperfect/Low Poly Ultimate Pack/- Materials/Colors/29 ORANGE-LIGHT-LPUP.mat
  artifactKey: Guid(2768469f7f5282a4282f61dbf62e68e2) Importer(815301076,1909f56bfc062723c751e8b465ee728b)
Number of updated assets reloaded before import = 0
Start importing Assets/polyperfect/Low Poly Ultimate Pack/- Materials/Colors/29 ORANGE-LIGHT-LPUP.mat using Guid(2768469f7f5282a4282f61dbf62e68e2) Importer(815301076,1909f56bfc062723c751e8b465ee728b)  -> (artifact id: 'a0d09a7eab454c32f8ee1a947ad0a145') in 0.031727 seconds 
Number of asset objects unloaded after import = 2
========================================================================
Received Import Request.
  Time since last request: 0.345569 seconds.
  path: Assets/polyperfect/Low Poly Ultimate Pack/- Materials/Colors/33 GREEN-DARKEST-LPUP.mat
  artifactKey: Guid(12ca79d1906ac624994fa91e85880fb8) Importer(815301076,1909f56bfc062723c751e8b465ee728b)
Number of updated assets reloaded before import = 0
Start importing Assets/polyperfect/Low Poly Ultimate Pack/- Materials/Colors/33 GREEN-DARKEST-LPUP.mat using Guid(12ca79d1906ac624994fa91e85880fb8) Importer(815301076,1909f56bfc062723c751e8b465ee728b)  -> (artifact id: '7a052a41d8bd3b916b56b6692989dcc0') in 0.022832 seconds 
Number of asset objects unloaded after import = 2
========================================================================
Received Import Request.
  Time since last request: 0.000063 seconds.
  path: Assets/polyperfect/Low Poly Ultimate Pack/- Materials/Colors/42 BLUE-DARK-LPUP.mat
  artifactKey: Guid(b064f99cf70b44e47a02b3c08c5bafb5) Importer(815301076,1909f56bfc062723c751e8b465ee728b)
Number of updated assets reloaded before import = 0
Start importing Assets/polyperfect/Low Poly Ultimate Pack/- Materials/Colors/42 BLUE-DARK-LPUP.mat using Guid(b064f99cf70b44e47a02b3c08c5bafb5) Importer(815301076,1909f56bfc062723c751e8b465ee728b)  -> (artifact id: '95828328251b5e4c31612a86833cb5ae') in 0.028521 seconds 
Number of asset objects unloaded after import = 2
========================================================================
Received Import Request.
  Time since last request: 0.000033 seconds.
  path: Assets/polyperfect/Low Poly Ultimate Pack/- Materials/Colors/36 GREEN-LPUP.mat
  artifactKey: Guid(fb045539f4b18a242aca8e57e88c5cd7) Importer(815301076,1909f56bfc062723c751e8b465ee728b)
Number of updated assets reloaded before import = 0
Start importing Assets/polyperfect/Low Poly Ultimate Pack/- Materials/Colors/36 GREEN-LPUP.mat using Guid(fb045539f4b18a242aca8e57e88c5cd7) Importer(815301076,1909f56bfc062723c751e8b465ee728b)  -> (artifact id: '29385dedc96f022366231e7202554ebc') in 0.028689 seconds 
Number of asset objects unloaded after import = 2
========================================================================
Received Import Request.
  Time since last request: 0.000120 seconds.
  path: Assets/polyperfect/Low Poly Ultimate Pack/- Materials/Colors/45 BLUE-LIGHT-LPUP.mat
  artifactKey: Guid(6a1a1ff74be63374aa9c17b8e7395b39) Importer(815301076,1909f56bfc062723c751e8b465ee728b)
Number of updated assets reloaded before import = 0
Start importing Assets/polyperfect/Low Poly Ultimate Pack/- Materials/Colors/45 BLUE-LIGHT-LPUP.mat using Guid(6a1a1ff74be63374aa9c17b8e7395b39) Importer(815301076,1909f56bfc062723c751e8b465ee728b)  -> (artifact id: 'fea22e68ed5a2084c5aabdb3662aa533') in 0.028760 seconds 
Number of asset objects unloaded after import = 2
========================================================================
Received Import Request.
  Time since last request: 0.000081 seconds.
  path: Assets/polyperfect/Low Poly Ultimate Pack/- Materials/Colors/37 GREEN-LIGHT-LPUP.mat
  artifactKey: Guid(d41a8bca790345f49b3ae205465ff2f8) Importer(815301076,1909f56bfc062723c751e8b465ee728b)
Number of updated assets reloaded before import = 0
Start importing Assets/polyperfect/Low Poly Ultimate Pack/- Materials/Colors/37 GREEN-LIGHT-LPUP.mat using Guid(d41a8bca790345f49b3ae205465ff2f8) Importer(815301076,1909f56bfc062723c751e8b465ee728b)  -> (artifact id: '3107dc998994b3600d68dee2e02d40d0') in 0.024651 seconds 
Number of asset objects unloaded after import = 2
========================================================================
Received Import Request.
  Time since last request: 0.000032 seconds.
  path: Assets/polyperfect/Low Poly Ultimate Pack/- Materials/Colors/35 GREEN-MEDIUM-LPUP.mat
  artifactKey: Guid(87ff71ffc286b91449d2296928632aed) Importer(815301076,1909f56bfc062723c751e8b465ee728b)
Number of updated assets reloaded before import = 0
Start importing Assets/polyperfect/Low Poly Ultimate Pack/- Materials/Colors/35 GREEN-MEDIUM-LPUP.mat using Guid(87ff71ffc286b91449d2296928632aed) Importer(815301076,1909f56bfc062723c751e8b465ee728b)  -> (artifact id: '946028d1fdbfcf3c46f5a93dfbd75237') in 0.026803 seconds 
Number of asset objects unloaded after import = 2
========================================================================
Received Import Request.
  Time since last request: 0.000037 seconds.
  path: Assets/polyperfect/Low Poly Ultimate Pack/- Materials/Colors/44 BLUE-LPUP.mat
  artifactKey: Guid(0d337a70f9e175348909eb917056c239) Importer(815301076,1909f56bfc062723c751e8b465ee728b)
Number of updated assets reloaded before import = 0
Start importing Assets/polyperfect/Low Poly Ultimate Pack/- Materials/Colors/44 BLUE-LPUP.mat using Guid(0d337a70f9e175348909eb917056c239) Importer(815301076,1909f56bfc062723c751e8b465ee728b)  -> (artifact id: '9baf2f675499e0540ac941ee59a6ea09') in 0.025714 seconds 
Number of asset objects unloaded after import = 2
========================================================================
Received Import Request.
  Time since last request: 0.232499 seconds.
  path: Assets/polyperfect/Low Poly Ultimate Pack/- Materials/Colors/49 PINK-DARKEST-LPUP.mat
  artifactKey: Guid(29a84e950ada74848bd4591f0b64bf4d) Importer(815301076,1909f56bfc062723c751e8b465ee728b)
Number of updated assets reloaded before import = 0
Start importing Assets/polyperfect/Low Poly Ultimate Pack/- Materials/Colors/49 PINK-DARKEST-LPUP.mat using Guid(29a84e950ada74848bd4591f0b64bf4d) Importer(815301076,1909f56bfc062723c751e8b465ee728b)  -> (artifact id: '2d9902862a79c35f54959bc093a18aed') in 0.021140 seconds 
Number of asset objects unloaded after import = 2
========================================================================
Received Import Request.
  Time since last request: 0.000066 seconds.
  path: Assets/polyperfect/Low Poly Ultimate Pack/- Materials/Colors/57 BLACK-LPUP.mat
  artifactKey: Guid(66c05709e04ed42a3a537ad26aca9cb8) Importer(815301076,1909f56bfc062723c751e8b465ee728b)
Number of updated assets reloaded before import = 0
Start importing Assets/polyperfect/Low Poly Ultimate Pack/- Materials/Colors/57 BLACK-LPUP.mat using Guid(66c05709e04ed42a3a537ad26aca9cb8) Importer(815301076,1909f56bfc062723c751e8b465ee728b)  -> (artifact id: '940c3ea243b58593c387e519c5c2c56e') in 0.030014 seconds 
Number of asset objects unloaded after import = 2
========================================================================
Received Import Request.
  Time since last request: 0.000090 seconds.
  path: Assets/polyperfect/Low Poly Ultimate Pack/- Materials/Colors/52 PINK-LPUP.mat
  artifactKey: Guid(c44501de50bef411e8f88b70fe39490e) Importer(815301076,1909f56bfc062723c751e8b465ee728b)
Number of updated assets reloaded before import = 0
Start importing Assets/polyperfect/Low Poly Ultimate Pack/- Materials/Colors/52 PINK-LPUP.mat using Guid(c44501de50bef411e8f88b70fe39490e) Importer(815301076,1909f56bfc062723c751e8b465ee728b)  -> (artifact id: 'df79b95a0fd9a135d88bd724699fbfda') in 0.028252 seconds 
Number of asset objects unloaded after import = 2
========================================================================
Received Import Request.
  Time since last request: 0.000101 seconds.
  path: Assets/polyperfect/Low Poly Ultimate Pack/- Materials/Colors/53 PINK-LIGHT-LPUP.mat
  artifactKey: Guid(cc039e4bd41a440f793d0b9f704387d3) Importer(815301076,1909f56bfc062723c751e8b465ee728b)
Number of updated assets reloaded before import = 0
Start importing Assets/polyperfect/Low Poly Ultimate Pack/- Materials/Colors/53 PINK-LIGHT-LPUP.mat using Guid(cc039e4bd41a440f793d0b9f704387d3) Importer(815301076,1909f56bfc062723c751e8b465ee728b)  -> (artifact id: '953ec39607e2017a70e6be1411afd939') in 0.026170 seconds 
Number of asset objects unloaded after import = 2
Editor requested this worker to shutdown with reason: Scaling down because of idle timeout
AssetImportWorker is now disconnected from the server
Process exiting
Exiting without the bug reporter. Application will terminate with return code 0